[2026-04-02T20:42:15.330509+09:00] core.middleware-PermissionMiddleware.INFO: 권한 검사 시작 {"user_id":"f113b666-ff40-4f93-a7e7-8cea4cdc9c28","permission":"web.settings.system.logs"} []
[2026-04-02T20:42:15.334376+09:00] core.middleware-PermissionMiddleware.INFO: PASS → 권한 승인됨 [] []
[2026-04-02T20:42:20.838069+09:00] core.middleware-PermissionMiddleware.INFO: 권한 검사 시작 {"user_id":"f113b666-ff40-4f93-a7e7-8cea4cdc9c28","permission":"web.settings.system.site"} []
[2026-04-02T20:42:20.841413+09:00] core.middleware-PermissionMiddleware.INFO: PASS → 권한 승인됨 [] []
[2026-04-02T20:42:20.975067+09:00] core.middleware-PermissionMiddleware.INFO: 권한 검사 시작 {"user_id":"f113b666-ff40-4f93-a7e7-8cea4cdc9c28","permission":"api.settings.system.site.view"} []
[2026-04-02T20:42:20.978369+09:00] core.middleware-PermissionMiddleware.INFO: PASS → 권한 승인됨 [] []
[2026-04-02T20:42:21.409736+09:00] core.middleware-PermissionMiddleware.INFO: 권한 검사 시작 {"user_id":"f113b666-ff40-4f93-a7e7-8cea4cdc9c28","permission":"web.settings.system.session"} []
[2026-04-02T20:42:21.413048+09:00] core.middleware-PermissionMiddleware.INFO: PASS → 권한 승인됨 [] []
[2026-04-02T20:42:21.615583+09:00] core.middleware-PermissionMiddleware.INFO: 권한 검사 시작 {"user_id":"f113b666-ff40-4f93-a7e7-8cea4cdc9c28","permission":"api.settings.system.session.view"} []
[2026-04-02T20:42:21.618982+09:00] core.middleware-PermissionMiddleware.INFO: PASS → 권한 승인됨 [] []
[2026-04-02T20:42:22.253509+09:00] core.middleware-PermissionMiddleware.INFO: 권한 검사 시작 {"user_id":"f113b666-ff40-4f93-a7e7-8cea4cdc9c28","permission":"web.settings.system.security"} []
[2026-04-02T20:42:22.256734+09:00] core.middleware-PermissionMiddleware.INFO: PASS → 권한 승인됨 [] []
[2026-04-02T20:42:22.398008+09:00] core.middleware-PermissionMiddleware.INFO: 권한 검사 시작 {"user_id":"f113b666-ff40-4f93-a7e7-8cea4cdc9c28","permission":"api.settings.system.security.view"} []
[2026-04-02T20:42:22.401259+09:00] core.middleware-PermissionMiddleware.INFO: PASS → 권한 승인됨 [] []
[2026-04-02T20:42:22.765161+09:00] core.middleware-PermissionMiddleware.INFO: 권한 검사 시작 {"user_id":"f113b666-ff40-4f93-a7e7-8cea4cdc9c28","permission":"web.settings.system.api"} []
[2026-04-02T20:42:22.768504+09:00] core.middleware-PermissionMiddleware.INFO: PASS → 권한 승인됨 [] []
[2026-04-02T20:42:22.940647+09:00] core.middleware-PermissionMiddleware.INFO: 권한 검사 시작 {"user_id":"f113b666-ff40-4f93-a7e7-8cea4cdc9c28","permission":"api.settings.system.api.view"} []
[2026-04-02T20:42:22.944057+09:00] core.middleware-PermissionMiddleware.INFO: PASS → 권한 승인됨 [] []
[2026-04-02T20:42:23.347535+09:00] core.middleware-PermissionMiddleware.INFO: 권한 검사 시작 {"user_id":"f113b666-ff40-4f93-a7e7-8cea4cdc9c28","permission":"web.settings.system.external_services"} []
[2026-04-02T20:42:23.350996+09:00] core.middleware-PermissionMiddleware.INFO: PASS → 권한 승인됨 [] []
[2026-04-02T20:42:23.483825+09:00] core.middleware-PermissionMiddleware.INFO: 권한 검사 시작 {"user_id":"f113b666-ff40-4f93-a7e7-8cea4cdc9c28","permission":"api.settings.system.external.view"} []
[2026-04-02T20:42:23.487316+09:00] core.middleware-PermissionMiddleware.INFO: PASS → 권한 승인됨 [] []
[2026-04-02T20:42:23.950645+09:00] core.middleware-PermissionMiddleware.INFO: 권한 검사 시작 {"user_id":"f113b666-ff40-4f93-a7e7-8cea4cdc9c28","permission":"web.settings.system.storage"} []
[2026-04-02T20:42:23.953939+09:00] core.middleware-PermissionMiddleware.INFO: PASS → 권한 승인됨 [] []
[2026-04-02T20:42:24.104200+09:00] core.middleware-PermissionMiddleware.INFO: 권한 검사 시작 {"user_id":"f113b666-ff40-4f93-a7e7-8cea4cdc9c28","permission":"api.settings.system.storage.policy.view"} []
[2026-04-02T20:42:24.107670+09:00] core.middleware-PermissionMiddleware.INFO: PASS → 권한 승인됨 [] []
[2026-04-02T20:42:24.326709+09:00] core.middleware-PermissionMiddleware.INFO: 권한 검사 시작 {"user_id":"f113b666-ff40-4f93-a7e7-8cea4cdc9c28","permission":"web.settings.system.databasebackup"} []
[2026-04-02T20:42:24.330120+09:00] core.middleware-PermissionMiddleware.INFO: PASS → 권한 승인됨 [] []
[2026-04-02T20:42:24.467974+09:00] core.middleware-PermissionMiddleware.INFO: 권한 검사 시작 {"user_id":"f113b666-ff40-4f93-a7e7-8cea4cdc9c28","permission":"api.settings.system.database.view"} []
[2026-04-02T20:42:24.471788+09:00] core.middleware-PermissionMiddleware.INFO: PASS → 권한 승인됨 [] []
[2026-04-02T20:42:24.541466+09:00] core.middleware-PermissionMiddleware.INFO: 권한 검사 시작 {"user_id":"f113b666-ff40-4f93-a7e7-8cea4cdc9c28","permission":"api.settings.system.database.view"} []
[2026-04-02T20:42:24.544754+09:00] core.middleware-PermissionMiddleware.INFO: PASS → 권한 승인됨 [] []
[2026-04-02T20:42:24.850895+09:00] core.middleware-PermissionMiddleware.INFO: 권한 검사 시작 {"user_id":"f113b666-ff40-4f93-a7e7-8cea4cdc9c28","permission":"api.settings.system.database.view"} []
[2026-04-02T20:42:24.854279+09:00] core.middleware-PermissionMiddleware.INFO: PASS → 권한 승인됨 [] []
[2026-04-02T20:42:24.928654+09:00] core.middleware-PermissionMiddleware.INFO: 권한 검사 시작 {"user_id":"f113b666-ff40-4f93-a7e7-8cea4cdc9c28","permission":"api.settings.system.database.view"} []
[2026-04-02T20:42:24.931875+09:00] core.middleware-PermissionMiddleware.INFO: PASS → 권한 승인됨 [] []
[2026-04-02T20:42:25.000887+09:00] core.middleware-PermissionMiddleware.INFO: 권한 검사 시작 {"user_id":"f113b666-ff40-4f93-a7e7-8cea4cdc9c28","permission":"api.settings.system.database.view"} []
[2026-04-02T20:42:25.004261+09:00] core.middleware-PermissionMiddleware.INFO: PASS → 권한 승인됨 [] []
[2026-04-02T20:42:25.070915+09:00] core.middleware-PermissionMiddleware.INFO: 권한 검사 시작 {"user_id":"f113b666-ff40-4f93-a7e7-8cea4cdc9c28","permission":"web.settings.system.logs"} []
[2026-04-02T20:42:25.074362+09:00] core.middleware-PermissionMiddleware.INFO: PASS → 권한 승인됨 [] []
[2026-04-02T20:42:25.768992+09:00] core.middleware-PermissionMiddleware.INFO: 권한 검사 시작 {"user_id":"f113b666-ff40-4f93-a7e7-8cea4cdc9c28","permission":"web.settings.organization.employees"} []
[2026-04-02T20:42:25.772169+09:00] core.middleware-PermissionMiddleware.INFO: PASS → 권한 승인됨 [] []
[2026-04-02T20:42:26.082176+09:00] core.middleware-PermissionMiddleware.INFO: 권한 검사 시작 {"user_id":"f113b666-ff40-4f93-a7e7-8cea4cdc9c28","permission":"api.file.preview"} []
[2026-04-02T20:42:26.085475+09:00] core.middleware-PermissionMiddleware.INFO: PASS → 권한 승인됨 [] []
[2026-04-02T20:42:27.314688+09:00] core.middleware-PermissionMiddleware.INFO: 권한 검사 시작 {"user_id":"f113b666-ff40-4f93-a7e7-8cea4cdc9c28","permission":"web.settings.organization.approval"} []
[2026-04-02T20:42:27.318405+09:00] core.middleware-PermissionMiddleware.INFO: PASS → 권한 승인됨 [] []
[2026-04-02T20:42:27.486618+09:00] core.middleware-PermissionMiddleware.INFO: 권한 검사 시작 {"user_id":"f113b666-ff40-4f93-a7e7-8cea4cdc9c28","permission":"api.settings.approval.template.list"} []
[2026-04-02T20:42:27.489892+09:00] core.middleware-PermissionMiddleware.INFO: PASS → 권한 승인됨 [] []
[2026-04-02T20:42:28.071943+09:00] core.middleware-PermissionMiddleware.INFO: 권한 검사 시작 {"user_id":"f113b666-ff40-4f93-a7e7-8cea4cdc9c28","permission":"web.settings.organization.role_permissions"} []
[2026-04-02T20:42:28.075459+09:00] core.middleware-PermissionMiddleware.INFO: PASS → 권한 승인됨 [] []
[2026-04-02T20:42:28.208117+09:00] core.middleware-PermissionMiddleware.INFO: 권한 검사 시작 {"user_id":"f113b666-ff40-4f93-a7e7-8cea4cdc9c28","permission":"api.settings.role.list"} []
[2026-04-02T20:42:28.211533+09:00] core.middleware-PermissionMiddleware.INFO: PASS → 권한 승인됨 [] []
[2026-04-02T20:42:28.672491+09:00] core.middleware-PermissionMiddleware.INFO: 권한 검사 시작 {"user_id":"f113b666-ff40-4f93-a7e7-8cea4cdc9c28","permission":"web.settings.organization.permissions"} []
[2026-04-02T20:42:28.675876+09:00] core.middleware-PermissionMiddleware.INFO: PASS → 권한 승인됨 [] []
[2026-04-02T20:42:28.809974+09:00] core.middleware-PermissionMiddleware.INFO: 권한 검사 시작 {"user_id":"f113b666-ff40-4f93-a7e7-8cea4cdc9c28","permission":"api.settings.permission.list"} []
[2026-04-02T20:42:28.813742+09:00] core.middleware-PermissionMiddleware.INFO: PASS → 권한 승인됨 [] []
[2026-04-02T20:42:29.500568+09:00] core.middleware-PermissionMiddleware.INFO: 권한 검사 시작 {"user_id":"f113b666-ff40-4f93-a7e7-8cea4cdc9c28","permission":"web.settings.organization.roles"} []
[2026-04-02T20:42:29.503878+09:00] core.middleware-PermissionMiddleware.INFO: PASS → 권한 승인됨 [] []
[2026-04-02T20:42:29.643853+09:00] core.middleware-PermissionMiddleware.INFO: 권한 검사 시작 {"user_id":"f113b666-ff40-4f93-a7e7-8cea4cdc9c28","permission":"api.settings.role.list"} []
[2026-04-02T20:42:29.647031+09:00] core.middleware-PermissionMiddleware.INFO: PASS → 권한 승인됨 [] []
[2026-04-02T20:42:30.099825+09:00] core.middleware-PermissionMiddleware.INFO: 권한 검사 시작 {"user_id":"f113b666-ff40-4f93-a7e7-8cea4cdc9c28","permission":"web.settings.organization.positions"} []
[2026-04-02T20:42:30.103099+09:00] core.middleware-PermissionMiddleware.INFO: PASS → 권한 승인됨 [] []
[2026-04-02T20:42:30.839270+09:00] core.middleware-PermissionMiddleware.INFO: 권한 검사 시작 {"user_id":"f113b666-ff40-4f93-a7e7-8cea4cdc9c28","permission":"web.settings.organization.departments"} []
[2026-04-02T20:42:30.842584+09:00] core.middleware-PermissionMiddleware.INFO: PASS → 권한 승인됨 [] []
[2026-04-02T20:42:31.558433+09:00] core.middleware-PermissionMiddleware.INFO: 권한 검사 시작 {"user_id":"f113b666-ff40-4f93-a7e7-8cea4cdc9c28","permission":"web.settings.organization.employees"} []
[2026-04-02T20:42:31.561900+09:00] core.middleware-PermissionMiddleware.INFO: PASS → 권한 승인됨 [] []
[2026-04-02T20:42:31.826075+09:00] core.middleware-PermissionMiddleware.INFO: 권한 검사 시작 {"user_id":"f113b666-ff40-4f93-a7e7-8cea4cdc9c28","permission":"api.file.preview"} []
[2026-04-02T20:42:31.829184+09:00] core.middleware-PermissionMiddleware.INFO: PASS → 권한 승인됨 [] []
[2026-04-02T20:42:33.975792+09:00] core.middleware-PermissionMiddleware.INFO: 권한 검사 시작 {"user_id":"f113b666-ff40-4f93-a7e7-8cea4cdc9c28","permission":"web.settings.baseinfo.company"} []
[2026-04-02T20:42:33.979102+09:00] core.middleware-PermissionMiddleware.INFO: PASS → 권한 승인됨 [] []
[2026-04-02T20:42:34.137482+09:00] core.middleware-PermissionMiddleware.INFO: 권한 검사 시작 {"user_id":"f113b666-ff40-4f93-a7e7-8cea4cdc9c28","permission":"api.settings.base-info.company.view"} []
[2026-04-02T20:42:34.140737+09:00] core.middleware-PermissionMiddleware.INFO: PASS → 권한 승인됨 [] []
[2026-04-02T20:42:35.108474+09:00] core.middleware-PermissionMiddleware.INFO: 권한 검사 시작 {"user_id":"f113b666-ff40-4f93-a7e7-8cea4cdc9c28","permission":"web.settings.baseinfo.clients"} []
[2026-04-02T20:42:35.111988+09:00] core.middleware-PermissionMiddleware.INFO: PASS → 권한 승인됨 [] []
[2026-04-02T20:42:35.267833+09:00] core.middleware-PermissionMiddleware.INFO: 권한 검사 시작 {"user_id":"f113b666-ff40-4f93-a7e7-8cea4cdc9c28","permission":"api.settings.base-info.client.list"} []
[2026-04-02T20:42:35.271091+09:00] core.middleware-PermissionMiddleware.INFO: PASS → 권한 승인됨 [] []
[2026-04-02T20:42:37.550602+09:00] core.middleware-PermissionMiddleware.INFO: 권한 검사 시작 {"user_id":"f113b666-ff40-4f93-a7e7-8cea4cdc9c28","permission":"web.settings.baseinfo.projects"} []
[2026-04-02T20:42:37.554014+09:00] core.middleware-PermissionMiddleware.INFO: PASS → 권한 승인됨 [] []
[2026-04-02T20:42:37.713677+09:00] core.middleware-PermissionMiddleware.INFO: 권한 검사 시작 {"user_id":"f113b666-ff40-4f93-a7e7-8cea4cdc9c28","permission":"api.settings.base-info.project.list"} []
[2026-04-02T20:42:37.717100+09:00] core.middleware-PermissionMiddleware.INFO: PASS → 권한 승인됨 [] []
[2026-04-02T20:42:39.089401+09:00] core.middleware-PermissionMiddleware.INFO: 권한 검사 시작 {"user_id":"f113b666-ff40-4f93-a7e7-8cea4cdc9c28","permission":"web.settings.organization.employees"} []
[2026-04-02T20:42:39.092773+09:00] core.middleware-PermissionMiddleware.INFO: PASS → 권한 승인됨 [] []
[2026-04-02T20:42:39.373060+09:00] core.middleware-PermissionMiddleware.INFO: 권한 검사 시작 {"user_id":"f113b666-ff40-4f93-a7e7-8cea4cdc9c28","permission":"api.file.preview"} []
[2026-04-02T20:42:39.376196+09:00] core.middleware-PermissionMiddleware.INFO: PASS → 권한 승인됨 [] []
[2026-04-02T20:43:41.777384+09:00] core.middleware-PermissionMiddleware.INFO: 권한 검사 시작 {"user_id":"f113b666-ff40-4f93-a7e7-8cea4cdc9c28","permission":"web.settings.baseinfo.company"} []
[2026-04-02T20:43:41.781334+09:00] core.middleware-PermissionMiddleware.INFO: PASS → 권한 승인됨 [] []
[2026-04-02T20:43:41.996927+09:00] core.middleware-PermissionMiddleware.INFO: 권한 검사 시작 {"user_id":"f113b666-ff40-4f93-a7e7-8cea4cdc9c28","permission":"api.settings.base-info.company.view"} []
[2026-04-02T20:43:42.000332+09:00] core.middleware-PermissionMiddleware.INFO: PASS → 권한 승인됨 [] []
[2026-04-02T20:48:12.245555+09:00] core.middleware-PermissionMiddleware.INFO: 권한 검사 시작 {"user_id":"f113b666-ff40-4f93-a7e7-8cea4cdc9c28","permission":"web.settings.system.site"} []
[2026-04-02T20:48:12.249034+09:00] core.middleware-PermissionMiddleware.INFO: PASS → 권한 승인됨 [] []
[2026-04-02T20:48:12.468260+09:00] core.middleware-PermissionMiddleware.INFO: 권한 검사 시작 {"user_id":"f113b666-ff40-4f93-a7e7-8cea4cdc9c28","permission":"api.settings.system.site.view"} []
[2026-04-02T20:48:12.471360+09:00] core.middleware-PermissionMiddleware.INFO: PASS → 권한 승인됨 [] []
[2026-04-02T20:48:18.852962+09:00] core.middleware-PermissionMiddleware.INFO: 권한 검사 시작 {"user_id":"f113b666-ff40-4f93-a7e7-8cea4cdc9c28","permission":"web.settings.system.session"} []
[2026-04-02T20:48:18.856471+09:00] core.middleware-PermissionMiddleware.INFO: PASS → 권한 승인됨 [] []
[2026-04-02T20:48:19.001813+09:00] core.middleware-PermissionMiddleware.INFO: 권한 검사 시작 {"user_id":"f113b666-ff40-4f93-a7e7-8cea4cdc9c28","permission":"api.settings.system.session.view"} []
[2026-04-02T20:48:19.005324+09:00] core.middleware-PermissionMiddleware.INFO: PASS → 권한 승인됨 [] []
[2026-04-02T20:48:35.099707+09:00] core.middleware-PermissionMiddleware.INFO: 권한 검사 시작 {"user_id":"f113b666-ff40-4f93-a7e7-8cea4cdc9c28","permission":"web.settings.system.site"} []
[2026-04-02T20:48:35.103114+09:00] core.middleware-PermissionMiddleware.INFO: PASS → 권한 승인됨 [] []
[2026-04-02T20:48:35.261149+09:00] core.middleware-PermissionMiddleware.INFO: 권한 검사 시작 {"user_id":"f113b666-ff40-4f93-a7e7-8cea4cdc9c28","permission":"api.settings.system.site.view"} []
[2026-04-02T20:48:35.264197+09:00] core.middleware-PermissionMiddleware.INFO: PASS → 권한 승인됨 [] []
[2026-04-02T21:02:10.962967+09:00] core.middleware-PermissionMiddleware.INFO: 권한 검사 시작 {"user_id":"f113b666-ff40-4f93-a7e7-8cea4cdc9c28","permission":"web.settings.system.session"} []
[2026-04-02T21:02:10.966400+09:00] core.middleware-PermissionMiddleware.INFO: PASS → 권한 승인됨 [] []
[2026-04-02T21:02:11.144838+09:00] core.middleware-PermissionMiddleware.INFO: 권한 검사 시작 {"user_id":"f113b666-ff40-4f93-a7e7-8cea4cdc9c28","permission":"api.settings.system.session.view"} []
[2026-04-02T21:02:11.148164+09:00] core.middleware-PermissionMiddleware.INFO: PASS → 권한 승인됨 [] []
[2026-04-02T21:02:11.479542+09:00] core.middleware-PermissionMiddleware.INFO: 권한 검사 시작 {"user_id":"f113b666-ff40-4f93-a7e7-8cea4cdc9c28","permission":"web.settings.system.security"} []
[2026-04-02T21:02:11.482866+09:00] core.middleware-PermissionMiddleware.INFO: PASS → 권한 승인됨 [] []
[2026-04-02T21:02:11.720746+09:00] core.middleware-PermissionMiddleware.INFO: 권한 검사 시작 {"user_id":"f113b666-ff40-4f93-a7e7-8cea4cdc9c28","permission":"api.settings.system.security.view"} []
[2026-04-02T21:02:11.732215+09:00] core.middleware-PermissionMiddleware.INFO: PASS → 권한 승인됨 [] []
[2026-04-02T21:02:12.041139+09:00] core.middleware-PermissionMiddleware.INFO: 권한 검사 시작 {"user_id":"f113b666-ff40-4f93-a7e7-8cea4cdc9c28","permission":"web.settings.system.api"} []
[2026-04-02T21:02:12.044373+09:00] core.middleware-PermissionMiddleware.INFO: PASS → 권한 승인됨 [] []
[2026-04-02T21:02:12.219970+09:00] core.middleware-PermissionMiddleware.INFO: 권한 검사 시작 {"user_id":"f113b666-ff40-4f93-a7e7-8cea4cdc9c28","permission":"api.settings.system.api.view"} []
[2026-04-02T21:02:12.223462+09:00] core.middleware-PermissionMiddleware.INFO: PASS → 권한 승인됨 [] []
[2026-04-02T21:02:12.700451+09:00] core.middleware-PermissionMiddleware.INFO: 권한 검사 시작 {"user_id":"f113b666-ff40-4f93-a7e7-8cea4cdc9c28","permission":"web.settings.system.external_services"} []
[2026-04-02T21:02:12.703919+09:00] core.middleware-PermissionMiddleware.INFO: PASS → 권한 승인됨 [] []
[2026-04-02T21:02:12.840191+09:00] core.middleware-PermissionMiddleware.INFO: 권한 검사 시작 {"user_id":"f113b666-ff40-4f93-a7e7-8cea4cdc9c28","permission":"api.settings.system.external.view"} []
[2026-04-02T21:02:12.844488+09:00] core.middleware-PermissionMiddleware.INFO: PASS → 권한 승인됨 [] []
[2026-04-02T21:02:13.178750+09:00] core.middleware-PermissionMiddleware.INFO: 권한 검사 시작 {"user_id":"f113b666-ff40-4f93-a7e7-8cea4cdc9c28","permission":"web.settings.system.storage"} []
[2026-04-02T21:02:13.182052+09:00] core.middleware-PermissionMiddleware.INFO: PASS → 권한 승인됨 [] []
[2026-04-02T21:02:13.374659+09:00] core.middleware-PermissionMiddleware.INFO: 권한 검사 시작 {"user_id":"f113b666-ff40-4f93-a7e7-8cea4cdc9c28","permission":"api.settings.system.storage.policy.view"} []
[2026-04-02T21:02:13.377823+09:00] core.middleware-PermissionMiddleware.INFO: PASS → 권한 승인됨 [] []
[2026-04-02T21:02:13.739284+09:00] core.middleware-PermissionMiddleware.INFO: 권한 검사 시작 {"user_id":"f113b666-ff40-4f93-a7e7-8cea4cdc9c28","permission":"web.settings.system.databasebackup"} []
[2026-04-02T21:02:13.742535+09:00] core.middleware-PermissionMiddleware.INFO: PASS → 권한 승인됨 [] []
[2026-04-02T21:02:13.911863+09:00] core.middleware-PermissionMiddleware.INFO: 권한 검사 시작 {"user_id":"f113b666-ff40-4f93-a7e7-8cea4cdc9c28","permission":"api.settings.system.database.view"} []
[2026-04-02T21:02:13.915715+09:00] core.middleware-PermissionMiddleware.INFO: PASS → 권한 승인됨 [] []
[2026-04-02T21:02:13.986404+09:00] core.middleware-PermissionMiddleware.INFO: 권한 검사 시작 {"user_id":"f113b666-ff40-4f93-a7e7-8cea4cdc9c28","permission":"api.settings.system.database.view"} []
[2026-04-02T21:02:13.989596+09:00] core.middleware-PermissionMiddleware.INFO: PASS → 권한 승인됨 [] []
[2026-04-02T21:02:14.059441+09:00] core.middleware-PermissionMiddleware.INFO: 권한 검사 시작 {"user_id":"f113b666-ff40-4f93-a7e7-8cea4cdc9c28","permission":"api.settings.system.database.view"} []
[2026-04-02T21:02:14.062923+09:00] core.middleware-PermissionMiddleware.INFO: PASS → 권한 승인됨 [] []
[2026-04-02T21:02:14.143044+09:00] core.middleware-PermissionMiddleware.INFO: 권한 검사 시작 {"user_id":"f113b666-ff40-4f93-a7e7-8cea4cdc9c28","permission":"api.settings.system.database.view"} []
[2026-04-02T21:02:14.146542+09:00] core.middleware-PermissionMiddleware.INFO: PASS → 권한 승인됨 [] []
[2026-04-02T21:02:14.213162+09:00] core.middleware-PermissionMiddleware.INFO: 권한 검사 시작 {"user_id":"f113b666-ff40-4f93-a7e7-8cea4cdc9c28","permission":"api.settings.system.database.view"} []
[2026-04-02T21:02:14.216468+09:00] core.middleware-PermissionMiddleware.INFO: PASS → 권한 승인됨 [] []
[2026-04-02T21:02:14.556298+09:00] core.middleware-PermissionMiddleware.INFO: 권한 검사 시작 {"user_id":"f113b666-ff40-4f93-a7e7-8cea4cdc9c28","permission":"web.settings.system.logs"} []
[2026-04-02T21:02:14.564340+09:00] core.middleware-PermissionMiddleware.INFO: PASS → 권한 승인됨 [] []
[2026-04-02T21:02:15.652093+09:00] core.middleware-PermissionMiddleware.INFO: 권한 검사 시작 {"user_id":"f113b666-ff40-4f93-a7e7-8cea4cdc9c28","permission":"web.settings.system.site"} []
[2026-04-02T21:02:15.656065+09:00] core.middleware-PermissionMiddleware.INFO: PASS → 권한 승인됨 [] []
[2026-04-02T21:02:15.858946+09:00] core.middleware-PermissionMiddleware.INFO: 권한 검사 시작 {"user_id":"f113b666-ff40-4f93-a7e7-8cea4cdc9c28","permission":"api.settings.system.site.view"} []
[2026-04-02T21:02:15.862256+09:00] core.middleware-PermissionMiddleware.INFO: PASS → 권한 승인됨 [] []
[2026-04-02T21:02:16.525460+09:00] core.middleware-PermissionMiddleware.INFO: 권한 검사 시작 {"user_id":"f113b666-ff40-4f93-a7e7-8cea4cdc9c28","permission":"web.settings.system.session"} []
[2026-04-02T21:02:16.529854+09:00] core.middleware-PermissionMiddleware.INFO: PASS → 권한 승인됨 [] []
[2026-04-02T21:02:16.662699+09:00] core.middleware-PermissionMiddleware.INFO: 권한 검사 시작 {"user_id":"f113b666-ff40-4f93-a7e7-8cea4cdc9c28","permission":"api.settings.system.session.view"} []
[2026-04-02T21:02:16.665933+09:00] core.middleware-PermissionMiddleware.INFO: PASS → 권한 승인됨 [] []
[2026-04-02T21:02:17.530464+09:00] core.middleware-PermissionMiddleware.INFO: 권한 검사 시작 {"user_id":"f113b666-ff40-4f93-a7e7-8cea4cdc9c28","permission":"web.settings.baseinfo.company"} []
[2026-04-02T21:02:17.533763+09:00] core.middleware-PermissionMiddleware.INFO: PASS → 권한 승인됨 [] []
[2026-04-02T21:02:17.667306+09:00] core.middleware-PermissionMiddleware.INFO: 권한 검사 시작 {"user_id":"f113b666-ff40-4f93-a7e7-8cea4cdc9c28","permission":"api.settings.base-info.company.view"} []
[2026-04-02T21:02:17.670524+09:00] core.middleware-PermissionMiddleware.INFO: PASS → 권한 승인됨 [] []
[2026-04-02T21:02:18.695943+09:00] core.middleware-PermissionMiddleware.INFO: 권한 검사 시작 {"user_id":"f113b666-ff40-4f93-a7e7-8cea4cdc9c28","permission":"web.settings.baseinfo.clients"} []
[2026-04-02T21:02:18.699714+09:00] core.middleware-PermissionMiddleware.INFO: PASS → 권한 승인됨 [] []
[2026-04-02T21:02:18.910131+09:00] core.middleware-PermissionMiddleware.INFO: 권한 검사 시작 {"user_id":"f113b666-ff40-4f93-a7e7-8cea4cdc9c28","permission":"api.settings.base-info.client.list"} []
[2026-04-02T21:02:18.913500+09:00] core.middleware-PermissionMiddleware.INFO: PASS → 권한 승인됨 [] []
[2026-04-02T21:02:19.750649+09:00] core.middleware-PermissionMiddleware.INFO: 권한 검사 시작 {"user_id":"f113b666-ff40-4f93-a7e7-8cea4cdc9c28","permission":"web.settings.baseinfo.projects"} []
[2026-04-02T21:02:19.753946+09:00] core.middleware-PermissionMiddleware.INFO: PASS → 권한 승인됨 [] []
[2026-04-02T21:02:20.002111+09:00] core.middleware-PermissionMiddleware.INFO: 권한 검사 시작 {"user_id":"f113b666-ff40-4f93-a7e7-8cea4cdc9c28","permission":"api.settings.base-info.project.list"} []
[2026-04-02T21:02:20.005818+09:00] core.middleware-PermissionMiddleware.INFO: PASS → 권한 승인됨 [] []
[2026-04-02T21:02:22.002395+09:00] core.middleware-PermissionMiddleware.INFO: 권한 검사 시작 {"user_id":"f113b666-ff40-4f93-a7e7-8cea4cdc9c28","permission":"web.settings.baseinfo.clients"} []
[2026-04-02T21:02:22.006060+09:00] core.middleware-PermissionMiddleware.INFO: PASS → 권한 승인됨 [] []
[2026-04-02T21:02:22.103437+09:00] core.middleware-PermissionMiddleware.INFO: 권한 검사 시작 {"user_id":"f113b666-ff40-4f93-a7e7-8cea4cdc9c28","permission":"web.settings.baseinfo.cover"} []
[2026-04-02T21:02:22.106716+09:00] core.middleware-PermissionMiddleware.INFO: PASS → 권한 승인됨 [] []
[2026-04-02T21:02:22.262218+09:00] core.middleware-PermissionMiddleware.INFO: 권한 검사 시작 {"user_id":"f113b666-ff40-4f93-a7e7-8cea4cdc9c28","permission":"api.settings.base-info.cover.list"} []
[2026-04-02T21:02:22.265689+09:00] core.middleware-PermissionMiddleware.INFO: PASS → 권한 승인됨 [] []
[2026-04-02T21:02:22.913753+09:00] core.middleware-PermissionMiddleware.INFO: 권한 검사 시작 {"user_id":"f113b666-ff40-4f93-a7e7-8cea4cdc9c28","permission":"web.settings.baseinfo.clients"} []
[2026-04-02T21:02:22.916933+09:00] core.middleware-PermissionMiddleware.INFO: PASS → 권한 승인됨 [] []
[2026-04-02T21:02:23.075022+09:00] core.middleware-PermissionMiddleware.INFO: 권한 검사 시작 {"user_id":"f113b666-ff40-4f93-a7e7-8cea4cdc9c28","permission":"api.settings.base-info.client.list"} []
[2026-04-02T21:02:23.078813+09:00] core.middleware-PermissionMiddleware.INFO: PASS → 권한 승인됨 [] []
[2026-04-02T21:02:23.712425+09:00] core.middleware-PermissionMiddleware.INFO: 권한 검사 시작 {"user_id":"f113b666-ff40-4f93-a7e7-8cea4cdc9c28","permission":"web.settings.baseinfo.cover"} []
[2026-04-02T21:02:23.716122+09:00] core.middleware-PermissionMiddleware.INFO: PASS → 권한 승인됨 [] []
[2026-04-02T21:02:23.870377+09:00] core.middleware-PermissionMiddleware.INFO: 권한 검사 시작 {"user_id":"f113b666-ff40-4f93-a7e7-8cea4cdc9c28","permission":"api.settings.base-info.cover.list"} []
[2026-04-02T21:02:23.874140+09:00] core.middleware-PermissionMiddleware.INFO: PASS → 권한 승인됨 [] []
[2026-04-02T21:02:26.964361+09:00] core.middleware-PermissionMiddleware.INFO: 권한 검사 시작 {"user_id":"f113b666-ff40-4f93-a7e7-8cea4cdc9c28","permission":"web.settings.system.site"} []
[2026-04-02T21:02:26.967443+09:00] core.middleware-PermissionMiddleware.INFO: PASS → 권한 승인됨 [] []
[2026-04-02T21:02:27.094519+09:00] core.middleware-PermissionMiddleware.INFO: 권한 검사 시작 {"user_id":"f113b666-ff40-4f93-a7e7-8cea4cdc9c28","permission":"api.settings.system.site.view"} []
[2026-04-02T21:02:27.097862+09:00] core.middleware-PermissionMiddleware.INFO: PASS → 권한 승인됨 [] []
[2026-04-02T21:02:27.812536+09:00] core.middleware-PermissionMiddleware.INFO: 권한 검사 시작 {"user_id":"f113b666-ff40-4f93-a7e7-8cea4cdc9c28","permission":"web.settings.organization.employees"} []
[2026-04-02T21:02:27.815559+09:00] core.middleware-PermissionMiddleware.INFO: PASS → 권한 승인됨 [] []
[2026-04-02T21:02:28.058597+09:00] core.middleware-PermissionMiddleware.INFO: 권한 검사 시작 {"user_id":"f113b666-ff40-4f93-a7e7-8cea4cdc9c28","permission":"api.file.preview"} []
[2026-04-02T21:02:28.061735+09:00] core.middleware-PermissionMiddleware.INFO: PASS → 권한 승인됨 [] []
[2026-04-02T21:02:28.652106+09:00] core.middleware-PermissionMiddleware.INFO: 권한 검사 시작 {"user_id":"f113b666-ff40-4f93-a7e7-8cea4cdc9c28","permission":"web.settings.baseinfo.company"} []
[2026-04-02T21:02:28.655577+09:00] core.middleware-PermissionMiddleware.INFO: PASS → 권한 승인됨 [] []
[2026-04-02T21:02:28.801176+09:00] core.middleware-PermissionMiddleware.INFO: 권한 검사 시작 {"user_id":"f113b666-ff40-4f93-a7e7-8cea4cdc9c28","permission":"api.settings.base-info.company.view"} []
[2026-04-02T21:02:28.804461+09:00] core.middleware-PermissionMiddleware.INFO: PASS → 권한 승인됨 [] []
[2026-04-02T21:02:33.653985+09:00] core.middleware-PermissionMiddleware.INFO: 권한 검사 시작 {"user_id":"f113b666-ff40-4f93-a7e7-8cea4cdc9c28","permission":"web.settings.baseinfo.brand_logo"} []
[2026-04-02T21:02:33.657393+09:00] core.middleware-PermissionMiddleware.INFO: PASS → 권한 승인됨 [] []
[2026-04-02T21:02:33.783330+09:00] core.middleware-PermissionMiddleware.INFO: 권한 검사 시작 {"user_id":"f113b666-ff40-4f93-a7e7-8cea4cdc9c28","permission":"api.settings.base-info.brand.view"} []
[2026-04-02T21:02:33.786394+09:00] core.middleware-PermissionMiddleware.INFO: PASS → 권한 승인됨 [] []
[2026-04-02T21:02:33.860633+09:00] core.middleware-PermissionMiddleware.INFO: 권한 검사 시작 {"user_id":"f113b666-ff40-4f93-a7e7-8cea4cdc9c28","permission":"api.settings.base-info.brand.view"} []
[2026-04-02T21:02:33.864512+09:00] core.middleware-PermissionMiddleware.INFO: PASS → 권한 승인됨 [] []
[2026-04-02T21:02:33.942039+09:00] core.middleware-PermissionMiddleware.INFO: 권한 검사 시작 {"user_id":"f113b666-ff40-4f93-a7e7-8cea4cdc9c28","permission":"api.settings.base-info.brand.view"} []
[2026-04-02T21:02:33.945467+09:00] core.middleware-PermissionMiddleware.INFO: PASS → 권한 승인됨 [] []
[2026-04-02T21:02:34.016663+09:00] core.middleware-PermissionMiddleware.INFO: 권한 검사 시작 {"user_id":"f113b666-ff40-4f93-a7e7-8cea4cdc9c28","permission":"api.settings.base-info.brand.list"} []
[2026-04-02T21:02:34.020004+09:00] core.middleware-PermissionMiddleware.INFO: PASS → 권한 승인됨 [] []
[2026-04-02T21:02:34.149896+09:00] core.middleware-PermissionMiddleware.INFO: 권한 검사 시작 {"user_id":"f113b666-ff40-4f93-a7e7-8cea4cdc9c28","permission":"web.settings.baseinfo.cover"} []
[2026-04-02T21:02:34.153001+09:00] core.middleware-PermissionMiddleware.INFO: PASS → 권한 승인됨 [] []
[2026-04-02T21:02:34.329016+09:00] core.middleware-PermissionMiddleware.INFO: 권한 검사 시작 {"user_id":"f113b666-ff40-4f93-a7e7-8cea4cdc9c28","permission":"api.settings.base-info.cover.list"} []
[2026-04-02T21:02:34.332370+09:00] core.middleware-PermissionMiddleware.INFO: PASS → 권한 승인됨 [] []
[2026-04-02T21:02:35.097596+09:00] core.middleware-PermissionMiddleware.INFO: 권한 검사 시작 {"user_id":"f113b666-ff40-4f93-a7e7-8cea4cdc9c28","permission":"web.settings.baseinfo.clients"} []
[2026-04-02T21:02:35.100907+09:00] core.middleware-PermissionMiddleware.INFO: PASS → 권한 승인됨 [] []
[2026-04-02T21:02:35.266678+09:00] core.middleware-PermissionMiddleware.INFO: 권한 검사 시작 {"user_id":"f113b666-ff40-4f93-a7e7-8cea4cdc9c28","permission":"api.settings.base-info.client.list"} []
[2026-04-02T21:02:35.270661+09:00] core.middleware-PermissionMiddleware.INFO: PASS → 권한 승인됨 [] []
[2026-04-02T21:02:36.289603+09:00] core.middleware-PermissionMiddleware.INFO: 권한 검사 시작 {"user_id":"f113b666-ff40-4f93-a7e7-8cea4cdc9c28","permission":"web.settings.baseinfo.projects"} []
[2026-04-02T21:02:36.292970+09:00] core.middleware-PermissionMiddleware.INFO: PASS → 권한 승인됨 [] []
[2026-04-02T21:02:36.515737+09:00] core.middleware-PermissionMiddleware.INFO: 권한 검사 시작 {"user_id":"f113b666-ff40-4f93-a7e7-8cea4cdc9c28","permission":"api.settings.base-info.project.list"} []
[2026-04-02T21:02:36.519097+09:00] core.middleware-PermissionMiddleware.INFO: PASS → 권한 승인됨 [] []
[2026-04-02T21:03:01.428664+09:00] core.middleware-PermissionMiddleware.INFO: 권한 검사 시작 {"user_id":"f113b666-ff40-4f93-a7e7-8cea4cdc9c28","permission":"api.settings.base-info.project.trash"} []
[2026-04-02T21:03:01.432197+09:00] core.middleware-PermissionMiddleware.INFO: PASS → 권한 승인됨 [] []
