[2026-04-03T08:21:46.007109+09:00] core-middleware.AuthMiddleware.INFO: AUTH MIDDLEWARE → 요청 감지 {"path":"home","controller":"home","logged_in":false} []
[2026-04-03T08:21:46.007492+09:00] core-middleware.AuthMiddleware.INFO: PASS → 공개 라우트 접근 허용됨 [] []
[2026-04-03T08:22:04.695690+09:00] core-middleware.AuthMiddleware.INFO: AUTH MIDDLEWARE → 요청 감지 {"path":"login","controller":"login","logged_in":false} []
[2026-04-03T08:22:04.695806+09:00] core-middleware.AuthMiddleware.INFO: PASS → 공개 라우트 접근 허용됨 [] []
[2026-04-03T08:22:06.751464+09:00] core-middleware.AuthMiddleware.INFO: AUTH MIDDLEWARE → 요청 감지 {"path":"api/auth/login","controller":"api","logged_in":false} []
[2026-04-03T08:22:06.751582+09:00] core-middleware.AuthMiddleware.INFO: PASS → API 요청 인증 예외 처리됨 [] []
[2026-04-03T08:22:09.430231+09:00] core-middleware.AuthMiddleware.INFO: AUTH MIDDLEWARE → 요청 감지 {"path":"dashboard","controller":"dashboard","logged_in":true} []
[2026-04-03T08:22:09.430339+09:00] core-middleware.AuthMiddleware.INFO: PASS → 보호된 prefix 접근 (로그인됨) {"prefix":"dashboard"} []
[2026-04-03T08:22:11.809965+09:00] core-middleware.AuthMiddleware.INFO: AUTH MIDDLEWARE → 요청 감지 {"path":"dashboard/settings","controller":"dashboard","logged_in":true} []
[2026-04-03T08:22:11.810085+09:00] core-middleware.AuthMiddleware.INFO: PASS → 보호된 prefix 접근 (로그인됨) {"prefix":"dashboard"} []
[2026-04-03T08:22:12.083682+09:00] core-middleware.AuthMiddleware.INFO: AUTH MIDDLEWARE → 요청 감지 {"path":"api/settings/base-info/company/detail","controller":"api","logged_in":true} []
[2026-04-03T08:22:12.083782+09:00] core-middleware.AuthMiddleware.INFO: PASS → API 요청 인증 예외 처리됨 [] []
[2026-04-03T08:22:15.214714+09:00] core-middleware.AuthMiddleware.INFO: AUTH MIDDLEWARE → 요청 감지 {"path":"dashboard/settings/organization/employees","controller":"dashboard","logged_in":true} []
[2026-04-03T08:22:15.214823+09:00] core-middleware.AuthMiddleware.INFO: PASS → 보호된 prefix 접근 (로그인됨) {"prefix":"dashboard"} []
[2026-04-03T08:22:20.554468+09:00] core-middleware.AuthMiddleware.INFO: AUTH MIDDLEWARE → 요청 감지 {"path":"api/settings/employee/list","controller":"api","logged_in":true} []
[2026-04-03T08:22:20.554574+09:00] core-middleware.AuthMiddleware.INFO: PASS → API 요청 인증 예외 처리됨 [] []
[2026-04-03T08:22:21.177152+09:00] core-middleware.AuthMiddleware.INFO: AUTH MIDDLEWARE → 요청 감지 {"path":"dashboard/settings/system/site","controller":"dashboard","logged_in":true} []
[2026-04-03T08:22:21.177256+09:00] core-middleware.AuthMiddleware.INFO: PASS → 보호된 prefix 접근 (로그인됨) {"prefix":"dashboard"} []
[2026-04-03T08:22:21.325973+09:00] core-middleware.AuthMiddleware.INFO: AUTH MIDDLEWARE → 요청 감지 {"path":"api/file/preview","controller":"api","logged_in":true} []
[2026-04-03T08:22:21.326081+09:00] core-middleware.AuthMiddleware.INFO: PASS → API 요청 인증 예외 처리됨 [] []
[2026-04-03T08:22:21.514653+09:00] core-middleware.AuthMiddleware.INFO: AUTH MIDDLEWARE → 요청 감지 {"path":"api/settings/system/site/get","controller":"api","logged_in":true} []
[2026-04-03T08:22:21.514773+09:00] core-middleware.AuthMiddleware.INFO: PASS → API 요청 인증 예외 처리됨 [] []
[2026-04-03T08:22:23.417105+09:00] core-middleware.AuthMiddleware.INFO: AUTH MIDDLEWARE → 요청 감지 {"path":"dashboard/settings/organization/employees","controller":"dashboard","logged_in":true} []
[2026-04-03T08:22:23.417215+09:00] core-middleware.AuthMiddleware.INFO: PASS → 보호된 prefix 접근 (로그인됨) {"prefix":"dashboard"} []
[2026-04-03T08:22:28.650701+09:00] core-middleware.AuthMiddleware.INFO: AUTH MIDDLEWARE → 요청 감지 {"path":"api/settings/employee/list","controller":"api","logged_in":true} []
[2026-04-03T08:22:28.650807+09:00] core-middleware.AuthMiddleware.INFO: PASS → API 요청 인증 예외 처리됨 [] []
[2026-04-03T08:22:28.814288+09:00] core-middleware.AuthMiddleware.INFO: AUTH MIDDLEWARE → 요청 감지 {"path":"api/file/preview","controller":"api","logged_in":true} []
[2026-04-03T08:22:28.814399+09:00] core-middleware.AuthMiddleware.INFO: PASS → API 요청 인증 예외 처리됨 [] []
