[2026-04-02T20:42:15.329985+09:00] core-middleware.AuthMiddleware.INFO: AUTH MIDDLEWARE → 요청 감지 {"path":"dashboard/settings/system/logs","controller":"dashboard","logged_in":true} []
[2026-04-02T20:42:15.330270+09:00] core-middleware.AuthMiddleware.INFO: PASS → 보호된 prefix 접근 (로그인됨) {"prefix":"dashboard"} []
[2026-04-02T20:42:20.837781+09:00] core-middleware.AuthMiddleware.INFO: AUTH MIDDLEWARE → 요청 감지 {"path":"dashboard/settings/system/site","controller":"dashboard","logged_in":true} []
[2026-04-02T20:42:20.837872+09:00] core-middleware.AuthMiddleware.INFO: PASS → 보호된 prefix 접근 (로그인됨) {"prefix":"dashboard"} []
[2026-04-02T20:42:20.974730+09:00] core-middleware.AuthMiddleware.INFO: AUTH MIDDLEWARE → 요청 감지 {"path":"api/settings/system/site/get","controller":"api","logged_in":true} []
[2026-04-02T20:42:20.974844+09:00] core-middleware.AuthMiddleware.INFO: PASS → API 요청 인증 예외 처리됨 [] []
[2026-04-02T20:42:21.409421+09:00] core-middleware.AuthMiddleware.INFO: AUTH MIDDLEWARE → 요청 감지 {"path":"dashboard/settings/system/session","controller":"dashboard","logged_in":true} []
[2026-04-02T20:42:21.409527+09:00] core-middleware.AuthMiddleware.INFO: PASS → 보호된 prefix 접근 (로그인됨) {"prefix":"dashboard"} []
[2026-04-02T20:42:21.615180+09:00] core-middleware.AuthMiddleware.INFO: AUTH MIDDLEWARE → 요청 감지 {"path":"api/settings/system/session/get","controller":"api","logged_in":true} []
[2026-04-02T20:42:21.615316+09:00] core-middleware.AuthMiddleware.INFO: PASS → API 요청 인증 예외 처리됨 [] []
[2026-04-02T20:42:22.253241+09:00] core-middleware.AuthMiddleware.INFO: AUTH MIDDLEWARE → 요청 감지 {"path":"dashboard/settings/system/security","controller":"dashboard","logged_in":true} []
[2026-04-02T20:42:22.253334+09:00] core-middleware.AuthMiddleware.INFO: PASS → 보호된 prefix 접근 (로그인됨) {"prefix":"dashboard"} []
[2026-04-02T20:42:22.397643+09:00] core-middleware.AuthMiddleware.INFO: AUTH MIDDLEWARE → 요청 감지 {"path":"api/settings/system/security/get","controller":"api","logged_in":true} []
[2026-04-02T20:42:22.397764+09:00] core-middleware.AuthMiddleware.INFO: PASS → API 요청 인증 예외 처리됨 [] []
[2026-04-02T20:42:22.764863+09:00] core-middleware.AuthMiddleware.INFO: AUTH MIDDLEWARE → 요청 감지 {"path":"dashboard/settings/system/api","controller":"dashboard","logged_in":true} []
[2026-04-02T20:42:22.764969+09:00] core-middleware.AuthMiddleware.INFO: PASS → 보호된 prefix 접근 (로그인됨) {"prefix":"dashboard"} []
[2026-04-02T20:42:22.940357+09:00] core-middleware.AuthMiddleware.INFO: AUTH MIDDLEWARE → 요청 감지 {"path":"api/settings/system/api/get","controller":"api","logged_in":true} []
[2026-04-02T20:42:22.940457+09:00] core-middleware.AuthMiddleware.INFO: PASS → API 요청 인증 예외 처리됨 [] []
[2026-04-02T20:42:23.347150+09:00] core-middleware.AuthMiddleware.INFO: AUTH MIDDLEWARE → 요청 감지 {"path":"dashboard/settings/system/external_services","controller":"dashboard","logged_in":true} []
[2026-04-02T20:42:23.347266+09:00] core-middleware.AuthMiddleware.INFO: PASS → 보호된 prefix 접근 (로그인됨) {"prefix":"dashboard"} []
[2026-04-02T20:42:23.483505+09:00] core-middleware.AuthMiddleware.INFO: AUTH MIDDLEWARE → 요청 감지 {"path":"api/settings/system/external-services/get","controller":"api","logged_in":true} []
[2026-04-02T20:42:23.483614+09:00] core-middleware.AuthMiddleware.INFO: PASS → API 요청 인증 예외 처리됨 [] []
[2026-04-02T20:42:23.950290+09:00] core-middleware.AuthMiddleware.INFO: AUTH MIDDLEWARE → 요청 감지 {"path":"dashboard/settings/system/storage","controller":"dashboard","logged_in":true} []
[2026-04-02T20:42:23.950410+09:00] core-middleware.AuthMiddleware.INFO: PASS → 보호된 prefix 접근 (로그인됨) {"prefix":"dashboard"} []
[2026-04-02T20:42:24.103769+09:00] core-middleware.AuthMiddleware.INFO: AUTH MIDDLEWARE → 요청 감지 {"path":"api/system/file-policies","controller":"api","logged_in":true} []
[2026-04-02T20:42:24.103908+09:00] core-middleware.AuthMiddleware.INFO: PASS → API 요청 인증 예외 처리됨 [] []
[2026-04-02T20:42:24.326348+09:00] core-middleware.AuthMiddleware.INFO: AUTH MIDDLEWARE → 요청 감지 {"path":"dashboard/settings/system/databasebackup","controller":"dashboard","logged_in":true} []
[2026-04-02T20:42:24.326470+09:00] core-middleware.AuthMiddleware.INFO: PASS → 보호된 prefix 접근 (로그인됨) {"prefix":"dashboard"} []
[2026-04-02T20:42:24.467532+09:00] core-middleware.AuthMiddleware.INFO: AUTH MIDDLEWARE → 요청 감지 {"path":"api/settings/system/database/info","controller":"api","logged_in":true} []
[2026-04-02T20:42:24.467683+09:00] core-middleware.AuthMiddleware.INFO: PASS → API 요청 인증 예외 처리됨 [] []
[2026-04-02T20:42:24.541174+09:00] core-middleware.AuthMiddleware.INFO: AUTH MIDDLEWARE → 요청 감지 {"path":"api/settings/system/database/replication-status","controller":"api","logged_in":true} []
[2026-04-02T20:42:24.541273+09:00] core-middleware.AuthMiddleware.INFO: PASS → API 요청 인증 예외 처리됨 [] []
[2026-04-02T20:42:24.850587+09:00] core-middleware.AuthMiddleware.INFO: AUTH MIDDLEWARE → 요청 감지 {"path":"api/settings/system/database/get","controller":"api","logged_in":true} []
[2026-04-02T20:42:24.850692+09:00] core-middleware.AuthMiddleware.INFO: PASS → API 요청 인증 예외 처리됨 [] []
[2026-04-02T20:42:24.928348+09:00] core-middleware.AuthMiddleware.INFO: AUTH MIDDLEWARE → 요청 감지 {"path":"api/settings/system/database/secondary-restore-info","controller":"api","logged_in":true} []
[2026-04-02T20:42:24.928445+09:00] core-middleware.AuthMiddleware.INFO: PASS → API 요청 인증 예외 처리됨 [] []
[2026-04-02T20:42:25.000552+09:00] core-middleware.AuthMiddleware.INFO: AUTH MIDDLEWARE → 요청 감지 {"path":"api/settings/system/database/log","controller":"api","logged_in":true} []
[2026-04-02T20:42:25.000666+09:00] core-middleware.AuthMiddleware.INFO: PASS → API 요청 인증 예외 처리됨 [] []
[2026-04-02T20:42:25.070604+09:00] core-middleware.AuthMiddleware.INFO: AUTH MIDDLEWARE → 요청 감지 {"path":"dashboard/settings/system/logs","controller":"dashboard","logged_in":true} []
[2026-04-02T20:42:25.070709+09:00] core-middleware.AuthMiddleware.INFO: PASS → 보호된 prefix 접근 (로그인됨) {"prefix":"dashboard"} []
[2026-04-02T20:42:25.768692+09:00] core-middleware.AuthMiddleware.INFO: AUTH MIDDLEWARE → 요청 감지 {"path":"dashboard/settings/organization/employees","controller":"dashboard","logged_in":true} []
[2026-04-02T20:42:25.768793+09:00] core-middleware.AuthMiddleware.INFO: PASS → 보호된 prefix 접근 (로그인됨) {"prefix":"dashboard"} []
[2026-04-02T20:42:25.969836+09:00] core-middleware.AuthMiddleware.INFO: AUTH MIDDLEWARE → 요청 감지 {"path":"api/settings/employee/list","controller":"api","logged_in":true} []
[2026-04-02T20:42:25.969930+09:00] core-middleware.AuthMiddleware.INFO: PASS → API 요청 인증 예외 처리됨 [] []
[2026-04-02T20:42:26.081872+09:00] core-middleware.AuthMiddleware.INFO: AUTH MIDDLEWARE → 요청 감지 {"path":"api/file/preview","controller":"api","logged_in":true} []
[2026-04-02T20:42:26.081981+09:00] core-middleware.AuthMiddleware.INFO: PASS → API 요청 인증 예외 처리됨 [] []
[2026-04-02T20:42:27.314315+09:00] core-middleware.AuthMiddleware.INFO: AUTH MIDDLEWARE → 요청 감지 {"path":"dashboard/settings/organization/approval","controller":"dashboard","logged_in":true} []
[2026-04-02T20:42:27.314452+09:00] core-middleware.AuthMiddleware.INFO: PASS → 보호된 prefix 접근 (로그인됨) {"prefix":"dashboard"} []
[2026-04-02T20:42:27.486304+09:00] core-middleware.AuthMiddleware.INFO: AUTH MIDDLEWARE → 요청 감지 {"path":"api/settings/approval/template/list","controller":"api","logged_in":true} []
[2026-04-02T20:42:27.486412+09:00] core-middleware.AuthMiddleware.INFO: PASS → API 요청 인증 예외 처리됨 [] []
[2026-04-02T20:42:28.071652+09:00] core-middleware.AuthMiddleware.INFO: AUTH MIDDLEWARE → 요청 감지 {"path":"dashboard/settings/organization/role_permissions","controller":"dashboard","logged_in":true} []
[2026-04-02T20:42:28.071764+09:00] core-middleware.AuthMiddleware.INFO: PASS → 보호된 prefix 접근 (로그인됨) {"prefix":"dashboard"} []
[2026-04-02T20:42:28.207825+09:00] core-middleware.AuthMiddleware.INFO: AUTH MIDDLEWARE → 요청 감지 {"path":"api/settings/role/list","controller":"api","logged_in":true} []
[2026-04-02T20:42:28.207921+09:00] core-middleware.AuthMiddleware.INFO: PASS → API 요청 인증 예외 처리됨 [] []
[2026-04-02T20:42:28.672200+09:00] core-middleware.AuthMiddleware.INFO: AUTH MIDDLEWARE → 요청 감지 {"path":"dashboard/settings/organization/permissions","controller":"dashboard","logged_in":true} []
[2026-04-02T20:42:28.672301+09:00] core-middleware.AuthMiddleware.INFO: PASS → 보호된 prefix 접근 (로그인됨) {"prefix":"dashboard"} []
[2026-04-02T20:42:28.809629+09:00] core-middleware.AuthMiddleware.INFO: AUTH MIDDLEWARE → 요청 감지 {"path":"api/settings/permission/list","controller":"api","logged_in":true} []
[2026-04-02T20:42:28.809743+09:00] core-middleware.AuthMiddleware.INFO: PASS → API 요청 인증 예외 처리됨 [] []
[2026-04-02T20:42:29.500280+09:00] core-middleware.AuthMiddleware.INFO: AUTH MIDDLEWARE → 요청 감지 {"path":"dashboard/settings/organization/roles","controller":"dashboard","logged_in":true} []
[2026-04-02T20:42:29.500379+09:00] core-middleware.AuthMiddleware.INFO: PASS → 보호된 prefix 접근 (로그인됨) {"prefix":"dashboard"} []
[2026-04-02T20:42:29.643585+09:00] core-middleware.AuthMiddleware.INFO: AUTH MIDDLEWARE → 요청 감지 {"path":"api/settings/role/list","controller":"api","logged_in":true} []
[2026-04-02T20:42:29.643676+09:00] core-middleware.AuthMiddleware.INFO: PASS → API 요청 인증 예외 처리됨 [] []
[2026-04-02T20:42:30.099530+09:00] core-middleware.AuthMiddleware.INFO: AUTH MIDDLEWARE → 요청 감지 {"path":"dashboard/settings/organization/positions","controller":"dashboard","logged_in":true} []
[2026-04-02T20:42:30.099629+09:00] core-middleware.AuthMiddleware.INFO: PASS → 보호된 prefix 접근 (로그인됨) {"prefix":"dashboard"} []
[2026-04-02T20:42:30.235769+09:00] core-middleware.AuthMiddleware.INFO: AUTH MIDDLEWARE → 요청 감지 {"path":"api/settings/position/list","controller":"api","logged_in":true} []
[2026-04-02T20:42:30.235865+09:00] core-middleware.AuthMiddleware.INFO: PASS → API 요청 인증 예외 처리됨 [] []
[2026-04-02T20:42:30.838978+09:00] core-middleware.AuthMiddleware.INFO: AUTH MIDDLEWARE → 요청 감지 {"path":"dashboard/settings/organization/departments","controller":"dashboard","logged_in":true} []
[2026-04-02T20:42:30.839081+09:00] core-middleware.AuthMiddleware.INFO: PASS → 보호된 prefix 접근 (로그인됨) {"prefix":"dashboard"} []
[2026-04-02T20:42:31.004743+09:00] core-middleware.AuthMiddleware.INFO: AUTH MIDDLEWARE → 요청 감지 {"path":"api/settings/department/list","controller":"api","logged_in":true} []
[2026-04-02T20:42:31.004876+09:00] core-middleware.AuthMiddleware.INFO: PASS → API 요청 인증 예외 처리됨 [] []
[2026-04-02T20:42:31.558106+09:00] core-middleware.AuthMiddleware.INFO: AUTH MIDDLEWARE → 요청 감지 {"path":"dashboard/settings/organization/employees","controller":"dashboard","logged_in":true} []
[2026-04-02T20:42:31.558217+09:00] core-middleware.AuthMiddleware.INFO: PASS → 보호된 prefix 접근 (로그인됨) {"prefix":"dashboard"} []
[2026-04-02T20:42:31.738674+09:00] core-middleware.AuthMiddleware.INFO: AUTH MIDDLEWARE → 요청 감지 {"path":"api/settings/employee/list","controller":"api","logged_in":true} []
[2026-04-02T20:42:31.738778+09:00] core-middleware.AuthMiddleware.INFO: PASS → API 요청 인증 예외 처리됨 [] []
[2026-04-02T20:42:31.825719+09:00] core-middleware.AuthMiddleware.INFO: AUTH MIDDLEWARE → 요청 감지 {"path":"api/file/preview","controller":"api","logged_in":true} []
[2026-04-02T20:42:31.825835+09:00] core-middleware.AuthMiddleware.INFO: PASS → API 요청 인증 예외 처리됨 [] []
[2026-04-02T20:42:33.975520+09:00] core-middleware.AuthMiddleware.INFO: AUTH MIDDLEWARE → 요청 감지 {"path":"dashboard/settings/base-info/company","controller":"dashboard","logged_in":true} []
[2026-04-02T20:42:33.975612+09:00] core-middleware.AuthMiddleware.INFO: PASS → 보호된 prefix 접근 (로그인됨) {"prefix":"dashboard"} []
[2026-04-02T20:42:34.137170+09:00] core-middleware.AuthMiddleware.INFO: AUTH MIDDLEWARE → 요청 감지 {"path":"api/settings/base-info/company/detail","controller":"api","logged_in":true} []
[2026-04-02T20:42:34.137278+09:00] core-middleware.AuthMiddleware.INFO: PASS → API 요청 인증 예외 처리됨 [] []
[2026-04-02T20:42:35.108183+09:00] core-middleware.AuthMiddleware.INFO: AUTH MIDDLEWARE → 요청 감지 {"path":"dashboard/settings/base-info/clients","controller":"dashboard","logged_in":true} []
[2026-04-02T20:42:35.108282+09:00] core-middleware.AuthMiddleware.INFO: PASS → 보호된 prefix 접근 (로그인됨) {"prefix":"dashboard"} []
[2026-04-02T20:42:35.267548+09:00] core-middleware.AuthMiddleware.INFO: AUTH MIDDLEWARE → 요청 감지 {"path":"api/settings/base-info/client/list","controller":"api","logged_in":true} []
[2026-04-02T20:42:35.267645+09:00] core-middleware.AuthMiddleware.INFO: PASS → API 요청 인증 예외 처리됨 [] []
[2026-04-02T20:42:37.550297+09:00] core-middleware.AuthMiddleware.INFO: AUTH MIDDLEWARE → 요청 감지 {"path":"dashboard/settings/base-info/projects","controller":"dashboard","logged_in":true} []
[2026-04-02T20:42:37.550399+09:00] core-middleware.AuthMiddleware.INFO: PASS → 보호된 prefix 접근 (로그인됨) {"prefix":"dashboard"} []
[2026-04-02T20:42:37.713355+09:00] core-middleware.AuthMiddleware.INFO: AUTH MIDDLEWARE → 요청 감지 {"path":"api/settings/base-info/project/list","controller":"api","logged_in":true} []
[2026-04-02T20:42:37.713464+09:00] core-middleware.AuthMiddleware.INFO: PASS → API 요청 인증 예외 처리됨 [] []
[2026-04-02T20:42:39.089048+09:00] core-middleware.AuthMiddleware.INFO: AUTH MIDDLEWARE → 요청 감지 {"path":"dashboard/settings/organization/employees","controller":"dashboard","logged_in":true} []
[2026-04-02T20:42:39.089167+09:00] core-middleware.AuthMiddleware.INFO: PASS → 보호된 prefix 접근 (로그인됨) {"prefix":"dashboard"} []
[2026-04-02T20:42:39.259803+09:00] core-middleware.AuthMiddleware.INFO: AUTH MIDDLEWARE → 요청 감지 {"path":"api/settings/employee/list","controller":"api","logged_in":true} []
[2026-04-02T20:42:39.259911+09:00] core-middleware.AuthMiddleware.INFO: PASS → API 요청 인증 예외 처리됨 [] []
[2026-04-02T20:42:39.372741+09:00] core-middleware.AuthMiddleware.INFO: AUTH MIDDLEWARE → 요청 감지 {"path":"api/file/preview","controller":"api","logged_in":true} []
[2026-04-02T20:42:39.372845+09:00] core-middleware.AuthMiddleware.INFO: PASS → API 요청 인증 예외 처리됨 [] []
[2026-04-02T20:43:41.777083+09:00] core-middleware.AuthMiddleware.INFO: AUTH MIDDLEWARE → 요청 감지 {"path":"dashboard/settings/base-info/company","controller":"dashboard","logged_in":true} []
[2026-04-02T20:43:41.777184+09:00] core-middleware.AuthMiddleware.INFO: PASS → 보호된 prefix 접근 (로그인됨) {"prefix":"dashboard"} []
[2026-04-02T20:43:41.996639+09:00] core-middleware.AuthMiddleware.INFO: AUTH MIDDLEWARE → 요청 감지 {"path":"api/settings/base-info/company/detail","controller":"api","logged_in":true} []
[2026-04-02T20:43:41.996738+09:00] core-middleware.AuthMiddleware.INFO: PASS → API 요청 인증 예외 처리됨 [] []
[2026-04-02T20:47:58.545691+09:00] core-middleware.AuthMiddleware.INFO: AUTH MIDDLEWARE → 요청 감지 {"path":"autologout/extend","controller":"autologout","logged_in":true} []
[2026-04-02T20:47:58.545794+09:00] core-middleware.AuthMiddleware.INFO: PASS → Autologout 경로 예외 허용됨 {"path":"autologout/extend"} []
[2026-04-02T20:48:02.988303+09:00] core-middleware.AuthMiddleware.INFO: AUTH MIDDLEWARE → 요청 감지 {"path":"autologout/keepalive","controller":"autologout","logged_in":true} []
[2026-04-02T20:48:02.988444+09:00] core-middleware.AuthMiddleware.INFO: PASS → Autologout 경로 예외 허용됨 {"path":"autologout/keepalive"} []
[2026-04-02T20:48:12.245170+09:00] core-middleware.AuthMiddleware.INFO: AUTH MIDDLEWARE → 요청 감지 {"path":"dashboard/settings/system/site","controller":"dashboard","logged_in":true} []
[2026-04-02T20:48:12.245295+09:00] core-middleware.AuthMiddleware.INFO: PASS → 보호된 prefix 접근 (로그인됨) {"prefix":"dashboard"} []
[2026-04-02T20:48:12.467955+09:00] core-middleware.AuthMiddleware.INFO: AUTH MIDDLEWARE → 요청 감지 {"path":"api/settings/system/site/get","controller":"api","logged_in":true} []
[2026-04-02T20:48:12.468060+09:00] core-middleware.AuthMiddleware.INFO: PASS → API 요청 인증 예외 처리됨 [] []
[2026-04-02T20:48:18.852526+09:00] core-middleware.AuthMiddleware.INFO: AUTH MIDDLEWARE → 요청 감지 {"path":"dashboard/settings/system/session","controller":"dashboard","logged_in":true} []
[2026-04-02T20:48:18.852667+09:00] core-middleware.AuthMiddleware.INFO: PASS → 보호된 prefix 접근 (로그인됨) {"prefix":"dashboard"} []
[2026-04-02T20:48:19.001479+09:00] core-middleware.AuthMiddleware.INFO: AUTH MIDDLEWARE → 요청 감지 {"path":"api/settings/system/session/get","controller":"api","logged_in":true} []
[2026-04-02T20:48:19.001590+09:00] core-middleware.AuthMiddleware.INFO: PASS → API 요청 인증 예외 처리됨 [] []
[2026-04-02T20:48:35.099410+09:00] core-middleware.AuthMiddleware.INFO: AUTH MIDDLEWARE → 요청 감지 {"path":"dashboard/settings/system/site","controller":"dashboard","logged_in":true} []
[2026-04-02T20:48:35.099512+09:00] core-middleware.AuthMiddleware.INFO: PASS → 보호된 prefix 접근 (로그인됨) {"prefix":"dashboard"} []
[2026-04-02T20:48:35.260825+09:00] core-middleware.AuthMiddleware.INFO: AUTH MIDDLEWARE → 요청 감지 {"path":"api/settings/system/site/get","controller":"api","logged_in":true} []
[2026-04-02T20:48:35.260932+09:00] core-middleware.AuthMiddleware.INFO: PASS → API 요청 인증 예외 처리됨 [] []
[2026-04-02T21:02:10.962649+09:00] core-middleware.AuthMiddleware.INFO: AUTH MIDDLEWARE → 요청 감지 {"path":"dashboard/settings/system/session","controller":"dashboard","logged_in":true} []
[2026-04-02T21:02:10.962755+09:00] core-middleware.AuthMiddleware.INFO: PASS → 보호된 prefix 접근 (로그인됨) {"prefix":"dashboard"} []
[2026-04-02T21:02:11.144449+09:00] core-middleware.AuthMiddleware.INFO: AUTH MIDDLEWARE → 요청 감지 {"path":"api/settings/system/session/get","controller":"api","logged_in":true} []
[2026-04-02T21:02:11.144580+09:00] core-middleware.AuthMiddleware.INFO: PASS → API 요청 인증 예외 처리됨 [] []
[2026-04-02T21:02:11.479240+09:00] core-middleware.AuthMiddleware.INFO: AUTH MIDDLEWARE → 요청 감지 {"path":"dashboard/settings/system/security","controller":"dashboard","logged_in":true} []
[2026-04-02T21:02:11.479342+09:00] core-middleware.AuthMiddleware.INFO: PASS → 보호된 prefix 접근 (로그인됨) {"prefix":"dashboard"} []
[2026-04-02T21:02:11.720459+09:00] core-middleware.AuthMiddleware.INFO: AUTH MIDDLEWARE → 요청 감지 {"path":"api/settings/system/security/get","controller":"api","logged_in":true} []
[2026-04-02T21:02:11.720557+09:00] core-middleware.AuthMiddleware.INFO: PASS → API 요청 인증 예외 처리됨 [] []
[2026-04-02T21:02:12.040830+09:00] core-middleware.AuthMiddleware.INFO: AUTH MIDDLEWARE → 요청 감지 {"path":"dashboard/settings/system/api","controller":"dashboard","logged_in":true} []
[2026-04-02T21:02:12.040940+09:00] core-middleware.AuthMiddleware.INFO: PASS → 보호된 prefix 접근 (로그인됨) {"prefix":"dashboard"} []
[2026-04-02T21:02:12.219547+09:00] core-middleware.AuthMiddleware.INFO: AUTH MIDDLEWARE → 요청 감지 {"path":"api/settings/system/api/get","controller":"api","logged_in":true} []
[2026-04-02T21:02:12.219690+09:00] core-middleware.AuthMiddleware.INFO: PASS → API 요청 인증 예외 처리됨 [] []
[2026-04-02T21:02:12.700078+09:00] core-middleware.AuthMiddleware.INFO: AUTH MIDDLEWARE → 요청 감지 {"path":"dashboard/settings/system/external_services","controller":"dashboard","logged_in":true} []
[2026-04-02T21:02:12.700202+09:00] core-middleware.AuthMiddleware.INFO: PASS → 보호된 prefix 접근 (로그인됨) {"prefix":"dashboard"} []
[2026-04-02T21:02:12.839902+09:00] core-middleware.AuthMiddleware.INFO: AUTH MIDDLEWARE → 요청 감지 {"path":"api/settings/system/external-services/get","controller":"api","logged_in":true} []
[2026-04-02T21:02:12.840006+09:00] core-middleware.AuthMiddleware.INFO: PASS → API 요청 인증 예외 처리됨 [] []
[2026-04-02T21:02:13.178447+09:00] core-middleware.AuthMiddleware.INFO: AUTH MIDDLEWARE → 요청 감지 {"path":"dashboard/settings/system/storage","controller":"dashboard","logged_in":true} []
[2026-04-02T21:02:13.178549+09:00] core-middleware.AuthMiddleware.INFO: PASS → 보호된 prefix 접근 (로그인됨) {"prefix":"dashboard"} []
[2026-04-02T21:02:13.374390+09:00] core-middleware.AuthMiddleware.INFO: AUTH MIDDLEWARE → 요청 감지 {"path":"api/system/file-policies","controller":"api","logged_in":true} []
[2026-04-02T21:02:13.374481+09:00] core-middleware.AuthMiddleware.INFO: PASS → API 요청 인증 예외 처리됨 [] []
[2026-04-02T21:02:13.739007+09:00] core-middleware.AuthMiddleware.INFO: AUTH MIDDLEWARE → 요청 감지 {"path":"dashboard/settings/system/databasebackup","controller":"dashboard","logged_in":true} []
[2026-04-02T21:02:13.739106+09:00] core-middleware.AuthMiddleware.INFO: PASS → 보호된 prefix 접근 (로그인됨) {"prefix":"dashboard"} []
[2026-04-02T21:02:13.911617+09:00] core-middleware.AuthMiddleware.INFO: AUTH MIDDLEWARE → 요청 감지 {"path":"api/settings/system/database/get","controller":"api","logged_in":true} []
[2026-04-02T21:02:13.911703+09:00] core-middleware.AuthMiddleware.INFO: PASS → API 요청 인증 예외 처리됨 [] []
[2026-04-02T21:02:13.986162+09:00] core-middleware.AuthMiddleware.INFO: AUTH MIDDLEWARE → 요청 감지 {"path":"api/settings/system/database/log","controller":"api","logged_in":true} []
[2026-04-02T21:02:13.986247+09:00] core-middleware.AuthMiddleware.INFO: PASS → API 요청 인증 예외 처리됨 [] []
[2026-04-02T21:02:14.059096+09:00] core-middleware.AuthMiddleware.INFO: AUTH MIDDLEWARE → 요청 감지 {"path":"api/settings/system/database/info","controller":"api","logged_in":true} []
[2026-04-02T21:02:14.059215+09:00] core-middleware.AuthMiddleware.INFO: PASS → API 요청 인증 예외 처리됨 [] []
[2026-04-02T21:02:14.142725+09:00] core-middleware.AuthMiddleware.INFO: AUTH MIDDLEWARE → 요청 감지 {"path":"api/settings/system/database/secondary-restore-info","controller":"api","logged_in":true} []
[2026-04-02T21:02:14.142831+09:00] core-middleware.AuthMiddleware.INFO: PASS → API 요청 인증 예외 처리됨 [] []
[2026-04-02T21:02:14.212832+09:00] core-middleware.AuthMiddleware.INFO: AUTH MIDDLEWARE → 요청 감지 {"path":"api/settings/system/database/replication-status","controller":"api","logged_in":true} []
[2026-04-02T21:02:14.212941+09:00] core-middleware.AuthMiddleware.INFO: PASS → API 요청 인증 예외 처리됨 [] []
[2026-04-02T21:02:14.555925+09:00] core-middleware.AuthMiddleware.INFO: AUTH MIDDLEWARE → 요청 감지 {"path":"dashboard/settings/system/logs","controller":"dashboard","logged_in":true} []
[2026-04-02T21:02:14.556056+09:00] core-middleware.AuthMiddleware.INFO: PASS → 보호된 prefix 접근 (로그인됨) {"prefix":"dashboard"} []
[2026-04-02T21:02:15.651796+09:00] core-middleware.AuthMiddleware.INFO: AUTH MIDDLEWARE → 요청 감지 {"path":"dashboard/settings/system/site","controller":"dashboard","logged_in":true} []
[2026-04-02T21:02:15.651897+09:00] core-middleware.AuthMiddleware.INFO: PASS → 보호된 prefix 접근 (로그인됨) {"prefix":"dashboard"} []
[2026-04-02T21:02:15.858642+09:00] core-middleware.AuthMiddleware.INFO: AUTH MIDDLEWARE → 요청 감지 {"path":"api/settings/system/site/get","controller":"api","logged_in":true} []
[2026-04-02T21:02:15.858753+09:00] core-middleware.AuthMiddleware.INFO: PASS → API 요청 인증 예외 처리됨 [] []
[2026-04-02T21:02:16.525158+09:00] core-middleware.AuthMiddleware.INFO: AUTH MIDDLEWARE → 요청 감지 {"path":"dashboard/settings/system/session","controller":"dashboard","logged_in":true} []
[2026-04-02T21:02:16.525258+09:00] core-middleware.AuthMiddleware.INFO: PASS → 보호된 prefix 접근 (로그인됨) {"prefix":"dashboard"} []
[2026-04-02T21:02:16.662422+09:00] core-middleware.AuthMiddleware.INFO: AUTH MIDDLEWARE → 요청 감지 {"path":"api/settings/system/session/get","controller":"api","logged_in":true} []
[2026-04-02T21:02:16.662519+09:00] core-middleware.AuthMiddleware.INFO: PASS → API 요청 인증 예외 처리됨 [] []
[2026-04-02T21:02:17.530174+09:00] core-middleware.AuthMiddleware.INFO: AUTH MIDDLEWARE → 요청 감지 {"path":"dashboard/settings/base-info/company","controller":"dashboard","logged_in":true} []
[2026-04-02T21:02:17.530276+09:00] core-middleware.AuthMiddleware.INFO: PASS → 보호된 prefix 접근 (로그인됨) {"prefix":"dashboard"} []
[2026-04-02T21:02:17.667020+09:00] core-middleware.AuthMiddleware.INFO: AUTH MIDDLEWARE → 요청 감지 {"path":"api/settings/base-info/company/detail","controller":"api","logged_in":true} []
[2026-04-02T21:02:17.667116+09:00] core-middleware.AuthMiddleware.INFO: PASS → API 요청 인증 예외 처리됨 [] []
[2026-04-02T21:02:18.695632+09:00] core-middleware.AuthMiddleware.INFO: AUTH MIDDLEWARE → 요청 감지 {"path":"dashboard/settings/base-info/clients","controller":"dashboard","logged_in":true} []
[2026-04-02T21:02:18.695739+09:00] core-middleware.AuthMiddleware.INFO: PASS → 보호된 prefix 접근 (로그인됨) {"prefix":"dashboard"} []
[2026-04-02T21:02:18.909813+09:00] core-middleware.AuthMiddleware.INFO: AUTH MIDDLEWARE → 요청 감지 {"path":"api/settings/base-info/client/list","controller":"api","logged_in":true} []
[2026-04-02T21:02:18.909917+09:00] core-middleware.AuthMiddleware.INFO: PASS → API 요청 인증 예외 처리됨 [] []
[2026-04-02T21:02:19.750360+09:00] core-middleware.AuthMiddleware.INFO: AUTH MIDDLEWARE → 요청 감지 {"path":"dashboard/settings/base-info/projects","controller":"dashboard","logged_in":true} []
[2026-04-02T21:02:19.750454+09:00] core-middleware.AuthMiddleware.INFO: PASS → 보호된 prefix 접근 (로그인됨) {"prefix":"dashboard"} []
[2026-04-02T21:02:20.001753+09:00] core-middleware.AuthMiddleware.INFO: AUTH MIDDLEWARE → 요청 감지 {"path":"api/settings/base-info/project/list","controller":"api","logged_in":true} []
[2026-04-02T21:02:20.001887+09:00] core-middleware.AuthMiddleware.INFO: PASS → API 요청 인증 예외 처리됨 [] []
[2026-04-02T21:02:22.002076+09:00] core-middleware.AuthMiddleware.INFO: AUTH MIDDLEWARE → 요청 감지 {"path":"dashboard/settings/base-info/clients","controller":"dashboard","logged_in":true} []
[2026-04-02T21:02:22.002201+09:00] core-middleware.AuthMiddleware.INFO: PASS → 보호된 prefix 접근 (로그인됨) {"prefix":"dashboard"} []
[2026-04-02T21:02:22.103104+09:00] core-middleware.AuthMiddleware.INFO: AUTH MIDDLEWARE → 요청 감지 {"path":"dashboard/settings/base-info/cover","controller":"dashboard","logged_in":true} []
[2026-04-02T21:02:22.103218+09:00] core-middleware.AuthMiddleware.INFO: PASS → 보호된 prefix 접근 (로그인됨) {"prefix":"dashboard"} []
[2026-04-02T21:02:22.261910+09:00] core-middleware.AuthMiddleware.INFO: AUTH MIDDLEWARE → 요청 감지 {"path":"api/settings/base-info/cover/list","controller":"api","logged_in":true} []
[2026-04-02T21:02:22.262016+09:00] core-middleware.AuthMiddleware.INFO: PASS → API 요청 인증 예외 처리됨 [] []
[2026-04-02T21:02:22.913425+09:00] core-middleware.AuthMiddleware.INFO: AUTH MIDDLEWARE → 요청 감지 {"path":"dashboard/settings/base-info/clients","controller":"dashboard","logged_in":true} []
[2026-04-02T21:02:22.913533+09:00] core-middleware.AuthMiddleware.INFO: PASS → 보호된 prefix 접근 (로그인됨) {"prefix":"dashboard"} []
[2026-04-02T21:02:23.074731+09:00] core-middleware.AuthMiddleware.INFO: AUTH MIDDLEWARE → 요청 감지 {"path":"api/settings/base-info/client/list","controller":"api","logged_in":true} []
[2026-04-02T21:02:23.074829+09:00] core-middleware.AuthMiddleware.INFO: PASS → API 요청 인증 예외 처리됨 [] []
[2026-04-02T21:02:23.712055+09:00] core-middleware.AuthMiddleware.INFO: AUTH MIDDLEWARE → 요청 감지 {"path":"dashboard/settings/base-info/cover","controller":"dashboard","logged_in":true} []
[2026-04-02T21:02:23.712188+09:00] core-middleware.AuthMiddleware.INFO: PASS → 보호된 prefix 접근 (로그인됨) {"prefix":"dashboard"} []
[2026-04-02T21:02:23.870072+09:00] core-middleware.AuthMiddleware.INFO: AUTH MIDDLEWARE → 요청 감지 {"path":"api/settings/base-info/cover/list","controller":"api","logged_in":true} []
[2026-04-02T21:02:23.870178+09:00] core-middleware.AuthMiddleware.INFO: PASS → API 요청 인증 예외 처리됨 [] []
[2026-04-02T21:02:26.964064+09:00] core-middleware.AuthMiddleware.INFO: AUTH MIDDLEWARE → 요청 감지 {"path":"dashboard/settings/system/site","controller":"dashboard","logged_in":true} []
[2026-04-02T21:02:26.964165+09:00] core-middleware.AuthMiddleware.INFO: PASS → 보호된 prefix 접근 (로그인됨) {"prefix":"dashboard"} []
[2026-04-02T21:02:27.094232+09:00] core-middleware.AuthMiddleware.INFO: AUTH MIDDLEWARE → 요청 감지 {"path":"api/settings/system/site/get","controller":"api","logged_in":true} []
[2026-04-02T21:02:27.094329+09:00] core-middleware.AuthMiddleware.INFO: PASS → API 요청 인증 예외 처리됨 [] []
[2026-04-02T21:02:27.812241+09:00] core-middleware.AuthMiddleware.INFO: AUTH MIDDLEWARE → 요청 감지 {"path":"dashboard/settings/organization/employees","controller":"dashboard","logged_in":true} []
[2026-04-02T21:02:27.812341+09:00] core-middleware.AuthMiddleware.INFO: PASS → 보호된 prefix 접근 (로그인됨) {"prefix":"dashboard"} []
[2026-04-02T21:02:27.966137+09:00] core-middleware.AuthMiddleware.INFO: AUTH MIDDLEWARE → 요청 감지 {"path":"api/settings/employee/list","controller":"api","logged_in":true} []
[2026-04-02T21:02:27.966229+09:00] core-middleware.AuthMiddleware.INFO: PASS → API 요청 인증 예외 처리됨 [] []
[2026-04-02T21:02:28.058316+09:00] core-middleware.AuthMiddleware.INFO: AUTH MIDDLEWARE → 요청 감지 {"path":"api/file/preview","controller":"api","logged_in":true} []
[2026-04-02T21:02:28.058412+09:00] core-middleware.AuthMiddleware.INFO: PASS → API 요청 인증 예외 처리됨 [] []
[2026-04-02T21:02:28.651785+09:00] core-middleware.AuthMiddleware.INFO: AUTH MIDDLEWARE → 요청 감지 {"path":"dashboard/settings/base-info/company","controller":"dashboard","logged_in":true} []
[2026-04-02T21:02:28.651894+09:00] core-middleware.AuthMiddleware.INFO: PASS → 보호된 prefix 접근 (로그인됨) {"prefix":"dashboard"} []
[2026-04-02T21:02:28.800903+09:00] core-middleware.AuthMiddleware.INFO: AUTH MIDDLEWARE → 요청 감지 {"path":"api/settings/base-info/company/detail","controller":"api","logged_in":true} []
[2026-04-02T21:02:28.801003+09:00] core-middleware.AuthMiddleware.INFO: PASS → API 요청 인증 예외 처리됨 [] []
[2026-04-02T21:02:33.653650+09:00] core-middleware.AuthMiddleware.INFO: AUTH MIDDLEWARE → 요청 감지 {"path":"dashboard/settings/base-info/brand-logo","controller":"dashboard","logged_in":true} []
[2026-04-02T21:02:33.653758+09:00] core-middleware.AuthMiddleware.INFO: PASS → 보호된 prefix 접근 (로그인됨) {"prefix":"dashboard"} []
[2026-04-02T21:02:33.783076+09:00] core-middleware.AuthMiddleware.INFO: AUTH MIDDLEWARE → 요청 감지 {"path":"api/settings/base-info/brand/get","controller":"api","logged_in":true} []
[2026-04-02T21:02:33.783166+09:00] core-middleware.AuthMiddleware.INFO: PASS → API 요청 인증 예외 처리됨 [] []
[2026-04-02T21:02:33.860210+09:00] core-middleware.AuthMiddleware.INFO: AUTH MIDDLEWARE → 요청 감지 {"path":"api/settings/base-info/brand/get","controller":"api","logged_in":true} []
[2026-04-02T21:02:33.860364+09:00] core-middleware.AuthMiddleware.INFO: PASS → API 요청 인증 예외 처리됨 [] []
[2026-04-02T21:02:33.941731+09:00] core-middleware.AuthMiddleware.INFO: AUTH MIDDLEWARE → 요청 감지 {"path":"api/settings/base-info/brand/get","controller":"api","logged_in":true} []
[2026-04-02T21:02:33.941834+09:00] core-middleware.AuthMiddleware.INFO: PASS → API 요청 인증 예외 처리됨 [] []
[2026-04-02T21:02:34.016375+09:00] core-middleware.AuthMiddleware.INFO: AUTH MIDDLEWARE → 요청 감지 {"path":"api/settings/base-info/brand/list","controller":"api","logged_in":true} []
[2026-04-02T21:02:34.016474+09:00] core-middleware.AuthMiddleware.INFO: PASS → API 요청 인증 예외 처리됨 [] []
[2026-04-02T21:02:34.149636+09:00] core-middleware.AuthMiddleware.INFO: AUTH MIDDLEWARE → 요청 감지 {"path":"dashboard/settings/base-info/cover","controller":"dashboard","logged_in":true} []
[2026-04-02T21:02:34.149728+09:00] core-middleware.AuthMiddleware.INFO: PASS → 보호된 prefix 접근 (로그인됨) {"prefix":"dashboard"} []
[2026-04-02T21:02:34.328640+09:00] core-middleware.AuthMiddleware.INFO: AUTH MIDDLEWARE → 요청 감지 {"path":"api/settings/base-info/cover/list","controller":"api","logged_in":true} []
[2026-04-02T21:02:34.328768+09:00] core-middleware.AuthMiddleware.INFO: PASS → API 요청 인증 예외 처리됨 [] []
[2026-04-02T21:02:35.097302+09:00] core-middleware.AuthMiddleware.INFO: AUTH MIDDLEWARE → 요청 감지 {"path":"dashboard/settings/base-info/clients","controller":"dashboard","logged_in":true} []
[2026-04-02T21:02:35.097403+09:00] core-middleware.AuthMiddleware.INFO: PASS → 보호된 prefix 접근 (로그인됨) {"prefix":"dashboard"} []
[2026-04-02T21:02:35.266401+09:00] core-middleware.AuthMiddleware.INFO: AUTH MIDDLEWARE → 요청 감지 {"path":"api/settings/base-info/client/list","controller":"api","logged_in":true} []
[2026-04-02T21:02:35.266498+09:00] core-middleware.AuthMiddleware.INFO: PASS → API 요청 인증 예외 처리됨 [] []
[2026-04-02T21:02:36.289278+09:00] core-middleware.AuthMiddleware.INFO: AUTH MIDDLEWARE → 요청 감지 {"path":"dashboard/settings/base-info/projects","controller":"dashboard","logged_in":true} []
[2026-04-02T21:02:36.289387+09:00] core-middleware.AuthMiddleware.INFO: PASS → 보호된 prefix 접근 (로그인됨) {"prefix":"dashboard"} []
[2026-04-02T21:02:36.515425+09:00] core-middleware.AuthMiddleware.INFO: AUTH MIDDLEWARE → 요청 감지 {"path":"api/settings/base-info/project/list","controller":"api","logged_in":true} []
[2026-04-02T21:02:36.515532+09:00] core-middleware.AuthMiddleware.INFO: PASS → API 요청 인증 예외 처리됨 [] []
[2026-04-02T21:03:01.428360+09:00] core-middleware.AuthMiddleware.INFO: AUTH MIDDLEWARE → 요청 감지 {"path":"api/settings/base-info/project/trash","controller":"api","logged_in":true} []
[2026-04-02T21:03:01.428465+09:00] core-middleware.AuthMiddleware.INFO: PASS → API 요청 인증 예외 처리됨 [] []
[2026-04-02T21:03:11.028599+09:00] core-middleware.AuthMiddleware.INFO: AUTH MIDDLEWARE → 요청 감지 {"path":"logout","controller":"logout","logged_in":true} []
[2026-04-02T21:03:11.028695+09:00] core-middleware.AuthMiddleware.INFO: PASS → 공개 라우트 접근 허용됨 [] []
[2026-04-02T21:03:11.267254+09:00] core-middleware.AuthMiddleware.INFO: AUTH MIDDLEWARE → 요청 감지 {"path":"login","controller":"login","logged_in":false} []
[2026-04-02T21:03:11.267366+09:00] core-middleware.AuthMiddleware.INFO: PASS → 공개 라우트 접근 허용됨 [] []
[2026-04-02T21:03:13.204056+09:00] core-middleware.AuthMiddleware.INFO: AUTH MIDDLEWARE → 요청 감지 {"path":"login","controller":"login","logged_in":false} []
[2026-04-02T21:03:13.204155+09:00] core-middleware.AuthMiddleware.INFO: PASS → 공개 라우트 접근 허용됨 [] []
[2026-04-02T21:03:19.419822+09:00] core-middleware.AuthMiddleware.INFO: AUTH MIDDLEWARE → 요청 감지 {"path":"login","controller":"login","logged_in":false} []
[2026-04-02T21:03:19.419972+09:00] core-middleware.AuthMiddleware.INFO: PASS → 공개 라우트 접근 허용됨 [] []
[2026-04-02T21:03:21.533099+09:00] core-middleware.AuthMiddleware.INFO: AUTH MIDDLEWARE → 요청 감지 {"path":"login","controller":"login","logged_in":false} []
[2026-04-02T21:03:21.533197+09:00] core-middleware.AuthMiddleware.INFO: PASS → 공개 라우트 접근 허용됨 [] []
[2026-04-02T21:03:22.277662+09:00] core-middleware.AuthMiddleware.INFO: AUTH MIDDLEWARE → 요청 감지 {"path":"login","controller":"login","logged_in":false} []
[2026-04-02T21:03:22.277760+09:00] core-middleware.AuthMiddleware.INFO: PASS → 공개 라우트 접근 허용됨 [] []
[2026-04-02T21:03:22.979303+09:00] core-middleware.AuthMiddleware.INFO: AUTH MIDDLEWARE → 요청 감지 {"path":"login","controller":"login","logged_in":false} []
[2026-04-02T21:03:22.979401+09:00] core-middleware.AuthMiddleware.INFO: PASS → 공개 라우트 접근 허용됨 [] []
[2026-04-02T21:03:23.726026+09:00] core-middleware.AuthMiddleware.INFO: AUTH MIDDLEWARE → 요청 감지 {"path":"login","controller":"login","logged_in":false} []
[2026-04-02T21:03:23.726127+09:00] core-middleware.AuthMiddleware.INFO: PASS → 공개 라우트 접근 허용됨 [] []
[2026-04-02T21:03:24.457529+09:00] core-middleware.AuthMiddleware.INFO: AUTH MIDDLEWARE → 요청 감지 {"path":"login","controller":"login","logged_in":false} []
[2026-04-02T21:03:24.457641+09:00] core-middleware.AuthMiddleware.INFO: PASS → 공개 라우트 접근 허용됨 [] []
[2026-04-02T21:03:25.100037+09:00] core-middleware.AuthMiddleware.INFO: AUTH MIDDLEWARE → 요청 감지 {"path":"login","controller":"login","logged_in":false} []
[2026-04-02T21:03:25.100165+09:00] core-middleware.AuthMiddleware.INFO: PASS → 공개 라우트 접근 허용됨 [] []
[2026-04-02T21:03:25.758889+09:00] core-middleware.AuthMiddleware.INFO: AUTH MIDDLEWARE → 요청 감지 {"path":"login","controller":"login","logged_in":false} []
[2026-04-02T21:03:25.759002+09:00] core-middleware.AuthMiddleware.INFO: PASS → 공개 라우트 접근 허용됨 [] []
[2026-04-02T21:03:26.336746+09:00] core-middleware.AuthMiddleware.INFO: AUTH MIDDLEWARE → 요청 감지 {"path":"login","controller":"login","logged_in":false} []
[2026-04-02T21:03:26.336869+09:00] core-middleware.AuthMiddleware.INFO: PASS → 공개 라우트 접근 허용됨 [] []
[2026-04-02T21:03:27.267186+09:00] core-middleware.AuthMiddleware.INFO: AUTH MIDDLEWARE → 요청 감지 {"path":"login","controller":"login","logged_in":false} []
[2026-04-02T21:03:27.267310+09:00] core-middleware.AuthMiddleware.INFO: PASS → 공개 라우트 접근 허용됨 [] []
[2026-04-02T21:03:27.955485+09:00] core-middleware.AuthMiddleware.INFO: AUTH MIDDLEWARE → 요청 감지 {"path":"login","controller":"login","logged_in":false} []
[2026-04-02T21:03:27.955579+09:00] core-middleware.AuthMiddleware.INFO: PASS → 공개 라우트 접근 허용됨 [] []
[2026-04-02T21:03:28.470043+09:00] core-middleware.AuthMiddleware.INFO: AUTH MIDDLEWARE → 요청 감지 {"path":"login","controller":"login","logged_in":false} []
[2026-04-02T21:03:28.470146+09:00] core-middleware.AuthMiddleware.INFO: PASS → 공개 라우트 접근 허용됨 [] []
[2026-04-02T21:03:28.908214+09:00] core-middleware.AuthMiddleware.INFO: AUTH MIDDLEWARE → 요청 감지 {"path":"login","controller":"login","logged_in":false} []
[2026-04-02T21:03:28.908320+09:00] core-middleware.AuthMiddleware.INFO: PASS → 공개 라우트 접근 허용됨 [] []
[2026-04-02T21:03:33.721230+09:00] core-middleware.AuthMiddleware.INFO: AUTH MIDDLEWARE → 요청 감지 {"path":"login","controller":"login","logged_in":false} []
[2026-04-02T21:03:33.721334+09:00] core-middleware.AuthMiddleware.INFO: PASS → 공개 라우트 접근 허용됨 [] []
[2026-04-02T21:03:34.609083+09:00] core-middleware.AuthMiddleware.INFO: AUTH MIDDLEWARE → 요청 감지 {"path":"login","controller":"login","logged_in":false} []
[2026-04-02T21:03:34.609190+09:00] core-middleware.AuthMiddleware.INFO: PASS → 공개 라우트 접근 허용됨 [] []
[2026-04-02T21:03:35.529757+09:00] core-middleware.AuthMiddleware.INFO: AUTH MIDDLEWARE → 요청 감지 {"path":"login","controller":"login","logged_in":false} []
[2026-04-02T21:03:35.529855+09:00] core-middleware.AuthMiddleware.INFO: PASS → 공개 라우트 접근 허용됨 [] []
[2026-04-02T21:03:36.030314+09:00] core-middleware.AuthMiddleware.INFO: AUTH MIDDLEWARE → 요청 감지 {"path":"login","controller":"login","logged_in":false} []
[2026-04-02T21:03:36.030429+09:00] core-middleware.AuthMiddleware.INFO: PASS → 공개 라우트 접근 허용됨 [] []
[2026-04-02T21:03:36.490590+09:00] core-middleware.AuthMiddleware.INFO: AUTH MIDDLEWARE → 요청 감지 {"path":"login","controller":"login","logged_in":false} []
[2026-04-02T21:03:36.490698+09:00] core-middleware.AuthMiddleware.INFO: PASS → 공개 라우트 접근 허용됨 [] []
[2026-04-02T21:03:36.850193+09:00] core-middleware.AuthMiddleware.INFO: AUTH MIDDLEWARE → 요청 감지 {"path":"login","controller":"login","logged_in":false} []
[2026-04-02T21:03:36.850308+09:00] core-middleware.AuthMiddleware.INFO: PASS → 공개 라우트 접근 허용됨 [] []
[2026-04-02T21:03:37.143691+09:00] core-middleware.AuthMiddleware.INFO: AUTH MIDDLEWARE → 요청 감지 {"path":"login","controller":"login","logged_in":false} []
[2026-04-02T21:03:37.143809+09:00] core-middleware.AuthMiddleware.INFO: PASS → 공개 라우트 접근 허용됨 [] []
[2026-04-02T21:03:37.419914+09:00] core-middleware.AuthMiddleware.INFO: AUTH MIDDLEWARE → 요청 감지 {"path":"login","controller":"login","logged_in":false} []
[2026-04-02T21:03:37.420043+09:00] core-middleware.AuthMiddleware.INFO: PASS → 공개 라우트 접근 허용됨 [] []
[2026-04-02T21:03:38.062778+09:00] core-middleware.AuthMiddleware.INFO: AUTH MIDDLEWARE → 요청 감지 {"path":"login","controller":"login","logged_in":false} []
[2026-04-02T21:03:38.062899+09:00] core-middleware.AuthMiddleware.INFO: PASS → 공개 라우트 접근 허용됨 [] []
[2026-04-02T21:03:38.380718+09:00] core-middleware.AuthMiddleware.INFO: AUTH MIDDLEWARE → 요청 감지 {"path":"login","controller":"login","logged_in":false} []
[2026-04-02T21:03:38.380824+09:00] core-middleware.AuthMiddleware.INFO: PASS → 공개 라우트 접근 허용됨 [] []
[2026-04-02T21:03:38.702405+09:00] core-middleware.AuthMiddleware.INFO: AUTH MIDDLEWARE → 요청 감지 {"path":"login","controller":"login","logged_in":false} []
[2026-04-02T21:03:38.702523+09:00] core-middleware.AuthMiddleware.INFO: PASS → 공개 라우트 접근 허용됨 [] []
[2026-04-02T21:03:38.952813+09:00] core-middleware.AuthMiddleware.INFO: AUTH MIDDLEWARE → 요청 감지 {"path":"login","controller":"login","logged_in":false} []
[2026-04-02T21:03:38.952920+09:00] core-middleware.AuthMiddleware.INFO: PASS → 공개 라우트 접근 허용됨 [] []
[2026-04-02T21:03:39.250764+09:00] core-middleware.AuthMiddleware.INFO: AUTH MIDDLEWARE → 요청 감지 {"path":"login","controller":"login","logged_in":false} []
[2026-04-02T21:03:39.250901+09:00] core-middleware.AuthMiddleware.INFO: PASS → 공개 라우트 접근 허용됨 [] []
[2026-04-02T21:03:39.518354+09:00] core-middleware.AuthMiddleware.INFO: AUTH MIDDLEWARE → 요청 감지 {"path":"login","controller":"login","logged_in":false} []
[2026-04-02T21:03:39.518456+09:00] core-middleware.AuthMiddleware.INFO: PASS → 공개 라우트 접근 허용됨 [] []
[2026-04-02T21:03:39.841674+09:00] core-middleware.AuthMiddleware.INFO: AUTH MIDDLEWARE → 요청 감지 {"path":"login","controller":"login","logged_in":false} []
[2026-04-02T21:03:39.841771+09:00] core-middleware.AuthMiddleware.INFO: PASS → 공개 라우트 접근 허용됨 [] []
[2026-04-02T21:03:40.093548+09:00] core-middleware.AuthMiddleware.INFO: AUTH MIDDLEWARE → 요청 감지 {"path":"login","controller":"login","logged_in":false} []
[2026-04-02T21:03:40.093666+09:00] core-middleware.AuthMiddleware.INFO: PASS → 공개 라우트 접근 허용됨 [] []
[2026-04-02T21:03:40.384235+09:00] core-middleware.AuthMiddleware.INFO: AUTH MIDDLEWARE → 요청 감지 {"path":"login","controller":"login","logged_in":false} []
[2026-04-02T21:03:40.384349+09:00] core-middleware.AuthMiddleware.INFO: PASS → 공개 라우트 접근 허용됨 [] []
[2026-04-02T21:03:40.655607+09:00] core-middleware.AuthMiddleware.INFO: AUTH MIDDLEWARE → 요청 감지 {"path":"login","controller":"login","logged_in":false} []
[2026-04-02T21:03:40.655710+09:00] core-middleware.AuthMiddleware.INFO: PASS → 공개 라우트 접근 허용됨 [] []
[2026-04-02T21:03:40.911863+09:00] core-middleware.AuthMiddleware.INFO: AUTH MIDDLEWARE → 요청 감지 {"path":"login","controller":"login","logged_in":false} []
[2026-04-02T21:03:40.911972+09:00] core-middleware.AuthMiddleware.INFO: PASS → 공개 라우트 접근 허용됨 [] []
[2026-04-02T21:03:41.157752+09:00] core-middleware.AuthMiddleware.INFO: AUTH MIDDLEWARE → 요청 감지 {"path":"login","controller":"login","logged_in":false} []
[2026-04-02T21:03:41.157854+09:00] core-middleware.AuthMiddleware.INFO: PASS → 공개 라우트 접근 허용됨 [] []
[2026-04-02T21:03:41.416028+09:00] core-middleware.AuthMiddleware.INFO: AUTH MIDDLEWARE → 요청 감지 {"path":"login","controller":"login","logged_in":false} []
[2026-04-02T21:03:41.416123+09:00] core-middleware.AuthMiddleware.INFO: PASS → 공개 라우트 접근 허용됨 [] []
[2026-04-02T21:03:41.726937+09:00] core-middleware.AuthMiddleware.INFO: AUTH MIDDLEWARE → 요청 감지 {"path":"login","controller":"login","logged_in":false} []
[2026-04-02T21:03:41.727041+09:00] core-middleware.AuthMiddleware.INFO: PASS → 공개 라우트 접근 허용됨 [] []
[2026-04-02T21:03:42.364856+09:00] core-middleware.AuthMiddleware.INFO: AUTH MIDDLEWARE → 요청 감지 {"path":"login","controller":"login","logged_in":false} []
[2026-04-02T21:03:42.364974+09:00] core-middleware.AuthMiddleware.INFO: PASS → 공개 라우트 접근 허용됨 [] []
[2026-04-02T21:03:43.327863+09:00] core-middleware.AuthMiddleware.INFO: AUTH MIDDLEWARE → 요청 감지 {"path":"login","controller":"login","logged_in":false} []
[2026-04-02T21:03:43.327981+09:00] core-middleware.AuthMiddleware.INFO: PASS → 공개 라우트 접근 허용됨 [] []
[2026-04-02T21:03:43.984915+09:00] core-middleware.AuthMiddleware.INFO: AUTH MIDDLEWARE → 요청 감지 {"path":"login","controller":"login","logged_in":false} []
[2026-04-02T21:03:43.985003+09:00] core-middleware.AuthMiddleware.INFO: PASS → 공개 라우트 접근 허용됨 [] []
[2026-04-02T21:03:50.950104+09:00] core-middleware.AuthMiddleware.INFO: AUTH MIDDLEWARE → 요청 감지 {"path":"home","controller":"home","logged_in":false} []
[2026-04-02T21:03:50.950199+09:00] core-middleware.AuthMiddleware.INFO: PASS → 공개 라우트 접근 허용됨 [] []
[2026-04-02T21:03:51.028101+09:00] core-middleware.AuthMiddleware.INFO: AUTH MIDDLEWARE → 요청 감지 {"path":"login","controller":"login","logged_in":false} []
[2026-04-02T21:03:51.028199+09:00] core-middleware.AuthMiddleware.INFO: PASS → 공개 라우트 접근 허용됨 [] []
[2026-04-02T21:03:58.430273+09:00] core-middleware.AuthMiddleware.INFO: AUTH MIDDLEWARE → 요청 감지 {"path":"api/auth/login","controller":"api","logged_in":false} []
[2026-04-02T21:03:58.430374+09:00] core-middleware.AuthMiddleware.INFO: PASS → API 요청 인증 예외 처리됨 [] []
[2026-04-02T21:03:59.430485+09:00] core-middleware.AuthMiddleware.INFO: AUTH MIDDLEWARE → 요청 감지 {"path":"dashboard","controller":"dashboard","logged_in":true} []
[2026-04-02T21:03:59.430618+09:00] core-middleware.AuthMiddleware.INFO: PASS → 보호된 prefix 접근 (로그인됨) {"prefix":"dashboard"} []
[2026-04-02T21:04:04.795443+09:00] core-middleware.AuthMiddleware.INFO: AUTH MIDDLEWARE → 요청 감지 {"path":"logout","controller":"logout","logged_in":true} []
[2026-04-02T21:04:04.795543+09:00] core-middleware.AuthMiddleware.INFO: PASS → 공개 라우트 접근 허용됨 [] []
[2026-04-02T21:04:04.964131+09:00] core-middleware.AuthMiddleware.INFO: AUTH MIDDLEWARE → 요청 감지 {"path":"login","controller":"login","logged_in":false} []
[2026-04-02T21:04:04.964261+09:00] core-middleware.AuthMiddleware.INFO: PASS → 공개 라우트 접근 허용됨 [] []
[2026-04-02T21:04:06.693707+09:00] core-middleware.AuthMiddleware.INFO: AUTH MIDDLEWARE → 요청 감지 {"path":"login","controller":"login","logged_in":false} []
[2026-04-02T21:04:06.693814+09:00] core-middleware.AuthMiddleware.INFO: PASS → 공개 라우트 접근 허용됨 [] []
[2026-04-02T21:04:42.994966+09:00] core-middleware.AuthMiddleware.INFO: AUTH MIDDLEWARE → 요청 감지 {"path":"login","controller":"login","logged_in":false} []
[2026-04-02T21:04:42.995079+09:00] core-middleware.AuthMiddleware.INFO: PASS → 공개 라우트 접근 허용됨 [] []
[2026-04-02T21:04:45.538490+09:00] core-middleware.AuthMiddleware.INFO: AUTH MIDDLEWARE → 요청 감지 {"path":"login","controller":"login","logged_in":false} []
[2026-04-02T21:04:45.538596+09:00] core-middleware.AuthMiddleware.INFO: PASS → 공개 라우트 접근 허용됨 [] []
[2026-04-02T21:04:46.208977+09:00] core-middleware.AuthMiddleware.INFO: AUTH MIDDLEWARE → 요청 감지 {"path":"login","controller":"login","logged_in":false} []
[2026-04-02T21:04:46.209118+09:00] core-middleware.AuthMiddleware.INFO: PASS → 공개 라우트 접근 허용됨 [] []
[2026-04-02T21:04:46.890375+09:00] core-middleware.AuthMiddleware.INFO: AUTH MIDDLEWARE → 요청 감지 {"path":"login","controller":"login","logged_in":false} []
[2026-04-02T21:04:46.890484+09:00] core-middleware.AuthMiddleware.INFO: PASS → 공개 라우트 접근 허용됨 [] []
[2026-04-02T21:04:47.417122+09:00] core-middleware.AuthMiddleware.INFO: AUTH MIDDLEWARE → 요청 감지 {"path":"login","controller":"login","logged_in":false} []
[2026-04-02T21:04:47.417259+09:00] core-middleware.AuthMiddleware.INFO: PASS → 공개 라우트 접근 허용됨 [] []
[2026-04-02T21:04:47.984470+09:00] core-middleware.AuthMiddleware.INFO: AUTH MIDDLEWARE → 요청 감지 {"path":"login","controller":"login","logged_in":false} []
[2026-04-02T21:04:47.984575+09:00] core-middleware.AuthMiddleware.INFO: PASS → 공개 라우트 접근 허용됨 [] []
[2026-04-02T21:04:48.596360+09:00] core-middleware.AuthMiddleware.INFO: AUTH MIDDLEWARE → 요청 감지 {"path":"login","controller":"login","logged_in":false} []
[2026-04-02T21:04:48.596464+09:00] core-middleware.AuthMiddleware.INFO: PASS → 공개 라우트 접근 허용됨 [] []
[2026-04-02T21:04:49.190476+09:00] core-middleware.AuthMiddleware.INFO: AUTH MIDDLEWARE → 요청 감지 {"path":"login","controller":"login","logged_in":false} []
[2026-04-02T21:04:49.190594+09:00] core-middleware.AuthMiddleware.INFO: PASS → 공개 라우트 접근 허용됨 [] []
[2026-04-02T21:04:49.839545+09:00] core-middleware.AuthMiddleware.INFO: AUTH MIDDLEWARE → 요청 감지 {"path":"login","controller":"login","logged_in":false} []
[2026-04-02T21:04:49.839651+09:00] core-middleware.AuthMiddleware.INFO: PASS → 공개 라우트 접근 허용됨 [] []
[2026-04-02T21:04:50.449688+09:00] core-middleware.AuthMiddleware.INFO: AUTH MIDDLEWARE → 요청 감지 {"path":"login","controller":"login","logged_in":false} []
[2026-04-02T21:04:50.449801+09:00] core-middleware.AuthMiddleware.INFO: PASS → 공개 라우트 접근 허용됨 [] []
[2026-04-02T21:04:50.985210+09:00] core-middleware.AuthMiddleware.INFO: AUTH MIDDLEWARE → 요청 감지 {"path":"login","controller":"login","logged_in":false} []
[2026-04-02T21:04:50.985314+09:00] core-middleware.AuthMiddleware.INFO: PASS → 공개 라우트 접근 허용됨 [] []
[2026-04-02T21:04:51.462944+09:00] core-middleware.AuthMiddleware.INFO: AUTH MIDDLEWARE → 요청 감지 {"path":"login","controller":"login","logged_in":false} []
[2026-04-02T21:04:51.463066+09:00] core-middleware.AuthMiddleware.INFO: PASS → 공개 라우트 접근 허용됨 [] []
[2026-04-02T21:04:51.960438+09:00] core-middleware.AuthMiddleware.INFO: AUTH MIDDLEWARE → 요청 감지 {"path":"login","controller":"login","logged_in":false} []
[2026-04-02T21:04:51.960550+09:00] core-middleware.AuthMiddleware.INFO: PASS → 공개 라우트 접근 허용됨 [] []
[2026-04-02T21:04:52.416269+09:00] core-middleware.AuthMiddleware.INFO: AUTH MIDDLEWARE → 요청 감지 {"path":"login","controller":"login","logged_in":false} []
[2026-04-02T21:04:52.416393+09:00] core-middleware.AuthMiddleware.INFO: PASS → 공개 라우트 접근 허용됨 [] []
[2026-04-02T21:04:52.835404+09:00] core-middleware.AuthMiddleware.INFO: AUTH MIDDLEWARE → 요청 감지 {"path":"login","controller":"login","logged_in":false} []
[2026-04-02T21:04:52.835504+09:00] core-middleware.AuthMiddleware.INFO: PASS → 공개 라우트 접근 허용됨 [] []
[2026-04-02T21:04:53.263929+09:00] core-middleware.AuthMiddleware.INFO: AUTH MIDDLEWARE → 요청 감지 {"path":"login","controller":"login","logged_in":false} []
[2026-04-02T21:04:53.264046+09:00] core-middleware.AuthMiddleware.INFO: PASS → 공개 라우트 접근 허용됨 [] []
[2026-04-02T21:04:53.878131+09:00] core-middleware.AuthMiddleware.INFO: AUTH MIDDLEWARE → 요청 감지 {"path":"login","controller":"login","logged_in":false} []
[2026-04-02T21:04:53.878237+09:00] core-middleware.AuthMiddleware.INFO: PASS → 공개 라우트 접근 허용됨 [] []
[2026-04-02T21:04:54.500702+09:00] core-middleware.AuthMiddleware.INFO: AUTH MIDDLEWARE → 요청 감지 {"path":"login","controller":"login","logged_in":false} []
[2026-04-02T21:04:54.500814+09:00] core-middleware.AuthMiddleware.INFO: PASS → 공개 라우트 접근 허용됨 [] []
[2026-04-02T21:04:55.080744+09:00] core-middleware.AuthMiddleware.INFO: AUTH MIDDLEWARE → 요청 감지 {"path":"login","controller":"login","logged_in":false} []
[2026-04-02T21:04:55.080875+09:00] core-middleware.AuthMiddleware.INFO: PASS → 공개 라우트 접근 허용됨 [] []
[2026-04-02T21:04:55.532219+09:00] core-middleware.AuthMiddleware.INFO: AUTH MIDDLEWARE → 요청 감지 {"path":"login","controller":"login","logged_in":false} []
[2026-04-02T21:04:55.532361+09:00] core-middleware.AuthMiddleware.INFO: PASS → 공개 라우트 접근 허용됨 [] []
[2026-04-02T21:04:55.999600+09:00] core-middleware.AuthMiddleware.INFO: AUTH MIDDLEWARE → 요청 감지 {"path":"login","controller":"login","logged_in":false} []
[2026-04-02T21:04:55.999687+09:00] core-middleware.AuthMiddleware.INFO: PASS → 공개 라우트 접근 허용됨 [] []
[2026-04-02T21:04:56.547445+09:00] core-middleware.AuthMiddleware.INFO: AUTH MIDDLEWARE → 요청 감지 {"path":"login","controller":"login","logged_in":false} []
[2026-04-02T21:04:56.547576+09:00] core-middleware.AuthMiddleware.INFO: PASS → 공개 라우트 접근 허용됨 [] []
[2026-04-02T21:04:57.133084+09:00] core-middleware.AuthMiddleware.INFO: AUTH MIDDLEWARE → 요청 감지 {"path":"login","controller":"login","logged_in":false} []
[2026-04-02T21:04:57.133181+09:00] core-middleware.AuthMiddleware.INFO: PASS → 공개 라우트 접근 허용됨 [] []
[2026-04-02T21:06:12.546573+09:00] core-middleware.AuthMiddleware.INFO: AUTH MIDDLEWARE → 요청 감지 {"path":"api/auth/login","controller":"api","logged_in":false} []
[2026-04-02T21:06:12.546688+09:00] core-middleware.AuthMiddleware.INFO: PASS → API 요청 인증 예외 처리됨 [] []
[2026-04-02T21:06:13.508123+09:00] core-middleware.AuthMiddleware.INFO: AUTH MIDDLEWARE → 요청 감지 {"path":"dashboard","controller":"dashboard","logged_in":true} []
[2026-04-02T21:06:13.508219+09:00] core-middleware.AuthMiddleware.INFO: PASS → 보호된 prefix 접근 (로그인됨) {"prefix":"dashboard"} []
[2026-04-02T21:06:16.090457+09:00] core-middleware.AuthMiddleware.INFO: AUTH MIDDLEWARE → 요청 감지 {"path":"logout","controller":"logout","logged_in":true} []
[2026-04-02T21:06:16.090555+09:00] core-middleware.AuthMiddleware.INFO: PASS → 공개 라우트 접근 허용됨 [] []
[2026-04-02T21:06:16.237888+09:00] core-middleware.AuthMiddleware.INFO: AUTH MIDDLEWARE → 요청 감지 {"path":"login","controller":"login","logged_in":false} []
[2026-04-02T21:06:16.237998+09:00] core-middleware.AuthMiddleware.INFO: PASS → 공개 라우트 접근 허용됨 [] []
[2026-04-02T21:06:18.116013+09:00] core-middleware.AuthMiddleware.INFO: AUTH MIDDLEWARE → 요청 감지 {"path":"find-password","controller":"find-password","logged_in":false} []
[2026-04-02T21:06:18.116114+09:00] core-middleware.AuthMiddleware.INFO: PASS → 공개 라우트 접근 허용됨 [] []
[2026-04-02T21:06:19.521196+09:00] core-middleware.AuthMiddleware.INFO: AUTH MIDDLEWARE → 요청 감지 {"path":"find-id","controller":"find-id","logged_in":false} []
[2026-04-02T21:06:19.521313+09:00] core-middleware.AuthMiddleware.INFO: PASS → 공개 라우트 접근 허용됨 [] []
[2026-04-02T21:06:21.332206+09:00] core-middleware.AuthMiddleware.INFO: AUTH MIDDLEWARE → 요청 감지 {"path":"find-password","controller":"find-password","logged_in":false} []
[2026-04-02T21:06:21.332315+09:00] core-middleware.AuthMiddleware.INFO: PASS → 공개 라우트 접근 허용됨 [] []
[2026-04-02T21:06:22.062980+09:00] core-middleware.AuthMiddleware.INFO: AUTH MIDDLEWARE → 요청 감지 {"path":"find-id","controller":"find-id","logged_in":false} []
[2026-04-02T21:06:22.063082+09:00] core-middleware.AuthMiddleware.INFO: PASS → 공개 라우트 접근 허용됨 [] []
[2026-04-02T21:06:22.857036+09:00] core-middleware.AuthMiddleware.INFO: AUTH MIDDLEWARE → 요청 감지 {"path":"login","controller":"login","logged_in":false} []
[2026-04-02T21:06:22.857142+09:00] core-middleware.AuthMiddleware.INFO: PASS → 공개 라우트 접근 허용됨 [] []
[2026-04-02T21:06:23.862550+09:00] core-middleware.AuthMiddleware.INFO: AUTH MIDDLEWARE → 요청 감지 {"path":"login","controller":"login","logged_in":false} []
[2026-04-02T21:06:23.862689+09:00] core-middleware.AuthMiddleware.INFO: PASS → 공개 라우트 접근 허용됨 [] []
[2026-04-02T21:06:24.567764+09:00] core-middleware.AuthMiddleware.INFO: AUTH MIDDLEWARE → 요청 감지 {"path":"register","controller":"register","logged_in":false} []
[2026-04-02T21:06:24.567873+09:00] core-middleware.AuthMiddleware.INFO: PASS → 공개 라우트 접근 허용됨 [] []
[2026-04-02T21:06:26.506448+09:00] core-middleware.AuthMiddleware.INFO: AUTH MIDDLEWARE → 요청 감지 {"path":"login","controller":"login","logged_in":false} []
[2026-04-02T21:06:26.506546+09:00] core-middleware.AuthMiddleware.INFO: PASS → 공개 라우트 접근 허용됨 [] []
[2026-04-02T21:06:27.870469+09:00] core-middleware.AuthMiddleware.INFO: AUTH MIDDLEWARE → 요청 감지 {"path":"login","controller":"login","logged_in":false} []
[2026-04-02T21:06:27.870572+09:00] core-middleware.AuthMiddleware.INFO: PASS → 공개 라우트 접근 허용됨 [] []
[2026-04-02T21:06:30.123815+09:00] core-middleware.AuthMiddleware.INFO: AUTH MIDDLEWARE → 요청 감지 {"path":"login","controller":"login","logged_in":false} []
[2026-04-02T21:06:30.123917+09:00] core-middleware.AuthMiddleware.INFO: PASS → 공개 라우트 접근 허용됨 [] []
[2026-04-02T21:06:30.774312+09:00] core-middleware.AuthMiddleware.INFO: AUTH MIDDLEWARE → 요청 감지 {"path":"login","controller":"login","logged_in":false} []
[2026-04-02T21:06:30.774412+09:00] core-middleware.AuthMiddleware.INFO: PASS → 공개 라우트 접근 허용됨 [] []
[2026-04-02T21:06:31.354456+09:00] core-middleware.AuthMiddleware.INFO: AUTH MIDDLEWARE → 요청 감지 {"path":"login","controller":"login","logged_in":false} []
[2026-04-02T21:06:31.354568+09:00] core-middleware.AuthMiddleware.INFO: PASS → 공개 라우트 접근 허용됨 [] []
[2026-04-02T21:06:31.873849+09:00] core-middleware.AuthMiddleware.INFO: AUTH MIDDLEWARE → 요청 감지 {"path":"login","controller":"login","logged_in":false} []
[2026-04-02T21:06:31.873973+09:00] core-middleware.AuthMiddleware.INFO: PASS → 공개 라우트 접근 허용됨 [] []
[2026-04-02T21:06:32.397782+09:00] core-middleware.AuthMiddleware.INFO: AUTH MIDDLEWARE → 요청 감지 {"path":"login","controller":"login","logged_in":false} []
[2026-04-02T21:06:32.397906+09:00] core-middleware.AuthMiddleware.INFO: PASS → 공개 라우트 접근 허용됨 [] []
[2026-04-02T21:07:02.549787+09:00] core-middleware.AuthMiddleware.INFO: AUTH MIDDLEWARE → 요청 감지 {"path":"login","controller":"login","logged_in":false} []
[2026-04-02T21:07:02.549925+09:00] core-middleware.AuthMiddleware.INFO: PASS → 공개 라우트 접근 허용됨 [] []
[2026-04-02T21:08:38.079664+09:00] core-middleware.AuthMiddleware.INFO: AUTH MIDDLEWARE → 요청 감지 {"path":"login","controller":"login","logged_in":false} []
[2026-04-02T21:08:38.079762+09:00] core-middleware.AuthMiddleware.INFO: PASS → 공개 라우트 접근 허용됨 [] []
[2026-04-02T21:08:38.836250+09:00] core-middleware.AuthMiddleware.INFO: AUTH MIDDLEWARE → 요청 감지 {"path":"login","controller":"login","logged_in":false} []
[2026-04-02T21:08:38.836350+09:00] core-middleware.AuthMiddleware.INFO: PASS → 공개 라우트 접근 허용됨 [] []
[2026-04-02T21:12:29.747238+09:00] core-middleware.AuthMiddleware.INFO: AUTH MIDDLEWARE → 요청 감지 {"path":"login","controller":"login","logged_in":false} []
[2026-04-02T21:12:29.747349+09:00] core-middleware.AuthMiddleware.INFO: PASS → 공개 라우트 접근 허용됨 [] []
[2026-04-02T21:12:59.033166+09:00] core-middleware.AuthMiddleware.INFO: AUTH MIDDLEWARE → 요청 감지 {"path":"login","controller":"login","logged_in":false} []
[2026-04-02T21:12:59.033309+09:00] core-middleware.AuthMiddleware.INFO: PASS → 공개 라우트 접근 허용됨 [] []
[2026-04-02T21:13:00.541728+09:00] core-middleware.AuthMiddleware.INFO: AUTH MIDDLEWARE → 요청 감지 {"path":"login","controller":"login","logged_in":false} []
[2026-04-02T21:13:00.541836+09:00] core-middleware.AuthMiddleware.INFO: PASS → 공개 라우트 접근 허용됨 [] []
[2026-04-02T21:13:01.457985+09:00] core-middleware.AuthMiddleware.INFO: AUTH MIDDLEWARE → 요청 감지 {"path":"login","controller":"login","logged_in":false} []
[2026-04-02T21:13:01.458088+09:00] core-middleware.AuthMiddleware.INFO: PASS → 공개 라우트 접근 허용됨 [] []
[2026-04-02T21:13:01.930916+09:00] core-middleware.AuthMiddleware.INFO: AUTH MIDDLEWARE → 요청 감지 {"path":"login","controller":"login","logged_in":false} []
[2026-04-02T21:13:01.931029+09:00] core-middleware.AuthMiddleware.INFO: PASS → 공개 라우트 접근 허용됨 [] []
[2026-04-02T21:13:02.478378+09:00] core-middleware.AuthMiddleware.INFO: AUTH MIDDLEWARE → 요청 감지 {"path":"login","controller":"login","logged_in":false} []
[2026-04-02T21:13:02.478482+09:00] core-middleware.AuthMiddleware.INFO: PASS → 공개 라우트 접근 허용됨 [] []
[2026-04-02T21:13:03.075943+09:00] core-middleware.AuthMiddleware.INFO: AUTH MIDDLEWARE → 요청 감지 {"path":"login","controller":"login","logged_in":false} []
[2026-04-02T21:13:03.076052+09:00] core-middleware.AuthMiddleware.INFO: PASS → 공개 라우트 접근 허용됨 [] []
[2026-04-02T21:13:03.757903+09:00] core-middleware.AuthMiddleware.INFO: AUTH MIDDLEWARE → 요청 감지 {"path":"login","controller":"login","logged_in":false} []
[2026-04-02T21:13:03.758008+09:00] core-middleware.AuthMiddleware.INFO: PASS → 공개 라우트 접근 허용됨 [] []
[2026-04-02T21:13:04.365479+09:00] core-middleware.AuthMiddleware.INFO: AUTH MIDDLEWARE → 요청 감지 {"path":"login","controller":"login","logged_in":false} []
[2026-04-02T21:13:04.365582+09:00] core-middleware.AuthMiddleware.INFO: PASS → 공개 라우트 접근 허용됨 [] []
[2026-04-02T21:13:04.905872+09:00] core-middleware.AuthMiddleware.INFO: AUTH MIDDLEWARE → 요청 감지 {"path":"login","controller":"login","logged_in":false} []
[2026-04-02T21:13:04.905973+09:00] core-middleware.AuthMiddleware.INFO: PASS → 공개 라우트 접근 허용됨 [] []
[2026-04-02T21:13:05.409253+09:00] core-middleware.AuthMiddleware.INFO: AUTH MIDDLEWARE → 요청 감지 {"path":"login","controller":"login","logged_in":false} []
[2026-04-02T21:13:05.409353+09:00] core-middleware.AuthMiddleware.INFO: PASS → 공개 라우트 접근 허용됨 [] []
[2026-04-02T21:13:06.042592+09:00] core-middleware.AuthMiddleware.INFO: AUTH MIDDLEWARE → 요청 감지 {"path":"login","controller":"login","logged_in":false} []
[2026-04-02T21:13:06.042710+09:00] core-middleware.AuthMiddleware.INFO: PASS → 공개 라우트 접근 허용됨 [] []
[2026-04-02T21:13:06.463718+09:00] core-middleware.AuthMiddleware.INFO: AUTH MIDDLEWARE → 요청 감지 {"path":"login","controller":"login","logged_in":false} []
[2026-04-02T21:13:06.463839+09:00] core-middleware.AuthMiddleware.INFO: PASS → 공개 라우트 접근 허용됨 [] []
[2026-04-02T21:13:06.930078+09:00] core-middleware.AuthMiddleware.INFO: AUTH MIDDLEWARE → 요청 감지 {"path":"login","controller":"login","logged_in":false} []
[2026-04-02T21:13:06.930184+09:00] core-middleware.AuthMiddleware.INFO: PASS → 공개 라우트 접근 허용됨 [] []
[2026-04-02T21:13:07.401549+09:00] core-middleware.AuthMiddleware.INFO: AUTH MIDDLEWARE → 요청 감지 {"path":"login","controller":"login","logged_in":false} []
[2026-04-02T21:13:07.401645+09:00] core-middleware.AuthMiddleware.INFO: PASS → 공개 라우트 접근 허용됨 [] []
[2026-04-02T21:13:07.821618+09:00] core-middleware.AuthMiddleware.INFO: AUTH MIDDLEWARE → 요청 감지 {"path":"login","controller":"login","logged_in":false} []
[2026-04-02T21:13:07.821742+09:00] core-middleware.AuthMiddleware.INFO: PASS → 공개 라우트 접근 허용됨 [] []
[2026-04-02T21:13:08.261203+09:00] core-middleware.AuthMiddleware.INFO: AUTH MIDDLEWARE → 요청 감지 {"path":"login","controller":"login","logged_in":false} []
[2026-04-02T21:13:08.261295+09:00] core-middleware.AuthMiddleware.INFO: PASS → 공개 라우트 접근 허용됨 [] []
[2026-04-02T21:13:08.633588+09:00] core-middleware.AuthMiddleware.INFO: AUTH MIDDLEWARE → 요청 감지 {"path":"login","controller":"login","logged_in":false} []
[2026-04-02T21:13:08.633690+09:00] core-middleware.AuthMiddleware.INFO: PASS → 공개 라우트 접근 허용됨 [] []
[2026-04-02T21:13:09.116227+09:00] core-middleware.AuthMiddleware.INFO: AUTH MIDDLEWARE → 요청 감지 {"path":"login","controller":"login","logged_in":false} []
[2026-04-02T21:13:09.116354+09:00] core-middleware.AuthMiddleware.INFO: PASS → 공개 라우트 접근 허용됨 [] []
[2026-04-02T21:13:09.770922+09:00] core-middleware.AuthMiddleware.INFO: AUTH MIDDLEWARE → 요청 감지 {"path":"login","controller":"login","logged_in":false} []
[2026-04-02T21:13:09.771049+09:00] core-middleware.AuthMiddleware.INFO: PASS → 공개 라우트 접근 허용됨 [] []
[2026-04-02T21:13:10.298446+09:00] core-middleware.AuthMiddleware.INFO: AUTH MIDDLEWARE → 요청 감지 {"path":"login","controller":"login","logged_in":false} []
[2026-04-02T21:13:10.298543+09:00] core-middleware.AuthMiddleware.INFO: PASS → 공개 라우트 접근 허용됨 [] []
[2026-04-02T21:13:10.972803+09:00] core-middleware.AuthMiddleware.INFO: AUTH MIDDLEWARE → 요청 감지 {"path":"login","controller":"login","logged_in":false} []
[2026-04-02T21:13:10.972911+09:00] core-middleware.AuthMiddleware.INFO: PASS → 공개 라우트 접근 허용됨 [] []
[2026-04-02T21:19:56.916459+09:00] core-middleware.AuthMiddleware.INFO: AUTH MIDDLEWARE → 요청 감지 {"path":"login","controller":"login","logged_in":false} []
[2026-04-02T21:19:56.916558+09:00] core-middleware.AuthMiddleware.INFO: PASS → 공개 라우트 접근 허용됨 [] []
[2026-04-02T21:19:58.056978+09:00] core-middleware.AuthMiddleware.INFO: AUTH MIDDLEWARE → 요청 감지 {"path":"login","controller":"login","logged_in":false} []
[2026-04-02T21:19:58.057089+09:00] core-middleware.AuthMiddleware.INFO: PASS → 공개 라우트 접근 허용됨 [] []
[2026-04-02T21:19:58.833930+09:00] core-middleware.AuthMiddleware.INFO: AUTH MIDDLEWARE → 요청 감지 {"path":"login","controller":"login","logged_in":false} []
[2026-04-02T21:19:58.834059+09:00] core-middleware.AuthMiddleware.INFO: PASS → 공개 라우트 접근 허용됨 [] []
[2026-04-02T21:20:46.448703+09:00] core-middleware.AuthMiddleware.INFO: AUTH MIDDLEWARE → 요청 감지 {"path":"login","controller":"login","logged_in":false} []
[2026-04-02T21:20:46.448809+09:00] core-middleware.AuthMiddleware.INFO: PASS → 공개 라우트 접근 허용됨 [] []
[2026-04-02T21:20:47.204684+09:00] core-middleware.AuthMiddleware.INFO: AUTH MIDDLEWARE → 요청 감지 {"path":"login","controller":"login","logged_in":false} []
[2026-04-02T21:20:47.204792+09:00] core-middleware.AuthMiddleware.INFO: PASS → 공개 라우트 접근 허용됨 [] []
[2026-04-02T21:20:47.591692+09:00] core-middleware.AuthMiddleware.INFO: AUTH MIDDLEWARE → 요청 감지 {"path":"login","controller":"login","logged_in":false} []
[2026-04-02T21:20:47.591794+09:00] core-middleware.AuthMiddleware.INFO: PASS → 공개 라우트 접근 허용됨 [] []
[2026-04-02T21:20:47.876181+09:00] core-middleware.AuthMiddleware.INFO: AUTH MIDDLEWARE → 요청 감지 {"path":"login","controller":"login","logged_in":false} []
[2026-04-02T21:20:47.876278+09:00] core-middleware.AuthMiddleware.INFO: PASS → 공개 라우트 접근 허용됨 [] []
[2026-04-02T21:20:48.104445+09:00] core-middleware.AuthMiddleware.INFO: AUTH MIDDLEWARE → 요청 감지 {"path":"login","controller":"login","logged_in":false} []
[2026-04-02T21:20:48.104547+09:00] core-middleware.AuthMiddleware.INFO: PASS → 공개 라우트 접근 허용됨 [] []
[2026-04-02T21:20:50.246353+09:00] core-middleware.AuthMiddleware.INFO: AUTH MIDDLEWARE → 요청 감지 {"path":"login","controller":"login","logged_in":false} []
[2026-04-02T21:20:50.246453+09:00] core-middleware.AuthMiddleware.INFO: PASS → 공개 라우트 접근 허용됨 [] []
[2026-04-02T21:21:39.912822+09:00] core-middleware.AuthMiddleware.INFO: AUTH MIDDLEWARE → 요청 감지 {"path":"login","controller":"login","logged_in":false} []
[2026-04-02T21:21:39.912924+09:00] core-middleware.AuthMiddleware.INFO: PASS → 공개 라우트 접근 허용됨 [] []
[2026-04-02T21:21:40.775896+09:00] core-middleware.AuthMiddleware.INFO: AUTH MIDDLEWARE → 요청 감지 {"path":"login","controller":"login","logged_in":false} []
[2026-04-02T21:21:40.776030+09:00] core-middleware.AuthMiddleware.INFO: PASS → 공개 라우트 접근 허용됨 [] []
[2026-04-02T21:23:18.999797+09:00] core-middleware.AuthMiddleware.INFO: AUTH MIDDLEWARE → 요청 감지 {"path":"login","controller":"login","logged_in":false} []
[2026-04-02T21:23:18.999928+09:00] core-middleware.AuthMiddleware.INFO: PASS → 공개 라우트 접근 허용됨 [] []
[2026-04-02T21:23:20.407996+09:00] core-middleware.AuthMiddleware.INFO: AUTH MIDDLEWARE → 요청 감지 {"path":"login","controller":"login","logged_in":false} []
[2026-04-02T21:23:20.408097+09:00] core-middleware.AuthMiddleware.INFO: PASS → 공개 라우트 접근 허용됨 [] []
[2026-04-02T21:23:21.265109+09:00] core-middleware.AuthMiddleware.INFO: AUTH MIDDLEWARE → 요청 감지 {"path":"login","controller":"login","logged_in":false} []
[2026-04-02T21:23:21.265210+09:00] core-middleware.AuthMiddleware.INFO: PASS → 공개 라우트 접근 허용됨 [] []
[2026-04-02T21:23:24.038340+09:00] core-middleware.AuthMiddleware.INFO: AUTH MIDDLEWARE → 요청 감지 {"path":"login","controller":"login","logged_in":false} []
[2026-04-02T21:23:24.038467+09:00] core-middleware.AuthMiddleware.INFO: PASS → 공개 라우트 접근 허용됨 [] []
[2026-04-02T21:23:24.803843+09:00] core-middleware.AuthMiddleware.INFO: AUTH MIDDLEWARE → 요청 감지 {"path":"login","controller":"login","logged_in":false} []
[2026-04-02T21:23:24.803967+09:00] core-middleware.AuthMiddleware.INFO: PASS → 공개 라우트 접근 허용됨 [] []
[2026-04-02T21:28:06.644896+09:00] core-middleware.AuthMiddleware.INFO: AUTH MIDDLEWARE → 요청 감지 {"path":"login","controller":"login","logged_in":false} []
[2026-04-02T21:28:06.645023+09:00] core-middleware.AuthMiddleware.INFO: PASS → 공개 라우트 접근 허용됨 [] []
[2026-04-02T21:28:07.891599+09:00] core-middleware.AuthMiddleware.INFO: AUTH MIDDLEWARE → 요청 감지 {"path":"login","controller":"login","logged_in":false} []
[2026-04-02T21:28:07.891704+09:00] core-middleware.AuthMiddleware.INFO: PASS → 공개 라우트 접근 허용됨 [] []
[2026-04-02T21:31:31.085455+09:00] core-middleware.AuthMiddleware.INFO: AUTH MIDDLEWARE → 요청 감지 {"path":"login","controller":"login","logged_in":false} []
[2026-04-02T21:31:31.085600+09:00] core-middleware.AuthMiddleware.INFO: PASS → 공개 라우트 접근 허용됨 [] []
[2026-04-02T21:31:32.371657+09:00] core-middleware.AuthMiddleware.INFO: AUTH MIDDLEWARE → 요청 감지 {"path":"login","controller":"login","logged_in":false} []
[2026-04-02T21:31:32.371757+09:00] core-middleware.AuthMiddleware.INFO: PASS → 공개 라우트 접근 허용됨 [] []
[2026-04-02T21:32:15.628529+09:00] core-middleware.AuthMiddleware.INFO: AUTH MIDDLEWARE → 요청 감지 {"path":"login","controller":"login","logged_in":false} []
[2026-04-02T21:32:15.628637+09:00] core-middleware.AuthMiddleware.INFO: PASS → 공개 라우트 접근 허용됨 [] []
[2026-04-02T21:32:23.309414+09:00] core-middleware.AuthMiddleware.INFO: AUTH MIDDLEWARE → 요청 감지 {"path":"login","controller":"login","logged_in":false} []
[2026-04-02T21:32:23.309516+09:00] core-middleware.AuthMiddleware.INFO: PASS → 공개 라우트 접근 허용됨 [] []
[2026-04-02T21:32:24.962642+09:00] core-middleware.AuthMiddleware.INFO: AUTH MIDDLEWARE → 요청 감지 {"path":"login","controller":"login","logged_in":false} []
[2026-04-02T21:32:24.962765+09:00] core-middleware.AuthMiddleware.INFO: PASS → 공개 라우트 접근 허용됨 [] []
[2026-04-02T21:33:31.910718+09:00] core-middleware.AuthMiddleware.INFO: AUTH MIDDLEWARE → 요청 감지 {"path":"login","controller":"login","logged_in":false} []
[2026-04-02T21:33:31.910845+09:00] core-middleware.AuthMiddleware.INFO: PASS → 공개 라우트 접근 허용됨 [] []
[2026-04-02T21:33:33.474416+09:00] core-middleware.AuthMiddleware.INFO: AUTH MIDDLEWARE → 요청 감지 {"path":"login","controller":"login","logged_in":false} []
[2026-04-02T21:33:33.474515+09:00] core-middleware.AuthMiddleware.INFO: PASS → 공개 라우트 접근 허용됨 [] []
[2026-04-02T21:33:40.069633+09:00] core-middleware.AuthMiddleware.INFO: AUTH MIDDLEWARE → 요청 감지 {"path":"login","controller":"login","logged_in":false} []
[2026-04-02T21:33:40.069744+09:00] core-middleware.AuthMiddleware.INFO: PASS → 공개 라우트 접근 허용됨 [] []
[2026-04-02T21:33:43.803132+09:00] core-middleware.AuthMiddleware.INFO: AUTH MIDDLEWARE → 요청 감지 {"path":"login","controller":"login","logged_in":false} []
[2026-04-02T21:33:43.803257+09:00] core-middleware.AuthMiddleware.INFO: PASS → 공개 라우트 접근 허용됨 [] []
[2026-04-02T21:36:11.498489+09:00] core-middleware.AuthMiddleware.INFO: AUTH MIDDLEWARE → 요청 감지 {"path":"login","controller":"login","logged_in":false} []
[2026-04-02T21:36:11.498607+09:00] core-middleware.AuthMiddleware.INFO: PASS → 공개 라우트 접근 허용됨 [] []
[2026-04-02T21:38:09.606428+09:00] core-middleware.AuthMiddleware.INFO: AUTH MIDDLEWARE → 요청 감지 {"path":"home","controller":"home","logged_in":false} []
[2026-04-02T21:38:09.606540+09:00] core-middleware.AuthMiddleware.INFO: PASS → 공개 라우트 접근 허용됨 [] []
[2026-04-02T21:39:42.020388+09:00] core-middleware.AuthMiddleware.INFO: AUTH MIDDLEWARE → 요청 감지 {"path":"about","controller":"about","logged_in":false} []
[2026-04-02T21:39:42.020502+09:00] core-middleware.AuthMiddleware.INFO: PASS → 공개 라우트 접근 허용됨 [] []
[2026-04-02T21:39:42.576788+09:00] core-middleware.AuthMiddleware.INFO: AUTH MIDDLEWARE → 요청 감지 {"path":"vision","controller":"vision","logged_in":false} []
[2026-04-02T21:39:42.576911+09:00] core-middleware.AuthMiddleware.INFO: PASS → 특별 규칙 없음. 요청 허용됨. {"path":"vision"} []
[2026-04-02T21:39:43.098667+09:00] core-middleware.AuthMiddleware.INFO: AUTH MIDDLEWARE → 요청 감지 {"path":"contact","controller":"contact","logged_in":false} []
[2026-04-02T21:39:43.098781+09:00] core-middleware.AuthMiddleware.INFO: PASS → 공개 라우트 접근 허용됨 [] []
[2026-04-02T21:39:44.424637+09:00] core-middleware.AuthMiddleware.INFO: AUTH MIDDLEWARE → 요청 감지 {"path":"login","controller":"login","logged_in":false} []
[2026-04-02T21:39:44.424750+09:00] core-middleware.AuthMiddleware.INFO: PASS → 공개 라우트 접근 허용됨 [] []
[2026-04-02T21:39:46.433161+09:00] core-middleware.AuthMiddleware.INFO: AUTH MIDDLEWARE → 요청 감지 {"path":"api/auth/login","controller":"api","logged_in":false} []
[2026-04-02T21:39:46.433264+09:00] core-middleware.AuthMiddleware.INFO: PASS → API 요청 인증 예외 처리됨 [] []
[2026-04-02T21:39:47.281463+09:00] core-middleware.AuthMiddleware.INFO: AUTH MIDDLEWARE → 요청 감지 {"path":"dashboard","controller":"dashboard","logged_in":true} []
[2026-04-02T21:39:47.281594+09:00] core-middleware.AuthMiddleware.INFO: PASS → 보호된 prefix 접근 (로그인됨) {"prefix":"dashboard"} []
[2026-04-02T21:39:49.033453+09:00] core-middleware.AuthMiddleware.INFO: AUTH MIDDLEWARE → 요청 감지 {"path":"logout","controller":"logout","logged_in":true} []
[2026-04-02T21:39:49.033573+09:00] core-middleware.AuthMiddleware.INFO: PASS → 공개 라우트 접근 허용됨 [] []
[2026-04-02T21:39:49.152904+09:00] core-middleware.AuthMiddleware.INFO: AUTH MIDDLEWARE → 요청 감지 {"path":"login","controller":"login","logged_in":false} []
[2026-04-02T21:39:49.153029+09:00] core-middleware.AuthMiddleware.INFO: PASS → 공개 라우트 접근 허용됨 [] []
[2026-04-02T21:39:51.686122+09:00] core-middleware.AuthMiddleware.INFO: AUTH MIDDLEWARE → 요청 감지 {"path":"home","controller":"home","logged_in":false} []
[2026-04-02T21:39:51.686220+09:00] core-middleware.AuthMiddleware.INFO: PASS → 공개 라우트 접근 허용됨 [] []
