[2026-04-02T21:36:11.354031+09:00] core-Session.INFO: 🚀 Session started {"session_id":"afc9c39d76d249fbf2336665488c21ba","https":true,"domain":"sukhyang.synology.me"} []
[2026-04-02T21:36:11.397346+09:00] core-Session.INFO: ⚙ config loaded {"key":"session_timeout","value":"60"} []
[2026-04-02T21:36:11.423683+09:00] core-Session.INFO: 🔓 Not authenticated (no user) [] []
[2026-04-02T21:36:11.423739+09:00] core-Session.WARNING: 🚫 requireAuth() → 인증 실패 {"ajax":false,"path":"/"} []
[2026-04-02T21:36:11.427876+09:00] core-Session.INFO: 🚀 Session started {"session_id":"afc9c39d76d249fbf2336665488c21ba","https":true,"domain":"sukhyang.synology.me"} []
[2026-04-02T21:36:11.471511+09:00] core-Session.INFO: ⚙ config loaded {"key":"session_timeout","value":"60"} []
[2026-04-02T21:38:08.963174+09:00] core-Session.INFO: 🚀 Session started {"session_id":"afc9c39d76d249fbf2336665488c21ba","https":true,"domain":"sukhyang.synology.me"} []
[2026-04-02T21:38:09.469142+09:00] core-Session.INFO: ⚙ config loaded {"key":"session_timeout","value":"60"} []
[2026-04-02T21:38:09.514085+09:00] core-Session.INFO: 🚀 Session started {"session_id":"afc9c39d76d249fbf2336665488c21ba","https":true,"domain":"sukhyang.synology.me"} []
[2026-04-02T21:38:09.577437+09:00] core-Session.INFO: ⚙ config loaded {"key":"session_timeout","value":"60"} []
[2026-04-02T21:39:41.951142+09:00] core-Session.INFO: 🚀 Session started {"session_id":"afc9c39d76d249fbf2336665488c21ba","https":true,"domain":"sukhyang.synology.me"} []
[2026-04-02T21:39:41.993439+09:00] core-Session.INFO: ⚙ config loaded {"key":"session_timeout","value":"60"} []
[2026-04-02T21:39:42.506899+09:00] core-Session.INFO: 🚀 Session started {"session_id":"afc9c39d76d249fbf2336665488c21ba","https":true,"domain":"sukhyang.synology.me"} []
[2026-04-02T21:39:42.549847+09:00] core-Session.INFO: ⚙ config loaded {"key":"session_timeout","value":"60"} []
[2026-04-02T21:39:42.984464+09:00] core-Session.INFO: 🚀 Session started {"session_id":"afc9c39d76d249fbf2336665488c21ba","https":true,"domain":"sukhyang.synology.me"} []
[2026-04-02T21:39:43.072017+09:00] core-Session.INFO: ⚙ config loaded {"key":"session_timeout","value":"60"} []
[2026-04-02T21:39:44.348445+09:00] core-Session.INFO: 🚀 Session started {"session_id":"afc9c39d76d249fbf2336665488c21ba","https":true,"domain":"sukhyang.synology.me"} []
[2026-04-02T21:39:44.390493+09:00] core-Session.INFO: ⚙ config loaded {"key":"session_timeout","value":"60"} []
[2026-04-02T21:39:46.358867+09:00] core-Session.INFO: 🚀 Session started {"session_id":"afc9c39d76d249fbf2336665488c21ba","https":true,"domain":"sukhyang.synology.me"} []
[2026-04-02T21:39:46.406861+09:00] core-Session.INFO: ⚙ config loaded {"key":"session_timeout","value":"60"} []
[2026-04-02T21:39:47.206013+09:00] core-Session.INFO: 🚀 Session started {"session_id":"afc9c39d76d249fbf2336665488c21ba","https":true,"domain":"sukhyang.synology.me"} []
[2026-04-02T21:39:47.254816+09:00] core-Session.INFO: ⚙ config loaded {"key":"session_timeout","value":"60"} []
[2026-04-02T21:39:47.282221+09:00] core-Session.INFO: 🔐 Authenticated {"user_id":"f113b666-ff40-4f93-a7e7-8cea4cdc9c28"} []
[2026-04-02T21:39:47.283937+09:00] core-Session.INFO: 🔐 Authenticated {"user_id":"f113b666-ff40-4f93-a7e7-8cea4cdc9c28"} []
[2026-04-02T21:39:48.890890+09:00] core-Session.INFO: 🚀 Session started {"session_id":"afc9c39d76d249fbf2336665488c21ba","https":true,"domain":"sukhyang.synology.me"} []
[2026-04-02T21:39:48.932296+09:00] core-Session.INFO: ⚙ config loaded {"key":"session_timeout","value":"60"} []
[2026-04-02T21:39:48.959208+09:00] core-Session.INFO: 🔐 Authenticated {"user_id":"f113b666-ff40-4f93-a7e7-8cea4cdc9c28"} []
[2026-04-02T21:39:48.961145+09:00] core-Session.INFO: 🚀 Session started {"session_id":"afc9c39d76d249fbf2336665488c21ba","https":true,"domain":"sukhyang.synology.me"} []
[2026-04-02T21:39:49.004418+09:00] core-Session.INFO: ⚙ config loaded {"key":"session_timeout","value":"60"} []
[2026-04-02T21:39:49.081627+09:00] core-Session.INFO: 🚀 Session started {"session_id":"afc9c39d76d249fbf2336665488c21ba","https":true,"domain":"sukhyang.synology.me"} []
[2026-04-02T21:39:49.123743+09:00] core-Session.INFO: ⚙ config loaded {"key":"session_timeout","value":"60"} []
[2026-04-02T21:39:49.123865+09:00] core-Session.INFO: ⏱ expire_time initialized {"expire_time":1775137189,"timeout_min":60} []
[2026-04-02T21:39:51.501932+09:00] core-Session.INFO: 🚀 Session started {"session_id":"afc9c39d76d249fbf2336665488c21ba","https":true,"domain":"sukhyang.synology.me"} []
[2026-04-02T21:39:51.546541+09:00] core-Session.INFO: ⚙ config loaded {"key":"session_timeout","value":"60"} []
[2026-04-02T21:39:51.574590+09:00] core-Session.INFO: 🚀 Session started {"session_id":"afc9c39d76d249fbf2336665488c21ba","https":true,"domain":"sukhyang.synology.me"} []
[2026-04-02T21:39:51.660527+09:00] core-Session.INFO: ⚙ config loaded {"key":"session_timeout","value":"60"} []
[2026-04-02T22:06:36.563257+09:00] core-Session.INFO: 🚀 Session started {"session_id":"86aab9500c31e645d13f9ef4bbf431da","https":true,"domain":"sukhyang.synology.me"} []
[2026-04-02T22:06:36.649463+09:00] core-Session.INFO: ⚙ config loaded {"key":"session_timeout","value":"60"} []
[2026-04-02T22:06:36.649598+09:00] core-Session.INFO: ⏱ expire_time initialized {"expire_time":1775138796,"timeout_min":60} []
[2026-04-02T22:06:36.672680+09:00] core-Session.INFO: 🔓 Not authenticated (no user) [] []
[2026-04-02T23:37:36.459443+09:00] core-Session.INFO: 🚀 Session started {"session_id":"19bb7be1af8916526a2d5dd1564b2b8b","https":true,"domain":"sukhyang.synology.me"} []
[2026-04-02T23:37:37.955522+09:00] core-Session.INFO: ⚙ config loaded {"key":"session_timeout","value":"60"} []
[2026-04-02T23:37:37.955691+09:00] core-Session.INFO: ⏱ expire_time initialized {"expire_time":1775144257,"timeout_min":60} []
[2026-04-02T23:37:37.975980+09:00] core-Session.INFO: 🔓 Not authenticated (no user) [] []
