[02-Apr-2026 21:33:40 Asia/Seoul] 🌐 세션 시작됨: afc9c39d76d249fbf2336665488c21ba
[02-Apr-2026 21:33:40 Asia/Seoul] [ROUTES] api.php LOADED
[02-Apr-2026 21:33:41 Asia/Seoul] 🌐 세션 시작됨: fb48c70e5fdb976fc30dfba0715e2241
[02-Apr-2026 21:33:41 Asia/Seoul] [ROUTES] api.php LOADED
[02-Apr-2026 21:33:43 Asia/Seoul] 🌐 세션 시작됨: afc9c39d76d249fbf2336665488c21ba
[02-Apr-2026 21:33:43 Asia/Seoul] [ROUTES] api.php LOADED
[02-Apr-2026 21:33:43 Asia/Seoul] 🌐 세션 시작됨: afc9c39d76d249fbf2336665488c21ba
[02-Apr-2026 21:33:43 Asia/Seoul] [ROUTES] api.php LOADED
[02-Apr-2026 21:33:54 Asia/Seoul] 🌐 세션 시작됨: bb85548ac58cdfef46dcf39467927a21
[02-Apr-2026 21:33:54 Asia/Seoul] [ROUTES] api.php LOADED
[02-Apr-2026 21:36:11 Asia/Seoul] 🌐 세션 시작됨: afc9c39d76d249fbf2336665488c21ba
[02-Apr-2026 21:36:11 Asia/Seoul] [ROUTES] api.php LOADED
[02-Apr-2026 21:36:11 Asia/Seoul] 🌐 세션 시작됨: afc9c39d76d249fbf2336665488c21ba
[02-Apr-2026 21:36:11 Asia/Seoul] [ROUTES] api.php LOADED
[02-Apr-2026 21:38:09 Asia/Seoul] 🌐 세션 시작됨: afc9c39d76d249fbf2336665488c21ba
[02-Apr-2026 21:38:09 Asia/Seoul] [ROUTES] api.php LOADED
[02-Apr-2026 21:38:09 Asia/Seoul] 🌐 세션 시작됨: afc9c39d76d249fbf2336665488c21ba
[02-Apr-2026 21:38:09 Asia/Seoul] [ROUTES] api.php LOADED
[02-Apr-2026 21:39:41 Asia/Seoul] 🌐 세션 시작됨: afc9c39d76d249fbf2336665488c21ba
[02-Apr-2026 21:39:41 Asia/Seoul] [ROUTES] api.php LOADED
[02-Apr-2026 21:39:42 Asia/Seoul] 🌐 세션 시작됨: afc9c39d76d249fbf2336665488c21ba
[02-Apr-2026 21:39:42 Asia/Seoul] [ROUTES] api.php LOADED
[02-Apr-2026 21:39:43 Asia/Seoul] 🌐 세션 시작됨: afc9c39d76d249fbf2336665488c21ba
[02-Apr-2026 21:39:43 Asia/Seoul] [ROUTES] api.php LOADED
[02-Apr-2026 21:39:44 Asia/Seoul] 🌐 세션 시작됨: afc9c39d76d249fbf2336665488c21ba
[02-Apr-2026 21:39:44 Asia/Seoul] [ROUTES] api.php LOADED
[02-Apr-2026 21:39:46 Asia/Seoul] 🌐 세션 시작됨: afc9c39d76d249fbf2336665488c21ba
[02-Apr-2026 21:39:46 Asia/Seoul] [ROUTES] api.php LOADED
[02-Apr-2026 21:39:47 Asia/Seoul] 🌐 세션 시작됨: afc9c39d76d249fbf2336665488c21ba
[02-Apr-2026 21:39:47 Asia/Seoul] [ROUTES] api.php LOADED
[02-Apr-2026 21:39:47 Asia/Seoul] Page Title: 대시보드
[02-Apr-2026 21:39:47 Asia/Seoul] Page Styles: <link rel="stylesheet" href="/public/assets/css/pages/dashboard/index.css?v=1762767828">
[02-Apr-2026 21:39:47 Asia/Seoul] Page Scripts: <script src="https://cdn.jsdelivr.net/npm/chart.js" defer></script><script src="/public/assets/js/pages/dashboard/index.js?v=1774528398" defer></script>
[02-Apr-2026 21:39:47 Asia/Seoul] [UI TEST] ui_skin = 'dark'
[02-Apr-2026 21:39:48 Asia/Seoul] 🌐 세션 시작됨: afc9c39d76d249fbf2336665488c21ba
[02-Apr-2026 21:39:48 Asia/Seoul] [ROUTES] api.php LOADED
[02-Apr-2026 21:39:49 Asia/Seoul] 🌐 세션 시작됨: afc9c39d76d249fbf2336665488c21ba
[02-Apr-2026 21:39:49 Asia/Seoul] [ROUTES] api.php LOADED
[02-Apr-2026 21:39:49 Asia/Seoul] 🌐 세션 시작됨: afc9c39d76d249fbf2336665488c21ba
[02-Apr-2026 21:39:49 Asia/Seoul] [ROUTES] api.php LOADED
[02-Apr-2026 21:39:51 Asia/Seoul] 🌐 세션 시작됨: afc9c39d76d249fbf2336665488c21ba
[02-Apr-2026 21:39:51 Asia/Seoul] [ROUTES] api.php LOADED
[02-Apr-2026 21:39:51 Asia/Seoul] 🌐 세션 시작됨: afc9c39d76d249fbf2336665488c21ba
[02-Apr-2026 21:39:51 Asia/Seoul] [ROUTES] api.php LOADED
[02-Apr-2026 22:06:36 Asia/Seoul] 🌐 세션 시작됨: 86aab9500c31e645d13f9ef4bbf431da
[02-Apr-2026 22:06:36 Asia/Seoul] [ROUTES] api.php LOADED
[02-Apr-2026 23:37:37 Asia/Seoul] 🌐 세션 시작됨: 19bb7be1af8916526a2d5dd1564b2b8b
[02-Apr-2026 23:37:37 Asia/Seoul] [ROUTES] api.php LOADED
[03-Apr-2026 08:21:40 Asia/Seoul] 🌐 세션 시작됨: 2c2fe50188d02b72be22186b607b87ac
[03-Apr-2026 08:21:40 Asia/Seoul] 🌐 세션 시작됨: 753852ed28a860068fb099bb29ce7773
[03-Apr-2026 08:21:40 Asia/Seoul] [ROUTES] api.php LOADED
[03-Apr-2026 08:21:40 Asia/Seoul] [ROUTES] api.php LOADED
[03-Apr-2026 08:21:45 Asia/Seoul] 🌐 세션 시작됨: 2c2fe50188d02b72be22186b607b87ac
[03-Apr-2026 08:21:45 Asia/Seoul] [ROUTES] api.php LOADED
[03-Apr-2026 08:22:04 Asia/Seoul] 🌐 세션 시작됨: 2c2fe50188d02b72be22186b607b87ac
[03-Apr-2026 08:22:04 Asia/Seoul] [ROUTES] api.php LOADED
[03-Apr-2026 08:22:06 Asia/Seoul] 🌐 세션 시작됨: 2c2fe50188d02b72be22186b607b87ac
[03-Apr-2026 08:22:06 Asia/Seoul] [ROUTES] api.php LOADED
[03-Apr-2026 08:22:09 Asia/Seoul] 🌐 세션 시작됨: 2c2fe50188d02b72be22186b607b87ac
[03-Apr-2026 08:22:09 Asia/Seoul] [ROUTES] api.php LOADED
[03-Apr-2026 08:22:09 Asia/Seoul] Page Title: 대시보드
[03-Apr-2026 08:22:09 Asia/Seoul] Page Styles: <link rel="stylesheet" href="/public/assets/css/pages/dashboard/index.css?v=1762767828">
[03-Apr-2026 08:22:09 Asia/Seoul] Page Scripts: <script src="https://cdn.jsdelivr.net/npm/chart.js" defer></script><script src="/public/assets/js/pages/dashboard/index.js?v=1774528398" defer></script>
[03-Apr-2026 08:22:09 Asia/Seoul] [UI TEST] ui_skin = 'dark'
[03-Apr-2026 08:22:11 Asia/Seoul] 🌐 세션 시작됨: 2c2fe50188d02b72be22186b607b87ac
[03-Apr-2026 08:22:11 Asia/Seoul] [ROUTES] api.php LOADED
[03-Apr-2026 08:22:11 Asia/Seoul] Page Title: 환경설정
[03-Apr-2026 08:22:11 Asia/Seoul] Page Styles: <link rel="stylesheet" href="/public/assets/css/pages/dashboard/settings.css?v=1773818156"><link rel="stylesheet" href="/public/assets/css/pages/dashboard/settings/company.css?v=1765503841"><link rel="stylesheet" href="/public/assets/css/pages/dashboard/settings/brand-logo.css?v=1774005310"><link rel="stylesheet" href="/public/assets/css/pages/dashboard/settings/cover.css?v=1773996061"><link rel="stylesheet" href="/public/assets/css/pages/dashboard/settings/client.css?v=1774445089"><link rel="stylesheet" href="/public/assets/css/pages/dashboard/settings/project.css?v=1774401143"><link rel="stylesheet" href="/public/assets/css/pages/dashboard/settings/employee.css?v=1774254271"><link rel="stylesheet" href="/public/assets/css/pages/dashboard/settings/departments.css?v=1774257340">
[03-Apr-2026 08:22:11 Asia/Seoul] Page Scripts: <script src="/public/assets/js/pages/dashboard/settings/base/company.js?v=1775023747" defer></script>
[03-Apr-2026 08:22:11 Asia/Seoul] [UI TEST] ui_skin = 'dark'
[03-Apr-2026 08:22:12 Asia/Seoul] 🌐 세션 시작됨: 2c2fe50188d02b72be22186b607b87ac
[03-Apr-2026 08:22:12 Asia/Seoul] [ROUTES] api.php LOADED
[03-Apr-2026 08:22:15 Asia/Seoul] 🌐 세션 시작됨: 2c2fe50188d02b72be22186b607b87ac
[03-Apr-2026 08:22:15 Asia/Seoul] [ROUTES] api.php LOADED
[03-Apr-2026 08:22:15 Asia/Seoul] Page Title: 직원
[03-Apr-2026 08:22:15 Asia/Seoul] Page Styles: <link rel="stylesheet" href="/public/assets/css/pages/dashboard/settings.css?v=1773818156"><link rel="stylesheet" href="/public/assets/css/pages/dashboard/settings/company.css?v=1765503841"><link rel="stylesheet" href="/public/assets/css/pages/dashboard/settings/brand-logo.css?v=1774005310"><link rel="stylesheet" href="/public/assets/css/pages/dashboard/settings/cover.css?v=1773996061"><link rel="stylesheet" href="/public/assets/css/pages/dashboard/settings/client.css?v=1774445089"><link rel="stylesheet" href="/public/assets/css/pages/dashboard/settings/project.css?v=1774401143"><link rel="stylesheet" href="/public/assets/css/pages/dashboard/settings/employee.css?v=1774254271"><link rel="stylesheet" href="/public/assets/css/pages/dashboard/settings/departments.css?v=1774257340">
[03-Apr-2026 08:22:15 Asia/Seoul] Page Scripts: <script type="module" src="/public/assets/js/pages/dashboard/settings/organization/employees.js?v=1774998731"></script>
[03-Apr-2026 08:22:15 Asia/Seoul] [UI TEST] ui_skin = 'dark'
[03-Apr-2026 08:22:20 Asia/Seoul] 🌐 세션 시작됨: 2c2fe50188d02b72be22186b607b87ac
[03-Apr-2026 08:22:20 Asia/Seoul] [ROUTES] api.php LOADED
[03-Apr-2026 08:22:21 Asia/Seoul] 🌐 세션 시작됨: 2c2fe50188d02b72be22186b607b87ac
[03-Apr-2026 08:22:21 Asia/Seoul] [ROUTES] api.php LOADED
[03-Apr-2026 08:22:21 Asia/Seoul] Page Title: 사이트정보
[03-Apr-2026 08:22:21 Asia/Seoul] Page Styles: <link rel="stylesheet" href="/public/assets/css/pages/dashboard/settings.css?v=1773818156"><link rel="stylesheet" href="/public/assets/css/pages/dashboard/settings/company.css?v=1765503841"><link rel="stylesheet" href="/public/assets/css/pages/dashboard/settings/brand-logo.css?v=1774005310"><link rel="stylesheet" href="/public/assets/css/pages/dashboard/settings/cover.css?v=1773996061"><link rel="stylesheet" href="/public/assets/css/pages/dashboard/settings/client.css?v=1774445089"><link rel="stylesheet" href="/public/assets/css/pages/dashboard/settings/project.css?v=1774401143"><link rel="stylesheet" href="/public/assets/css/pages/dashboard/settings/employee.css?v=1774254271"><link rel="stylesheet" href="/public/assets/css/pages/dashboard/settings/departments.css?v=1774257340">
[03-Apr-2026 08:22:21 Asia/Seoul] Page Scripts: <script src="/public/assets/js/pages/dashboard/settings/system/site.js?v=1774528398" defer></script>
[03-Apr-2026 08:22:21 Asia/Seoul] [UI TEST] ui_skin = 'dark'
[03-Apr-2026 08:22:21 Asia/Seoul] 🌐 세션 시작됨: 2c2fe50188d02b72be22186b607b87ac
[03-Apr-2026 08:22:21 Asia/Seoul] [ROUTES] api.php LOADED
[03-Apr-2026 08:22:21 Asia/Seoul] 🌐 세션 시작됨: 2c2fe50188d02b72be22186b607b87ac
[03-Apr-2026 08:22:21 Asia/Seoul] [ROUTES] api.php LOADED
[03-Apr-2026 08:22:23 Asia/Seoul] 🌐 세션 시작됨: 2c2fe50188d02b72be22186b607b87ac
[03-Apr-2026 08:22:23 Asia/Seoul] [ROUTES] api.php LOADED
[03-Apr-2026 08:22:23 Asia/Seoul] Page Title: 직원
[03-Apr-2026 08:22:23 Asia/Seoul] Page Styles: <link rel="stylesheet" href="/public/assets/css/pages/dashboard/settings.css?v=1773818156"><link rel="stylesheet" href="/public/assets/css/pages/dashboard/settings/company.css?v=1765503841"><link rel="stylesheet" href="/public/assets/css/pages/dashboard/settings/brand-logo.css?v=1774005310"><link rel="stylesheet" href="/public/assets/css/pages/dashboard/settings/cover.css?v=1773996061"><link rel="stylesheet" href="/public/assets/css/pages/dashboard/settings/client.css?v=1774445089"><link rel="stylesheet" href="/public/assets/css/pages/dashboard/settings/project.css?v=1774401143"><link rel="stylesheet" href="/public/assets/css/pages/dashboard/settings/employee.css?v=1774254271"><link rel="stylesheet" href="/public/assets/css/pages/dashboard/settings/departments.css?v=1774257340">
[03-Apr-2026 08:22:23 Asia/Seoul] Page Scripts: <script type="module" src="/public/assets/js/pages/dashboard/settings/organization/employees.js?v=1774998731"></script>
[03-Apr-2026 08:22:23 Asia/Seoul] [UI TEST] ui_skin = 'dark'
[03-Apr-2026 08:22:28 Asia/Seoul] 🌐 세션 시작됨: 2c2fe50188d02b72be22186b607b87ac
[03-Apr-2026 08:22:28 Asia/Seoul] [ROUTES] api.php LOADED
[03-Apr-2026 08:22:28 Asia/Seoul] 🌐 세션 시작됨: 2c2fe50188d02b72be22186b607b87ac
[03-Apr-2026 08:22:28 Asia/Seoul] [ROUTES] api.php LOADED
