[2026-04-02T20:42:15.355789+09:00] service-system.BrandService.DEBUG: [SYSTEM_BRAND_SERVICE] Fetching active asset for type: main_logo [] []
[2026-04-02T20:42:15.357668+09:00] service-system.BrandService.DEBUG: [INFO] getActive URL for main_logo: https://sukhyang.synology.me/public/uploads/brand/f_693bfad5829cf7.98016441.png [] []
[2026-04-02T20:42:15.357789+09:00] service-system.BrandService.DEBUG: [SYSTEM_BRAND_SERVICE] Fetching active asset for type: favicon [] []
[2026-04-02T20:42:15.359251+09:00] service-system.BrandService.DEBUG: [INFO] getActive URL for favicon: https://sukhyang.synology.me/public/uploads/brand/f_693bd5d23afaf8.52417136.ico [] []
[2026-04-02T20:42:20.860912+09:00] service-system.BrandService.DEBUG: [SYSTEM_BRAND_SERVICE] Fetching active asset for type: main_logo [] []
[2026-04-02T20:42:20.862547+09:00] service-system.BrandService.DEBUG: [INFO] getActive URL for main_logo: https://sukhyang.synology.me/public/uploads/brand/f_693bfad5829cf7.98016441.png [] []
[2026-04-02T20:42:20.862607+09:00] service-system.BrandService.DEBUG: [SYSTEM_BRAND_SERVICE] Fetching active asset for type: favicon [] []
[2026-04-02T20:42:20.864189+09:00] service-system.BrandService.DEBUG: [INFO] getActive URL for favicon: https://sukhyang.synology.me/public/uploads/brand/f_693bd5d23afaf8.52417136.ico [] []
[2026-04-02T20:42:21.433413+09:00] service-system.BrandService.DEBUG: [SYSTEM_BRAND_SERVICE] Fetching active asset for type: main_logo [] []
[2026-04-02T20:42:21.435072+09:00] service-system.BrandService.DEBUG: [INFO] getActive URL for main_logo: https://sukhyang.synology.me/public/uploads/brand/f_693bfad5829cf7.98016441.png [] []
[2026-04-02T20:42:21.435150+09:00] service-system.BrandService.DEBUG: [SYSTEM_BRAND_SERVICE] Fetching active asset for type: favicon [] []
[2026-04-02T20:42:21.436722+09:00] service-system.BrandService.DEBUG: [INFO] getActive URL for favicon: https://sukhyang.synology.me/public/uploads/brand/f_693bd5d23afaf8.52417136.ico [] []
[2026-04-02T20:42:22.276801+09:00] service-system.BrandService.DEBUG: [SYSTEM_BRAND_SERVICE] Fetching active asset for type: main_logo [] []
[2026-04-02T20:42:22.278653+09:00] service-system.BrandService.DEBUG: [INFO] getActive URL for main_logo: https://sukhyang.synology.me/public/uploads/brand/f_693bfad5829cf7.98016441.png [] []
[2026-04-02T20:42:22.278704+09:00] service-system.BrandService.DEBUG: [SYSTEM_BRAND_SERVICE] Fetching active asset for type: favicon [] []
[2026-04-02T20:42:22.280265+09:00] service-system.BrandService.DEBUG: [INFO] getActive URL for favicon: https://sukhyang.synology.me/public/uploads/brand/f_693bd5d23afaf8.52417136.ico [] []
[2026-04-02T20:42:22.792512+09:00] service-system.BrandService.DEBUG: [SYSTEM_BRAND_SERVICE] Fetching active asset for type: main_logo [] []
[2026-04-02T20:42:22.794271+09:00] service-system.BrandService.DEBUG: [INFO] getActive URL for main_logo: https://sukhyang.synology.me/public/uploads/brand/f_693bfad5829cf7.98016441.png [] []
[2026-04-02T20:42:22.794335+09:00] service-system.BrandService.DEBUG: [SYSTEM_BRAND_SERVICE] Fetching active asset for type: favicon [] []
[2026-04-02T20:42:22.795910+09:00] service-system.BrandService.DEBUG: [INFO] getActive URL for favicon: https://sukhyang.synology.me/public/uploads/brand/f_693bd5d23afaf8.52417136.ico [] []
[2026-04-02T20:42:23.372513+09:00] service-system.BrandService.DEBUG: [SYSTEM_BRAND_SERVICE] Fetching active asset for type: main_logo [] []
[2026-04-02T20:42:23.374146+09:00] service-system.BrandService.DEBUG: [INFO] getActive URL for main_logo: https://sukhyang.synology.me/public/uploads/brand/f_693bfad5829cf7.98016441.png [] []
[2026-04-02T20:42:23.374201+09:00] service-system.BrandService.DEBUG: [SYSTEM_BRAND_SERVICE] Fetching active asset for type: favicon [] []
[2026-04-02T20:42:23.375778+09:00] service-system.BrandService.DEBUG: [INFO] getActive URL for favicon: https://sukhyang.synology.me/public/uploads/brand/f_693bd5d23afaf8.52417136.ico [] []
[2026-04-02T20:42:23.976247+09:00] service-system.BrandService.DEBUG: [SYSTEM_BRAND_SERVICE] Fetching active asset for type: main_logo [] []
[2026-04-02T20:42:23.978084+09:00] service-system.BrandService.DEBUG: [INFO] getActive URL for main_logo: https://sukhyang.synology.me/public/uploads/brand/f_693bfad5829cf7.98016441.png [] []
[2026-04-02T20:42:23.978182+09:00] service-system.BrandService.DEBUG: [SYSTEM_BRAND_SERVICE] Fetching active asset for type: favicon [] []
[2026-04-02T20:42:23.979791+09:00] service-system.BrandService.DEBUG: [INFO] getActive URL for favicon: https://sukhyang.synology.me/public/uploads/brand/f_693bd5d23afaf8.52417136.ico [] []
[2026-04-02T20:42:24.350411+09:00] service-system.BrandService.DEBUG: [SYSTEM_BRAND_SERVICE] Fetching active asset for type: main_logo [] []
[2026-04-02T20:42:24.352300+09:00] service-system.BrandService.DEBUG: [INFO] getActive URL for main_logo: https://sukhyang.synology.me/public/uploads/brand/f_693bfad5829cf7.98016441.png [] []
[2026-04-02T20:42:24.352393+09:00] service-system.BrandService.DEBUG: [SYSTEM_BRAND_SERVICE] Fetching active asset for type: favicon [] []
[2026-04-02T20:42:24.354014+09:00] service-system.BrandService.DEBUG: [INFO] getActive URL for favicon: https://sukhyang.synology.me/public/uploads/brand/f_693bd5d23afaf8.52417136.ico [] []
[2026-04-02T20:42:25.096494+09:00] service-system.BrandService.DEBUG: [SYSTEM_BRAND_SERVICE] Fetching active asset for type: main_logo [] []
[2026-04-02T20:42:25.098419+09:00] service-system.BrandService.DEBUG: [INFO] getActive URL for main_logo: https://sukhyang.synology.me/public/uploads/brand/f_693bfad5829cf7.98016441.png [] []
[2026-04-02T20:42:25.098502+09:00] service-system.BrandService.DEBUG: [SYSTEM_BRAND_SERVICE] Fetching active asset for type: favicon [] []
[2026-04-02T20:42:25.100254+09:00] service-system.BrandService.DEBUG: [INFO] getActive URL for favicon: https://sukhyang.synology.me/public/uploads/brand/f_693bd5d23afaf8.52417136.ico [] []
[2026-04-02T20:42:25.793929+09:00] service-system.BrandService.DEBUG: [SYSTEM_BRAND_SERVICE] Fetching active asset for type: main_logo [] []
[2026-04-02T20:42:25.795683+09:00] service-system.BrandService.DEBUG: [INFO] getActive URL for main_logo: https://sukhyang.synology.me/public/uploads/brand/f_693bfad5829cf7.98016441.png [] []
[2026-04-02T20:42:25.795768+09:00] service-system.BrandService.DEBUG: [SYSTEM_BRAND_SERVICE] Fetching active asset for type: favicon [] []
[2026-04-02T20:42:25.797405+09:00] service-system.BrandService.DEBUG: [INFO] getActive URL for favicon: https://sukhyang.synology.me/public/uploads/brand/f_693bd5d23afaf8.52417136.ico [] []
[2026-04-02T20:42:27.339032+09:00] service-system.BrandService.DEBUG: [SYSTEM_BRAND_SERVICE] Fetching active asset for type: main_logo [] []
[2026-04-02T20:42:27.340675+09:00] service-system.BrandService.DEBUG: [INFO] getActive URL for main_logo: https://sukhyang.synology.me/public/uploads/brand/f_693bfad5829cf7.98016441.png [] []
[2026-04-02T20:42:27.340744+09:00] service-system.BrandService.DEBUG: [SYSTEM_BRAND_SERVICE] Fetching active asset for type: favicon [] []
[2026-04-02T20:42:27.342330+09:00] service-system.BrandService.DEBUG: [INFO] getActive URL for favicon: https://sukhyang.synology.me/public/uploads/brand/f_693bd5d23afaf8.52417136.ico [] []
[2026-04-02T20:42:28.095607+09:00] service-system.BrandService.DEBUG: [SYSTEM_BRAND_SERVICE] Fetching active asset for type: main_logo [] []
[2026-04-02T20:42:28.097268+09:00] service-system.BrandService.DEBUG: [INFO] getActive URL for main_logo: https://sukhyang.synology.me/public/uploads/brand/f_693bfad5829cf7.98016441.png [] []
[2026-04-02T20:42:28.097326+09:00] service-system.BrandService.DEBUG: [SYSTEM_BRAND_SERVICE] Fetching active asset for type: favicon [] []
[2026-04-02T20:42:28.098977+09:00] service-system.BrandService.DEBUG: [INFO] getActive URL for favicon: https://sukhyang.synology.me/public/uploads/brand/f_693bd5d23afaf8.52417136.ico [] []
[2026-04-02T20:42:28.695835+09:00] service-system.BrandService.DEBUG: [SYSTEM_BRAND_SERVICE] Fetching active asset for type: main_logo [] []
[2026-04-02T20:42:28.697505+09:00] service-system.BrandService.DEBUG: [INFO] getActive URL for main_logo: https://sukhyang.synology.me/public/uploads/brand/f_693bfad5829cf7.98016441.png [] []
[2026-04-02T20:42:28.697581+09:00] service-system.BrandService.DEBUG: [SYSTEM_BRAND_SERVICE] Fetching active asset for type: favicon [] []
[2026-04-02T20:42:28.699222+09:00] service-system.BrandService.DEBUG: [INFO] getActive URL for favicon: https://sukhyang.synology.me/public/uploads/brand/f_693bd5d23afaf8.52417136.ico [] []
[2026-04-02T20:42:29.524483+09:00] service-system.BrandService.DEBUG: [SYSTEM_BRAND_SERVICE] Fetching active asset for type: main_logo [] []
[2026-04-02T20:42:29.526271+09:00] service-system.BrandService.DEBUG: [INFO] getActive URL for main_logo: https://sukhyang.synology.me/public/uploads/brand/f_693bfad5829cf7.98016441.png [] []
[2026-04-02T20:42:29.526383+09:00] service-system.BrandService.DEBUG: [SYSTEM_BRAND_SERVICE] Fetching active asset for type: favicon [] []
[2026-04-02T20:42:29.528063+09:00] service-system.BrandService.DEBUG: [INFO] getActive URL for favicon: https://sukhyang.synology.me/public/uploads/brand/f_693bd5d23afaf8.52417136.ico [] []
[2026-04-02T20:42:30.124451+09:00] service-system.BrandService.DEBUG: [SYSTEM_BRAND_SERVICE] Fetching active asset for type: main_logo [] []
[2026-04-02T20:42:30.126118+09:00] service-system.BrandService.DEBUG: [INFO] getActive URL for main_logo: https://sukhyang.synology.me/public/uploads/brand/f_693bfad5829cf7.98016441.png [] []
[2026-04-02T20:42:30.126178+09:00] service-system.BrandService.DEBUG: [SYSTEM_BRAND_SERVICE] Fetching active asset for type: favicon [] []
[2026-04-02T20:42:30.127758+09:00] service-system.BrandService.DEBUG: [INFO] getActive URL for favicon: https://sukhyang.synology.me/public/uploads/brand/f_693bd5d23afaf8.52417136.ico [] []
[2026-04-02T20:42:30.863431+09:00] service-system.BrandService.DEBUG: [SYSTEM_BRAND_SERVICE] Fetching active asset for type: main_logo [] []
[2026-04-02T20:42:30.865543+09:00] service-system.BrandService.DEBUG: [INFO] getActive URL for main_logo: https://sukhyang.synology.me/public/uploads/brand/f_693bfad5829cf7.98016441.png [] []
[2026-04-02T20:42:30.865599+09:00] service-system.BrandService.DEBUG: [SYSTEM_BRAND_SERVICE] Fetching active asset for type: favicon [] []
[2026-04-02T20:42:30.867270+09:00] service-system.BrandService.DEBUG: [INFO] getActive URL for favicon: https://sukhyang.synology.me/public/uploads/brand/f_693bd5d23afaf8.52417136.ico [] []
[2026-04-02T20:42:31.596624+09:00] service-system.BrandService.DEBUG: [SYSTEM_BRAND_SERVICE] Fetching active asset for type: main_logo [] []
[2026-04-02T20:42:31.599454+09:00] service-system.BrandService.DEBUG: [INFO] getActive URL for main_logo: https://sukhyang.synology.me/public/uploads/brand/f_693bfad5829cf7.98016441.png [] []
[2026-04-02T20:42:31.599514+09:00] service-system.BrandService.DEBUG: [SYSTEM_BRAND_SERVICE] Fetching active asset for type: favicon [] []
[2026-04-02T20:42:31.601902+09:00] service-system.BrandService.DEBUG: [INFO] getActive URL for favicon: https://sukhyang.synology.me/public/uploads/brand/f_693bd5d23afaf8.52417136.ico [] []
[2026-04-02T20:42:33.998634+09:00] service-system.BrandService.DEBUG: [SYSTEM_BRAND_SERVICE] Fetching active asset for type: main_logo [] []
[2026-04-02T20:42:34.000414+09:00] service-system.BrandService.DEBUG: [INFO] getActive URL for main_logo: https://sukhyang.synology.me/public/uploads/brand/f_693bfad5829cf7.98016441.png [] []
[2026-04-02T20:42:34.000487+09:00] service-system.BrandService.DEBUG: [SYSTEM_BRAND_SERVICE] Fetching active asset for type: favicon [] []
[2026-04-02T20:42:34.002028+09:00] service-system.BrandService.DEBUG: [INFO] getActive URL for favicon: https://sukhyang.synology.me/public/uploads/brand/f_693bd5d23afaf8.52417136.ico [] []
[2026-04-02T20:42:35.132377+09:00] service-system.BrandService.DEBUG: [SYSTEM_BRAND_SERVICE] Fetching active asset for type: main_logo [] []
[2026-04-02T20:42:35.134029+09:00] service-system.BrandService.DEBUG: [INFO] getActive URL for main_logo: https://sukhyang.synology.me/public/uploads/brand/f_693bfad5829cf7.98016441.png [] []
[2026-04-02T20:42:35.134082+09:00] service-system.BrandService.DEBUG: [SYSTEM_BRAND_SERVICE] Fetching active asset for type: favicon [] []
[2026-04-02T20:42:35.135685+09:00] service-system.BrandService.DEBUG: [INFO] getActive URL for favicon: https://sukhyang.synology.me/public/uploads/brand/f_693bd5d23afaf8.52417136.ico [] []
[2026-04-02T20:42:37.573562+09:00] service-system.BrandService.DEBUG: [SYSTEM_BRAND_SERVICE] Fetching active asset for type: main_logo [] []
[2026-04-02T20:42:37.575221+09:00] service-system.BrandService.DEBUG: [INFO] getActive URL for main_logo: https://sukhyang.synology.me/public/uploads/brand/f_693bfad5829cf7.98016441.png [] []
[2026-04-02T20:42:37.575277+09:00] service-system.BrandService.DEBUG: [SYSTEM_BRAND_SERVICE] Fetching active asset for type: favicon [] []
[2026-04-02T20:42:37.576837+09:00] service-system.BrandService.DEBUG: [INFO] getActive URL for favicon: https://sukhyang.synology.me/public/uploads/brand/f_693bd5d23afaf8.52417136.ico [] []
[2026-04-02T20:42:39.113502+09:00] service-system.BrandService.DEBUG: [SYSTEM_BRAND_SERVICE] Fetching active asset for type: main_logo [] []
[2026-04-02T20:42:39.115172+09:00] service-system.BrandService.DEBUG: [INFO] getActive URL for main_logo: https://sukhyang.synology.me/public/uploads/brand/f_693bfad5829cf7.98016441.png [] []
[2026-04-02T20:42:39.115229+09:00] service-system.BrandService.DEBUG: [SYSTEM_BRAND_SERVICE] Fetching active asset for type: favicon [] []
[2026-04-02T20:42:39.117301+09:00] service-system.BrandService.DEBUG: [INFO] getActive URL for favicon: https://sukhyang.synology.me/public/uploads/brand/f_693bd5d23afaf8.52417136.ico [] []
[2026-04-02T20:43:41.817076+09:00] service-system.BrandService.DEBUG: [SYSTEM_BRAND_SERVICE] Fetching active asset for type: main_logo [] []
[2026-04-02T20:43:41.819265+09:00] service-system.BrandService.DEBUG: [INFO] getActive URL for main_logo: https://sukhyang.synology.me/public/uploads/brand/f_693bfad5829cf7.98016441.png [] []
[2026-04-02T20:43:41.819339+09:00] service-system.BrandService.DEBUG: [SYSTEM_BRAND_SERVICE] Fetching active asset for type: favicon [] []
[2026-04-02T20:43:41.821471+09:00] service-system.BrandService.DEBUG: [INFO] getActive URL for favicon: https://sukhyang.synology.me/public/uploads/brand/f_693bd5d23afaf8.52417136.ico [] []
[2026-04-02T20:48:12.269348+09:00] service-system.BrandService.DEBUG: [SYSTEM_BRAND_SERVICE] Fetching active asset for type: main_logo [] []
[2026-04-02T20:48:12.271114+09:00] service-system.BrandService.DEBUG: [INFO] getActive URL for main_logo: https://sukhyang.synology.me/public/uploads/brand/f_693bfad5829cf7.98016441.png [] []
[2026-04-02T20:48:12.271191+09:00] service-system.BrandService.DEBUG: [SYSTEM_BRAND_SERVICE] Fetching active asset for type: favicon [] []
[2026-04-02T20:48:12.272845+09:00] service-system.BrandService.DEBUG: [INFO] getActive URL for favicon: https://sukhyang.synology.me/public/uploads/brand/f_693bd5d23afaf8.52417136.ico [] []
[2026-04-02T20:48:18.877032+09:00] service-system.BrandService.DEBUG: [SYSTEM_BRAND_SERVICE] Fetching active asset for type: main_logo [] []
[2026-04-02T20:48:18.878689+09:00] service-system.BrandService.DEBUG: [INFO] getActive URL for main_logo: https://sukhyang.synology.me/public/uploads/brand/f_693bfad5829cf7.98016441.png [] []
[2026-04-02T20:48:18.878752+09:00] service-system.BrandService.DEBUG: [SYSTEM_BRAND_SERVICE] Fetching active asset for type: favicon [] []
[2026-04-02T20:48:18.880328+09:00] service-system.BrandService.DEBUG: [INFO] getActive URL for favicon: https://sukhyang.synology.me/public/uploads/brand/f_693bd5d23afaf8.52417136.ico [] []
[2026-04-02T20:48:35.124114+09:00] service-system.BrandService.DEBUG: [SYSTEM_BRAND_SERVICE] Fetching active asset for type: main_logo [] []
[2026-04-02T20:48:35.125754+09:00] service-system.BrandService.DEBUG: [INFO] getActive URL for main_logo: https://sukhyang.synology.me/public/uploads/brand/f_693bfad5829cf7.98016441.png [] []
[2026-04-02T20:48:35.125813+09:00] service-system.BrandService.DEBUG: [SYSTEM_BRAND_SERVICE] Fetching active asset for type: favicon [] []
[2026-04-02T20:48:35.127394+09:00] service-system.BrandService.DEBUG: [INFO] getActive URL for favicon: https://sukhyang.synology.me/public/uploads/brand/f_693bd5d23afaf8.52417136.ico [] []
[2026-04-02T21:02:10.986940+09:00] service-system.BrandService.DEBUG: [SYSTEM_BRAND_SERVICE] Fetching active asset for type: main_logo [] []
[2026-04-02T21:02:10.988689+09:00] service-system.BrandService.DEBUG: [INFO] getActive URL for main_logo: https://sukhyang.synology.me/public/uploads/brand/f_693bfad5829cf7.98016441.png [] []
[2026-04-02T21:02:10.988750+09:00] service-system.BrandService.DEBUG: [SYSTEM_BRAND_SERVICE] Fetching active asset for type: favicon [] []
[2026-04-02T21:02:10.990301+09:00] service-system.BrandService.DEBUG: [INFO] getActive URL for favicon: https://sukhyang.synology.me/public/uploads/brand/f_693bd5d23afaf8.52417136.ico [] []
[2026-04-02T21:02:11.504417+09:00] service-system.BrandService.DEBUG: [SYSTEM_BRAND_SERVICE] Fetching active asset for type: main_logo [] []
[2026-04-02T21:02:11.506081+09:00] service-system.BrandService.DEBUG: [INFO] getActive URL for main_logo: https://sukhyang.synology.me/public/uploads/brand/f_693bfad5829cf7.98016441.png [] []
[2026-04-02T21:02:11.506141+09:00] service-system.BrandService.DEBUG: [SYSTEM_BRAND_SERVICE] Fetching active asset for type: favicon [] []
[2026-04-02T21:02:11.507706+09:00] service-system.BrandService.DEBUG: [INFO] getActive URL for favicon: https://sukhyang.synology.me/public/uploads/brand/f_693bd5d23afaf8.52417136.ico [] []
[2026-04-02T21:02:12.063659+09:00] service-system.BrandService.DEBUG: [SYSTEM_BRAND_SERVICE] Fetching active asset for type: main_logo [] []
[2026-04-02T21:02:12.065493+09:00] service-system.BrandService.DEBUG: [INFO] getActive URL for main_logo: https://sukhyang.synology.me/public/uploads/brand/f_693bfad5829cf7.98016441.png [] []
[2026-04-02T21:02:12.065569+09:00] service-system.BrandService.DEBUG: [SYSTEM_BRAND_SERVICE] Fetching active asset for type: favicon [] []
[2026-04-02T21:02:12.067219+09:00] service-system.BrandService.DEBUG: [INFO] getActive URL for favicon: https://sukhyang.synology.me/public/uploads/brand/f_693bd5d23afaf8.52417136.ico [] []
[2026-04-02T21:02:12.724290+09:00] service-system.BrandService.DEBUG: [SYSTEM_BRAND_SERVICE] Fetching active asset for type: main_logo [] []
[2026-04-02T21:02:12.726267+09:00] service-system.BrandService.DEBUG: [INFO] getActive URL for main_logo: https://sukhyang.synology.me/public/uploads/brand/f_693bfad5829cf7.98016441.png [] []
[2026-04-02T21:02:12.726337+09:00] service-system.BrandService.DEBUG: [SYSTEM_BRAND_SERVICE] Fetching active asset for type: favicon [] []
[2026-04-02T21:02:12.728039+09:00] service-system.BrandService.DEBUG: [INFO] getActive URL for favicon: https://sukhyang.synology.me/public/uploads/brand/f_693bd5d23afaf8.52417136.ico [] []
[2026-04-02T21:02:13.203075+09:00] service-system.BrandService.DEBUG: [SYSTEM_BRAND_SERVICE] Fetching active asset for type: main_logo [] []
[2026-04-02T21:02:13.204903+09:00] service-system.BrandService.DEBUG: [INFO] getActive URL for main_logo: https://sukhyang.synology.me/public/uploads/brand/f_693bfad5829cf7.98016441.png [] []
[2026-04-02T21:02:13.204984+09:00] service-system.BrandService.DEBUG: [SYSTEM_BRAND_SERVICE] Fetching active asset for type: favicon [] []
[2026-04-02T21:02:13.206585+09:00] service-system.BrandService.DEBUG: [INFO] getActive URL for favicon: https://sukhyang.synology.me/public/uploads/brand/f_693bd5d23afaf8.52417136.ico [] []
[2026-04-02T21:02:13.763144+09:00] service-system.BrandService.DEBUG: [SYSTEM_BRAND_SERVICE] Fetching active asset for type: main_logo [] []
[2026-04-02T21:02:13.764815+09:00] service-system.BrandService.DEBUG: [INFO] getActive URL for main_logo: https://sukhyang.synology.me/public/uploads/brand/f_693bfad5829cf7.98016441.png [] []
[2026-04-02T21:02:13.764885+09:00] service-system.BrandService.DEBUG: [SYSTEM_BRAND_SERVICE] Fetching active asset for type: favicon [] []
[2026-04-02T21:02:13.766455+09:00] service-system.BrandService.DEBUG: [INFO] getActive URL for favicon: https://sukhyang.synology.me/public/uploads/brand/f_693bd5d23afaf8.52417136.ico [] []
[2026-04-02T21:02:14.587999+09:00] service-system.BrandService.DEBUG: [SYSTEM_BRAND_SERVICE] Fetching active asset for type: main_logo [] []
[2026-04-02T21:02:14.589927+09:00] service-system.BrandService.DEBUG: [INFO] getActive URL for main_logo: https://sukhyang.synology.me/public/uploads/brand/f_693bfad5829cf7.98016441.png [] []
[2026-04-02T21:02:14.589996+09:00] service-system.BrandService.DEBUG: [SYSTEM_BRAND_SERVICE] Fetching active asset for type: favicon [] []
[2026-04-02T21:02:14.592077+09:00] service-system.BrandService.DEBUG: [INFO] getActive URL for favicon: https://sukhyang.synology.me/public/uploads/brand/f_693bd5d23afaf8.52417136.ico [] []
[2026-04-02T21:02:15.686389+09:00] service-system.BrandService.DEBUG: [SYSTEM_BRAND_SERVICE] Fetching active asset for type: main_logo [] []
[2026-04-02T21:02:15.688307+09:00] service-system.BrandService.DEBUG: [INFO] getActive URL for main_logo: https://sukhyang.synology.me/public/uploads/brand/f_693bfad5829cf7.98016441.png [] []
[2026-04-02T21:02:15.688363+09:00] service-system.BrandService.DEBUG: [SYSTEM_BRAND_SERVICE] Fetching active asset for type: favicon [] []
[2026-04-02T21:02:15.690022+09:00] service-system.BrandService.DEBUG: [INFO] getActive URL for favicon: https://sukhyang.synology.me/public/uploads/brand/f_693bd5d23afaf8.52417136.ico [] []
[2026-04-02T21:02:16.549703+09:00] service-system.BrandService.DEBUG: [SYSTEM_BRAND_SERVICE] Fetching active asset for type: main_logo [] []
[2026-04-02T21:02:16.551376+09:00] service-system.BrandService.DEBUG: [INFO] getActive URL for main_logo: https://sukhyang.synology.me/public/uploads/brand/f_693bfad5829cf7.98016441.png [] []
[2026-04-02T21:02:16.551433+09:00] service-system.BrandService.DEBUG: [SYSTEM_BRAND_SERVICE] Fetching active asset for type: favicon [] []
[2026-04-02T21:02:16.552989+09:00] service-system.BrandService.DEBUG: [INFO] getActive URL for favicon: https://sukhyang.synology.me/public/uploads/brand/f_693bd5d23afaf8.52417136.ico [] []
[2026-04-02T21:02:17.553643+09:00] service-system.BrandService.DEBUG: [SYSTEM_BRAND_SERVICE] Fetching active asset for type: main_logo [] []
[2026-04-02T21:02:17.555870+09:00] service-system.BrandService.DEBUG: [INFO] getActive URL for main_logo: https://sukhyang.synology.me/public/uploads/brand/f_693bfad5829cf7.98016441.png [] []
[2026-04-02T21:02:17.555946+09:00] service-system.BrandService.DEBUG: [SYSTEM_BRAND_SERVICE] Fetching active asset for type: favicon [] []
[2026-04-02T21:02:17.557582+09:00] service-system.BrandService.DEBUG: [INFO] getActive URL for favicon: https://sukhyang.synology.me/public/uploads/brand/f_693bd5d23afaf8.52417136.ico [] []
[2026-04-02T21:02:18.720623+09:00] service-system.BrandService.DEBUG: [SYSTEM_BRAND_SERVICE] Fetching active asset for type: main_logo [] []
[2026-04-02T21:02:18.722571+09:00] service-system.BrandService.DEBUG: [INFO] getActive URL for main_logo: https://sukhyang.synology.me/public/uploads/brand/f_693bfad5829cf7.98016441.png [] []
[2026-04-02T21:02:18.722648+09:00] service-system.BrandService.DEBUG: [SYSTEM_BRAND_SERVICE] Fetching active asset for type: favicon [] []
[2026-04-02T21:02:18.724283+09:00] service-system.BrandService.DEBUG: [INFO] getActive URL for favicon: https://sukhyang.synology.me/public/uploads/brand/f_693bd5d23afaf8.52417136.ico [] []
[2026-04-02T21:02:19.774099+09:00] service-system.BrandService.DEBUG: [SYSTEM_BRAND_SERVICE] Fetching active asset for type: main_logo [] []
[2026-04-02T21:02:19.775739+09:00] service-system.BrandService.DEBUG: [INFO] getActive URL for main_logo: https://sukhyang.synology.me/public/uploads/brand/f_693bfad5829cf7.98016441.png [] []
[2026-04-02T21:02:19.775794+09:00] service-system.BrandService.DEBUG: [SYSTEM_BRAND_SERVICE] Fetching active asset for type: favicon [] []
[2026-04-02T21:02:19.777388+09:00] service-system.BrandService.DEBUG: [INFO] getActive URL for favicon: https://sukhyang.synology.me/public/uploads/brand/f_693bd5d23afaf8.52417136.ico [] []
[2026-04-02T21:02:22.026136+09:00] service-system.BrandService.DEBUG: [SYSTEM_BRAND_SERVICE] Fetching active asset for type: main_logo [] []
[2026-04-02T21:02:22.027885+09:00] service-system.BrandService.DEBUG: [INFO] getActive URL for main_logo: https://sukhyang.synology.me/public/uploads/brand/f_693bfad5829cf7.98016441.png [] []
[2026-04-02T21:02:22.027956+09:00] service-system.BrandService.DEBUG: [SYSTEM_BRAND_SERVICE] Fetching active asset for type: favicon [] []
[2026-04-02T21:02:22.029514+09:00] service-system.BrandService.DEBUG: [INFO] getActive URL for favicon: https://sukhyang.synology.me/public/uploads/brand/f_693bd5d23afaf8.52417136.ico [] []
[2026-04-02T21:02:22.127907+09:00] service-system.BrandService.DEBUG: [SYSTEM_BRAND_SERVICE] Fetching active asset for type: main_logo [] []
[2026-04-02T21:02:22.129566+09:00] service-system.BrandService.DEBUG: [INFO] getActive URL for main_logo: https://sukhyang.synology.me/public/uploads/brand/f_693bfad5829cf7.98016441.png [] []
[2026-04-02T21:02:22.129624+09:00] service-system.BrandService.DEBUG: [SYSTEM_BRAND_SERVICE] Fetching active asset for type: favicon [] []
[2026-04-02T21:02:22.131214+09:00] service-system.BrandService.DEBUG: [INFO] getActive URL for favicon: https://sukhyang.synology.me/public/uploads/brand/f_693bd5d23afaf8.52417136.ico [] []
[2026-04-02T21:02:22.937649+09:00] service-system.BrandService.DEBUG: [SYSTEM_BRAND_SERVICE] Fetching active asset for type: main_logo [] []
[2026-04-02T21:02:22.939398+09:00] service-system.BrandService.DEBUG: [INFO] getActive URL for main_logo: https://sukhyang.synology.me/public/uploads/brand/f_693bfad5829cf7.98016441.png [] []
[2026-04-02T21:02:22.939458+09:00] service-system.BrandService.DEBUG: [SYSTEM_BRAND_SERVICE] Fetching active asset for type: favicon [] []
[2026-04-02T21:02:22.941053+09:00] service-system.BrandService.DEBUG: [INFO] getActive URL for favicon: https://sukhyang.synology.me/public/uploads/brand/f_693bd5d23afaf8.52417136.ico [] []
[2026-04-02T21:02:23.736822+09:00] service-system.BrandService.DEBUG: [SYSTEM_BRAND_SERVICE] Fetching active asset for type: main_logo [] []
[2026-04-02T21:02:23.738892+09:00] service-system.BrandService.DEBUG: [INFO] getActive URL for main_logo: https://sukhyang.synology.me/public/uploads/brand/f_693bfad5829cf7.98016441.png [] []
[2026-04-02T21:02:23.739010+09:00] service-system.BrandService.DEBUG: [SYSTEM_BRAND_SERVICE] Fetching active asset for type: favicon [] []
[2026-04-02T21:02:23.740711+09:00] service-system.BrandService.DEBUG: [INFO] getActive URL for favicon: https://sukhyang.synology.me/public/uploads/brand/f_693bd5d23afaf8.52417136.ico [] []
[2026-04-02T21:02:26.987125+09:00] service-system.BrandService.DEBUG: [SYSTEM_BRAND_SERVICE] Fetching active asset for type: main_logo [] []
[2026-04-02T21:02:26.988797+09:00] service-system.BrandService.DEBUG: [INFO] getActive URL for main_logo: https://sukhyang.synology.me/public/uploads/brand/f_693bfad5829cf7.98016441.png [] []
[2026-04-02T21:02:26.988855+09:00] service-system.BrandService.DEBUG: [SYSTEM_BRAND_SERVICE] Fetching active asset for type: favicon [] []
[2026-04-02T21:02:26.990422+09:00] service-system.BrandService.DEBUG: [INFO] getActive URL for favicon: https://sukhyang.synology.me/public/uploads/brand/f_693bd5d23afaf8.52417136.ico [] []
[2026-04-02T21:02:27.835435+09:00] service-system.BrandService.DEBUG: [SYSTEM_BRAND_SERVICE] Fetching active asset for type: main_logo [] []
[2026-04-02T21:02:27.837100+09:00] service-system.BrandService.DEBUG: [INFO] getActive URL for main_logo: https://sukhyang.synology.me/public/uploads/brand/f_693bfad5829cf7.98016441.png [] []
[2026-04-02T21:02:27.837163+09:00] service-system.BrandService.DEBUG: [SYSTEM_BRAND_SERVICE] Fetching active asset for type: favicon [] []
[2026-04-02T21:02:27.838755+09:00] service-system.BrandService.DEBUG: [INFO] getActive URL for favicon: https://sukhyang.synology.me/public/uploads/brand/f_693bd5d23afaf8.52417136.ico [] []
[2026-04-02T21:02:28.676149+09:00] service-system.BrandService.DEBUG: [SYSTEM_BRAND_SERVICE] Fetching active asset for type: main_logo [] []
[2026-04-02T21:02:28.677811+09:00] service-system.BrandService.DEBUG: [INFO] getActive URL for main_logo: https://sukhyang.synology.me/public/uploads/brand/f_693bfad5829cf7.98016441.png [] []
[2026-04-02T21:02:28.677894+09:00] service-system.BrandService.DEBUG: [SYSTEM_BRAND_SERVICE] Fetching active asset for type: favicon [] []
[2026-04-02T21:02:28.679547+09:00] service-system.BrandService.DEBUG: [INFO] getActive URL for favicon: https://sukhyang.synology.me/public/uploads/brand/f_693bd5d23afaf8.52417136.ico [] []
[2026-04-02T21:02:33.678097+09:00] service-system.BrandService.DEBUG: [SYSTEM_BRAND_SERVICE] Fetching active asset for type: main_logo [] []
[2026-04-02T21:02:33.679771+09:00] service-system.BrandService.DEBUG: [INFO] getActive URL for main_logo: https://sukhyang.synology.me/public/uploads/brand/f_693bfad5829cf7.98016441.png [] []
[2026-04-02T21:02:33.679844+09:00] service-system.BrandService.DEBUG: [SYSTEM_BRAND_SERVICE] Fetching active asset for type: favicon [] []
[2026-04-02T21:02:33.681492+09:00] service-system.BrandService.DEBUG: [INFO] getActive URL for favicon: https://sukhyang.synology.me/public/uploads/brand/f_693bd5d23afaf8.52417136.ico [] []
[2026-04-02T21:02:33.787406+09:00] service-system.BrandService.DEBUG: [SYSTEM_BRAND_SERVICE] Fetching active asset for type: main_logo [] []
[2026-04-02T21:02:33.789038+09:00] service-system.BrandService.DEBUG: [INFO] getActive URL for main_logo: https://sukhyang.synology.me/public/uploads/brand/f_693bfad5829cf7.98016441.png [] []
[2026-04-02T21:02:33.866062+09:00] service-system.BrandService.DEBUG: [SYSTEM_BRAND_SERVICE] Fetching active asset for type: favicon [] []
[2026-04-02T21:02:33.867792+09:00] service-system.BrandService.DEBUG: [INFO] getActive URL for favicon: https://sukhyang.synology.me/public/uploads/brand/f_693bd5d23afaf8.52417136.ico [] []
[2026-04-02T21:02:33.946490+09:00] service-system.BrandService.DEBUG: [SYSTEM_BRAND_SERVICE] Fetching active asset for type: print_logo [] []
[2026-04-02T21:02:33.948270+09:00] service-system.BrandService.DEBUG: [INFO] getActive URL for print_logo: https://sukhyang.synology.me/public/uploads/brand/f_693bd5cea21a80.96382837.jpg [] []
[2026-04-02T21:02:34.021207+09:00] service-system.BrandService.DEBUG: [SYSTEM_BRAND_SERVICE] Fetching all brand assets [] []
[2026-04-02T21:02:34.174330+09:00] service-system.BrandService.DEBUG: [SYSTEM_BRAND_SERVICE] Fetching active asset for type: main_logo [] []
[2026-04-02T21:02:34.175995+09:00] service-system.BrandService.DEBUG: [INFO] getActive URL for main_logo: https://sukhyang.synology.me/public/uploads/brand/f_693bfad5829cf7.98016441.png [] []
[2026-04-02T21:02:34.176061+09:00] service-system.BrandService.DEBUG: [SYSTEM_BRAND_SERVICE] Fetching active asset for type: favicon [] []
[2026-04-02T21:02:34.177659+09:00] service-system.BrandService.DEBUG: [INFO] getActive URL for favicon: https://sukhyang.synology.me/public/uploads/brand/f_693bd5d23afaf8.52417136.ico [] []
[2026-04-02T21:02:35.121038+09:00] service-system.BrandService.DEBUG: [SYSTEM_BRAND_SERVICE] Fetching active asset for type: main_logo [] []
[2026-04-02T21:02:35.122680+09:00] service-system.BrandService.DEBUG: [INFO] getActive URL for main_logo: https://sukhyang.synology.me/public/uploads/brand/f_693bfad5829cf7.98016441.png [] []
[2026-04-02T21:02:35.122741+09:00] service-system.BrandService.DEBUG: [SYSTEM_BRAND_SERVICE] Fetching active asset for type: favicon [] []
[2026-04-02T21:02:35.124317+09:00] service-system.BrandService.DEBUG: [INFO] getActive URL for favicon: https://sukhyang.synology.me/public/uploads/brand/f_693bd5d23afaf8.52417136.ico [] []
[2026-04-02T21:02:36.320612+09:00] service-system.BrandService.DEBUG: [SYSTEM_BRAND_SERVICE] Fetching active asset for type: main_logo [] []
[2026-04-02T21:02:36.322264+09:00] service-system.BrandService.DEBUG: [INFO] getActive URL for main_logo: https://sukhyang.synology.me/public/uploads/brand/f_693bfad5829cf7.98016441.png [] []
[2026-04-02T21:02:36.322331+09:00] service-system.BrandService.DEBUG: [SYSTEM_BRAND_SERVICE] Fetching active asset for type: favicon [] []
[2026-04-02T21:02:36.323898+09:00] service-system.BrandService.DEBUG: [INFO] getActive URL for favicon: https://sukhyang.synology.me/public/uploads/brand/f_693bd5d23afaf8.52417136.ico [] []
[2026-04-02T21:03:59.466173+09:00] service-system.BrandService.DEBUG: [SYSTEM_BRAND_SERVICE] Fetching active asset for type: main_logo [] []
[2026-04-02T21:03:59.468058+09:00] service-system.BrandService.DEBUG: [INFO] getActive URL for main_logo: https://sukhyang.synology.me/public/uploads/brand/f_693bfad5829cf7.98016441.png [] []
[2026-04-02T21:03:59.468155+09:00] service-system.BrandService.DEBUG: [SYSTEM_BRAND_SERVICE] Fetching active asset for type: favicon [] []
[2026-04-02T21:03:59.469893+09:00] service-system.BrandService.DEBUG: [INFO] getActive URL for favicon: https://sukhyang.synology.me/public/uploads/brand/f_693bd5d23afaf8.52417136.ico [] []
[2026-04-02T21:06:13.526881+09:00] service-system.BrandService.DEBUG: [SYSTEM_BRAND_SERVICE] Fetching active asset for type: main_logo [] []
[2026-04-02T21:06:13.528663+09:00] service-system.BrandService.DEBUG: [INFO] getActive URL for main_logo: https://sukhyang.synology.me/public/uploads/brand/f_693bfad5829cf7.98016441.png [] []
[2026-04-02T21:06:13.528739+09:00] service-system.BrandService.DEBUG: [SYSTEM_BRAND_SERVICE] Fetching active asset for type: favicon [] []
[2026-04-02T21:06:13.530395+09:00] service-system.BrandService.DEBUG: [INFO] getActive URL for favicon: https://sukhyang.synology.me/public/uploads/brand/f_693bd5d23afaf8.52417136.ico [] []
[2026-04-02T21:33:32.030691+09:00] service-system.BrandService.DEBUG: [SYSTEM_BRAND_SERVICE] Fetching active asset for type: favicon [] []
[2026-04-02T21:33:32.032888+09:00] service-system.BrandService.DEBUG: [INFO] getActive URL for favicon: https://sukhyang.synology.me/public/uploads/brand/f_693bd5d23afaf8.52417136.ico [] []
[2026-04-02T21:39:47.302442+09:00] service-system.BrandService.DEBUG: [SYSTEM_BRAND_SERVICE] Fetching active asset for type: main_logo [] []
[2026-04-02T21:39:47.304088+09:00] service-system.BrandService.DEBUG: [INFO] getActive URL for main_logo: https://sukhyang.synology.me/public/uploads/brand/f_693bfad5829cf7.98016441.png [] []
[2026-04-02T21:39:47.304146+09:00] service-system.BrandService.DEBUG: [SYSTEM_BRAND_SERVICE] Fetching active asset for type: favicon [] []
[2026-04-02T21:39:47.305617+09:00] service-system.BrandService.DEBUG: [INFO] getActive URL for favicon: https://sukhyang.synology.me/public/uploads/brand/f_693bd5d23afaf8.52417136.ico [] []
