[2026-04-02T20:42:25.971514+09:00] service-auth.AuthService.INFO: AuthService::__construct {"class":"App\\Services\\Auth\\AuthService"} []
[2026-04-02T20:42:31.740228+09:00] service-auth.AuthService.INFO: AuthService::__construct {"class":"App\\Services\\Auth\\AuthService"} []
[2026-04-02T20:42:39.261315+09:00] service-auth.AuthService.INFO: AuthService::__construct {"class":"App\\Services\\Auth\\AuthService"} []
[2026-04-02T21:02:27.967506+09:00] service-auth.AuthService.INFO: AuthService::__construct {"class":"App\\Services\\Auth\\AuthService"} []
[2026-04-02T21:03:11.029763+09:00] service-auth.AuthService.INFO: AuthService::__construct {"class":"App\\Services\\Auth\\AuthService"} []
[2026-04-02T21:03:11.155166+09:00] service-auth.AuthService.INFO: 로그아웃 처리 완료 {"user_id":"f113b666-ff40-4f93-a7e7-8cea4cdc9c28","username":"ljhsystem"} []
[2026-04-02T21:03:11.268494+09:00] service-auth.AuthService.INFO: AuthService::__construct {"class":"App\\Services\\Auth\\AuthService"} []
[2026-04-02T21:03:13.205197+09:00] service-auth.AuthService.INFO: AuthService::__construct {"class":"App\\Services\\Auth\\AuthService"} []
[2026-04-02T21:03:19.421421+09:00] service-auth.AuthService.INFO: AuthService::__construct {"class":"App\\Services\\Auth\\AuthService"} []
[2026-04-02T21:03:21.534133+09:00] service-auth.AuthService.INFO: AuthService::__construct {"class":"App\\Services\\Auth\\AuthService"} []
[2026-04-02T21:03:22.278816+09:00] service-auth.AuthService.INFO: AuthService::__construct {"class":"App\\Services\\Auth\\AuthService"} []
[2026-04-02T21:03:22.980362+09:00] service-auth.AuthService.INFO: AuthService::__construct {"class":"App\\Services\\Auth\\AuthService"} []
[2026-04-02T21:03:23.727096+09:00] service-auth.AuthService.INFO: AuthService::__construct {"class":"App\\Services\\Auth\\AuthService"} []
[2026-04-02T21:03:24.458812+09:00] service-auth.AuthService.INFO: AuthService::__construct {"class":"App\\Services\\Auth\\AuthService"} []
[2026-04-02T21:03:25.101502+09:00] service-auth.AuthService.INFO: AuthService::__construct {"class":"App\\Services\\Auth\\AuthService"} []
[2026-04-02T21:03:25.760107+09:00] service-auth.AuthService.INFO: AuthService::__construct {"class":"App\\Services\\Auth\\AuthService"} []
[2026-04-02T21:03:26.338161+09:00] service-auth.AuthService.INFO: AuthService::__construct {"class":"App\\Services\\Auth\\AuthService"} []
[2026-04-02T21:03:27.268578+09:00] service-auth.AuthService.INFO: AuthService::__construct {"class":"App\\Services\\Auth\\AuthService"} []
[2026-04-02T21:03:27.956486+09:00] service-auth.AuthService.INFO: AuthService::__construct {"class":"App\\Services\\Auth\\AuthService"} []
[2026-04-02T21:03:28.471212+09:00] service-auth.AuthService.INFO: AuthService::__construct {"class":"App\\Services\\Auth\\AuthService"} []
[2026-04-02T21:03:28.909406+09:00] service-auth.AuthService.INFO: AuthService::__construct {"class":"App\\Services\\Auth\\AuthService"} []
[2026-04-02T21:03:33.722409+09:00] service-auth.AuthService.INFO: AuthService::__construct {"class":"App\\Services\\Auth\\AuthService"} []
[2026-04-02T21:03:34.610228+09:00] service-auth.AuthService.INFO: AuthService::__construct {"class":"App\\Services\\Auth\\AuthService"} []
[2026-04-02T21:03:35.530795+09:00] service-auth.AuthService.INFO: AuthService::__construct {"class":"App\\Services\\Auth\\AuthService"} []
[2026-04-02T21:03:36.031391+09:00] service-auth.AuthService.INFO: AuthService::__construct {"class":"App\\Services\\Auth\\AuthService"} []
[2026-04-02T21:03:36.491902+09:00] service-auth.AuthService.INFO: AuthService::__construct {"class":"App\\Services\\Auth\\AuthService"} []
[2026-04-02T21:03:36.851500+09:00] service-auth.AuthService.INFO: AuthService::__construct {"class":"App\\Services\\Auth\\AuthService"} []
[2026-04-02T21:03:37.145030+09:00] service-auth.AuthService.INFO: AuthService::__construct {"class":"App\\Services\\Auth\\AuthService"} []
[2026-04-02T21:03:37.421249+09:00] service-auth.AuthService.INFO: AuthService::__construct {"class":"App\\Services\\Auth\\AuthService"} []
[2026-04-02T21:03:38.064141+09:00] service-auth.AuthService.INFO: AuthService::__construct {"class":"App\\Services\\Auth\\AuthService"} []
[2026-04-02T21:03:38.381835+09:00] service-auth.AuthService.INFO: AuthService::__construct {"class":"App\\Services\\Auth\\AuthService"} []
[2026-04-02T21:03:38.703754+09:00] service-auth.AuthService.INFO: AuthService::__construct {"class":"App\\Services\\Auth\\AuthService"} []
[2026-04-02T21:03:38.954067+09:00] service-auth.AuthService.INFO: AuthService::__construct {"class":"App\\Services\\Auth\\AuthService"} []
[2026-04-02T21:03:39.252383+09:00] service-auth.AuthService.INFO: AuthService::__construct {"class":"App\\Services\\Auth\\AuthService"} []
[2026-04-02T21:03:39.519546+09:00] service-auth.AuthService.INFO: AuthService::__construct {"class":"App\\Services\\Auth\\AuthService"} []
[2026-04-02T21:03:39.842742+09:00] service-auth.AuthService.INFO: AuthService::__construct {"class":"App\\Services\\Auth\\AuthService"} []
[2026-04-02T21:03:40.094883+09:00] service-auth.AuthService.INFO: AuthService::__construct {"class":"App\\Services\\Auth\\AuthService"} []
[2026-04-02T21:03:40.385309+09:00] service-auth.AuthService.INFO: AuthService::__construct {"class":"App\\Services\\Auth\\AuthService"} []
[2026-04-02T21:03:40.656720+09:00] service-auth.AuthService.INFO: AuthService::__construct {"class":"App\\Services\\Auth\\AuthService"} []
[2026-04-02T21:03:40.913054+09:00] service-auth.AuthService.INFO: AuthService::__construct {"class":"App\\Services\\Auth\\AuthService"} []
[2026-04-02T21:03:41.158796+09:00] service-auth.AuthService.INFO: AuthService::__construct {"class":"App\\Services\\Auth\\AuthService"} []
[2026-04-02T21:03:41.417022+09:00] service-auth.AuthService.INFO: AuthService::__construct {"class":"App\\Services\\Auth\\AuthService"} []
[2026-04-02T21:03:41.727986+09:00] service-auth.AuthService.INFO: AuthService::__construct {"class":"App\\Services\\Auth\\AuthService"} []
[2026-04-02T21:03:42.366028+09:00] service-auth.AuthService.INFO: AuthService::__construct {"class":"App\\Services\\Auth\\AuthService"} []
[2026-04-02T21:03:43.329121+09:00] service-auth.AuthService.INFO: AuthService::__construct {"class":"App\\Services\\Auth\\AuthService"} []
[2026-04-02T21:03:43.985803+09:00] service-auth.AuthService.INFO: AuthService::__construct {"class":"App\\Services\\Auth\\AuthService"} []
[2026-04-02T21:03:51.029317+09:00] service-auth.AuthService.INFO: AuthService::__construct {"class":"App\\Services\\Auth\\AuthService"} []
[2026-04-02T21:03:58.431549+09:00] service-auth.AuthService.INFO: AuthService::__construct {"class":"App\\Services\\Auth\\AuthService"} []
[2026-04-02T21:03:58.431937+09:00] service-auth.AuthService.INFO: login() 호출 {"username":"ljhsystem","has_password":true} []
[2026-04-02T21:03:58.434093+09:00] service-auth.AuthService.INFO: login() 사용자 조회 완료 {"user_id":"f113b666-ff40-4f93-a7e7-8cea4cdc9c28","username":"ljhsystem"} []
[2026-04-02T21:03:58.524957+09:00] service-auth.AuthService.INFO: 비밀번호 검증 성공 {"user_id":"f113b666-ff40-4f93-a7e7-8cea4cdc9c28","username":"ljhsystem"} []
[2026-04-02T21:03:58.525028+09:00] service-auth.AuthService.INFO: canLogin 호출 {"user_id":"f113b666-ff40-4f93-a7e7-8cea4cdc9c28"} []
[2026-04-02T21:03:58.525067+09:00] service-auth.AuthService.INFO: 로그인 가능 상태 {"user_id":"f113b666-ff40-4f93-a7e7-8cea4cdc9c28"} []
[2026-04-02T21:03:58.528009+09:00] service-auth.AuthService.DEBUG: DEBUG password expire check {"policyEnabled":"1","expireDays":"30","updated_at":"2026-03-23 13:37:24","expired":false} []
[2026-04-02T21:03:58.534456+09:00] service-auth.AuthService.INFO: 장기 미접속 정책 체크 {"user_id":"f113b666-ff40-4f93-a7e7-8cea4cdc9c28","inactive_days":0,"2fa_days":3,"lock_days":31} []
[2026-04-02T21:03:58.536621+09:00] service-auth.AuthService.INFO: 2FA 정책 판단 {"user_id":"f113b666-ff40-4f93-a7e7-8cea4cdc9c28","reason":{"force_2fa":false,"user_2fa":false,"new_device_2fa":false},"final":false} []
[2026-04-02T21:03:58.536678+09:00] service-auth.AuthService.INFO: 로그인 세션 설정 (2FA 미사용 계정) {"user_id":"f113b666-ff40-4f93-a7e7-8cea4cdc9c28"} []
[2026-04-02T21:03:58.946931+09:00] service-auth.AuthService.INFO: handleLoginSuccess 호출 {"user_id":"f113b666-ff40-4f93-a7e7-8cea4cdc9c28","ip":"106.244.183.152 (192.168.1.1)","device":"Mozilla/5.0 (Windows NT 10.0; Win64; x64) AppleWebKit/537.36 (KHTML, like Gecko) Chrome/146.0.0.0 Safari/537.36"} []
[2026-04-02T21:03:59.254188+09:00] service-auth.AuthService.INFO: 로그인 성공 처리 완료 {"user_id":"f113b666-ff40-4f93-a7e7-8cea4cdc9c28","ip":"106.244.183.152 (192.168.1.1)"} []
[2026-04-02T21:03:59.334685+09:00] service-auth.AuthService.INFO: 로그인 세션 부여 완료 {"user_id":"f113b666-ff40-4f93-a7e7-8cea4cdc9c28","username":"ljhsystem","redirect":"/dashboard"} []
[2026-04-02T21:04:04.796635+09:00] service-auth.AuthService.INFO: AuthService::__construct {"class":"App\\Services\\Auth\\AuthService"} []
[2026-04-02T21:04:04.888810+09:00] service-auth.AuthService.INFO: 로그아웃 처리 완료 {"user_id":"f113b666-ff40-4f93-a7e7-8cea4cdc9c28","username":"ljhsystem"} []
[2026-04-02T21:04:04.965468+09:00] service-auth.AuthService.INFO: AuthService::__construct {"class":"App\\Services\\Auth\\AuthService"} []
[2026-04-02T21:04:06.694832+09:00] service-auth.AuthService.INFO: AuthService::__construct {"class":"App\\Services\\Auth\\AuthService"} []
[2026-04-02T21:04:42.996355+09:00] service-auth.AuthService.INFO: AuthService::__construct {"class":"App\\Services\\Auth\\AuthService"} []
[2026-04-02T21:04:45.539808+09:00] service-auth.AuthService.INFO: AuthService::__construct {"class":"App\\Services\\Auth\\AuthService"} []
[2026-04-02T21:04:46.210478+09:00] service-auth.AuthService.INFO: AuthService::__construct {"class":"App\\Services\\Auth\\AuthService"} []
[2026-04-02T21:04:46.891561+09:00] service-auth.AuthService.INFO: AuthService::__construct {"class":"App\\Services\\Auth\\AuthService"} []
[2026-04-02T21:04:47.418613+09:00] service-auth.AuthService.INFO: AuthService::__construct {"class":"App\\Services\\Auth\\AuthService"} []
[2026-04-02T21:04:47.985698+09:00] service-auth.AuthService.INFO: AuthService::__construct {"class":"App\\Services\\Auth\\AuthService"} []
[2026-04-02T21:04:48.597691+09:00] service-auth.AuthService.INFO: AuthService::__construct {"class":"App\\Services\\Auth\\AuthService"} []
[2026-04-02T21:04:49.191752+09:00] service-auth.AuthService.INFO: AuthService::__construct {"class":"App\\Services\\Auth\\AuthService"} []
[2026-04-02T21:04:49.840791+09:00] service-auth.AuthService.INFO: AuthService::__construct {"class":"App\\Services\\Auth\\AuthService"} []
[2026-04-02T21:04:50.450916+09:00] service-auth.AuthService.INFO: AuthService::__construct {"class":"App\\Services\\Auth\\AuthService"} []
[2026-04-02T21:04:50.986299+09:00] service-auth.AuthService.INFO: AuthService::__construct {"class":"App\\Services\\Auth\\AuthService"} []
[2026-04-02T21:04:51.464189+09:00] service-auth.AuthService.INFO: AuthService::__construct {"class":"App\\Services\\Auth\\AuthService"} []
[2026-04-02T21:04:51.961767+09:00] service-auth.AuthService.INFO: AuthService::__construct {"class":"App\\Services\\Auth\\AuthService"} []
[2026-04-02T21:04:52.417688+09:00] service-auth.AuthService.INFO: AuthService::__construct {"class":"App\\Services\\Auth\\AuthService"} []
[2026-04-02T21:04:52.836589+09:00] service-auth.AuthService.INFO: AuthService::__construct {"class":"App\\Services\\Auth\\AuthService"} []
[2026-04-02T21:04:53.265134+09:00] service-auth.AuthService.INFO: AuthService::__construct {"class":"App\\Services\\Auth\\AuthService"} []
[2026-04-02T21:04:53.879372+09:00] service-auth.AuthService.INFO: AuthService::__construct {"class":"App\\Services\\Auth\\AuthService"} []
[2026-04-02T21:04:54.502059+09:00] service-auth.AuthService.INFO: AuthService::__construct {"class":"App\\Services\\Auth\\AuthService"} []
[2026-04-02T21:04:55.082224+09:00] service-auth.AuthService.INFO: AuthService::__construct {"class":"App\\Services\\Auth\\AuthService"} []
[2026-04-02T21:04:55.533712+09:00] service-auth.AuthService.INFO: AuthService::__construct {"class":"App\\Services\\Auth\\AuthService"} []
[2026-04-02T21:04:56.000583+09:00] service-auth.AuthService.INFO: AuthService::__construct {"class":"App\\Services\\Auth\\AuthService"} []
[2026-04-02T21:04:56.548831+09:00] service-auth.AuthService.INFO: AuthService::__construct {"class":"App\\Services\\Auth\\AuthService"} []
[2026-04-02T21:04:57.134215+09:00] service-auth.AuthService.INFO: AuthService::__construct {"class":"App\\Services\\Auth\\AuthService"} []
[2026-04-02T21:06:12.548012+09:00] service-auth.AuthService.INFO: AuthService::__construct {"class":"App\\Services\\Auth\\AuthService"} []
[2026-04-02T21:06:12.548389+09:00] service-auth.AuthService.INFO: login() 호출 {"username":"ljhsystem","has_password":true} []
[2026-04-02T21:06:12.550379+09:00] service-auth.AuthService.INFO: login() 사용자 조회 완료 {"user_id":"f113b666-ff40-4f93-a7e7-8cea4cdc9c28","username":"ljhsystem"} []
[2026-04-02T21:06:12.643403+09:00] service-auth.AuthService.INFO: 비밀번호 검증 성공 {"user_id":"f113b666-ff40-4f93-a7e7-8cea4cdc9c28","username":"ljhsystem"} []
[2026-04-02T21:06:12.643485+09:00] service-auth.AuthService.INFO: canLogin 호출 {"user_id":"f113b666-ff40-4f93-a7e7-8cea4cdc9c28"} []
[2026-04-02T21:06:12.643528+09:00] service-auth.AuthService.INFO: 로그인 가능 상태 {"user_id":"f113b666-ff40-4f93-a7e7-8cea4cdc9c28"} []
[2026-04-02T21:06:12.646342+09:00] service-auth.AuthService.DEBUG: DEBUG password expire check {"policyEnabled":"1","expireDays":"30","updated_at":"2026-03-23 13:37:24","expired":false} []
[2026-04-02T21:06:12.653353+09:00] service-auth.AuthService.INFO: 장기 미접속 정책 체크 {"user_id":"f113b666-ff40-4f93-a7e7-8cea4cdc9c28","inactive_days":0,"2fa_days":3,"lock_days":31} []
[2026-04-02T21:06:12.655388+09:00] service-auth.AuthService.INFO: 2FA 정책 판단 {"user_id":"f113b666-ff40-4f93-a7e7-8cea4cdc9c28","reason":{"force_2fa":false,"user_2fa":false,"new_device_2fa":false},"final":false} []
[2026-04-02T21:06:12.655436+09:00] service-auth.AuthService.INFO: 로그인 세션 설정 (2FA 미사용 계정) {"user_id":"f113b666-ff40-4f93-a7e7-8cea4cdc9c28"} []
[2026-04-02T21:06:13.079776+09:00] service-auth.AuthService.INFO: handleLoginSuccess 호출 {"user_id":"f113b666-ff40-4f93-a7e7-8cea4cdc9c28","ip":"106.244.183.152 (192.168.1.1)","device":"Mozilla/5.0 (Windows NT 10.0; Win64; x64) AppleWebKit/537.36 (KHTML, like Gecko) Chrome/146.0.0.0 Safari/537.36"} []
[2026-04-02T21:06:13.212562+09:00] service-auth.AuthService.INFO: 로그인 성공 처리 완료 {"user_id":"f113b666-ff40-4f93-a7e7-8cea4cdc9c28","ip":"106.244.183.152 (192.168.1.1)"} []
[2026-04-02T21:06:13.426943+09:00] service-auth.AuthService.INFO: 로그인 세션 부여 완료 {"user_id":"f113b666-ff40-4f93-a7e7-8cea4cdc9c28","username":"ljhsystem","redirect":"/dashboard"} []
[2026-04-02T21:06:16.091593+09:00] service-auth.AuthService.INFO: AuthService::__construct {"class":"App\\Services\\Auth\\AuthService"} []
[2026-04-02T21:06:16.163986+09:00] service-auth.AuthService.INFO: 로그아웃 처리 완료 {"user_id":"f113b666-ff40-4f93-a7e7-8cea4cdc9c28","username":"ljhsystem"} []
[2026-04-02T21:06:16.238975+09:00] service-auth.AuthService.INFO: AuthService::__construct {"class":"App\\Services\\Auth\\AuthService"} []
[2026-04-02T21:06:18.117910+09:00] service-auth.AuthService.INFO: AuthService::__construct {"class":"App\\Services\\Auth\\AuthService"} []
[2026-04-02T21:06:19.522485+09:00] service-auth.AuthService.INFO: AuthService::__construct {"class":"App\\Services\\Auth\\AuthService"} []
[2026-04-02T21:06:21.333520+09:00] service-auth.AuthService.INFO: AuthService::__construct {"class":"App\\Services\\Auth\\AuthService"} []
[2026-04-02T21:06:22.064036+09:00] service-auth.AuthService.INFO: AuthService::__construct {"class":"App\\Services\\Auth\\AuthService"} []
[2026-04-02T21:06:22.858234+09:00] service-auth.AuthService.INFO: AuthService::__construct {"class":"App\\Services\\Auth\\AuthService"} []
[2026-04-02T21:06:23.863998+09:00] service-auth.AuthService.INFO: AuthService::__construct {"class":"App\\Services\\Auth\\AuthService"} []
[2026-04-02T21:06:26.507664+09:00] service-auth.AuthService.INFO: AuthService::__construct {"class":"App\\Services\\Auth\\AuthService"} []
[2026-04-02T21:06:27.871681+09:00] service-auth.AuthService.INFO: AuthService::__construct {"class":"App\\Services\\Auth\\AuthService"} []
[2026-04-02T21:06:30.124981+09:00] service-auth.AuthService.INFO: AuthService::__construct {"class":"App\\Services\\Auth\\AuthService"} []
[2026-04-02T21:06:30.775378+09:00] service-auth.AuthService.INFO: AuthService::__construct {"class":"App\\Services\\Auth\\AuthService"} []
[2026-04-02T21:06:31.355656+09:00] service-auth.AuthService.INFO: AuthService::__construct {"class":"App\\Services\\Auth\\AuthService"} []
[2026-04-02T21:06:31.875222+09:00] service-auth.AuthService.INFO: AuthService::__construct {"class":"App\\Services\\Auth\\AuthService"} []
[2026-04-02T21:06:32.399155+09:00] service-auth.AuthService.INFO: AuthService::__construct {"class":"App\\Services\\Auth\\AuthService"} []
[2026-04-02T21:07:02.551225+09:00] service-auth.AuthService.INFO: AuthService::__construct {"class":"App\\Services\\Auth\\AuthService"} []
[2026-04-02T21:08:38.080786+09:00] service-auth.AuthService.INFO: AuthService::__construct {"class":"App\\Services\\Auth\\AuthService"} []
[2026-04-02T21:08:38.837275+09:00] service-auth.AuthService.INFO: AuthService::__construct {"class":"App\\Services\\Auth\\AuthService"} []
[2026-04-02T21:12:29.748549+09:00] service-auth.AuthService.INFO: AuthService::__construct {"class":"App\\Services\\Auth\\AuthService"} []
[2026-04-02T21:12:59.034989+09:00] service-auth.AuthService.INFO: AuthService::__construct {"class":"App\\Services\\Auth\\AuthService"} []
[2026-04-02T21:13:00.542845+09:00] service-auth.AuthService.INFO: AuthService::__construct {"class":"App\\Services\\Auth\\AuthService"} []
[2026-04-02T21:13:01.459164+09:00] service-auth.AuthService.INFO: AuthService::__construct {"class":"App\\Services\\Auth\\AuthService"} []
[2026-04-02T21:13:01.932050+09:00] service-auth.AuthService.INFO: AuthService::__construct {"class":"App\\Services\\Auth\\AuthService"} []
[2026-04-02T21:13:02.479493+09:00] service-auth.AuthService.INFO: AuthService::__construct {"class":"App\\Services\\Auth\\AuthService"} []
[2026-04-02T21:13:03.077083+09:00] service-auth.AuthService.INFO: AuthService::__construct {"class":"App\\Services\\Auth\\AuthService"} []
[2026-04-02T21:13:03.758987+09:00] service-auth.AuthService.INFO: AuthService::__construct {"class":"App\\Services\\Auth\\AuthService"} []
[2026-04-02T21:13:04.366776+09:00] service-auth.AuthService.INFO: AuthService::__construct {"class":"App\\Services\\Auth\\AuthService"} []
[2026-04-02T21:13:04.906870+09:00] service-auth.AuthService.INFO: AuthService::__construct {"class":"App\\Services\\Auth\\AuthService"} []
[2026-04-02T21:13:05.410299+09:00] service-auth.AuthService.INFO: AuthService::__construct {"class":"App\\Services\\Auth\\AuthService"} []
[2026-04-02T21:13:06.043625+09:00] service-auth.AuthService.INFO: AuthService::__construct {"class":"App\\Services\\Auth\\AuthService"} []
[2026-04-02T21:13:06.465044+09:00] service-auth.AuthService.INFO: AuthService::__construct {"class":"App\\Services\\Auth\\AuthService"} []
[2026-04-02T21:13:06.931244+09:00] service-auth.AuthService.INFO: AuthService::__construct {"class":"App\\Services\\Auth\\AuthService"} []
[2026-04-02T21:13:07.402675+09:00] service-auth.AuthService.INFO: AuthService::__construct {"class":"App\\Services\\Auth\\AuthService"} []
[2026-04-02T21:13:07.822998+09:00] service-auth.AuthService.INFO: AuthService::__construct {"class":"App\\Services\\Auth\\AuthService"} []
[2026-04-02T21:13:08.262199+09:00] service-auth.AuthService.INFO: AuthService::__construct {"class":"App\\Services\\Auth\\AuthService"} []
[2026-04-02T21:13:08.634676+09:00] service-auth.AuthService.INFO: AuthService::__construct {"class":"App\\Services\\Auth\\AuthService"} []
[2026-04-02T21:13:09.117675+09:00] service-auth.AuthService.INFO: AuthService::__construct {"class":"App\\Services\\Auth\\AuthService"} []
[2026-04-02T21:13:09.772278+09:00] service-auth.AuthService.INFO: AuthService::__construct {"class":"App\\Services\\Auth\\AuthService"} []
[2026-04-02T21:13:10.299569+09:00] service-auth.AuthService.INFO: AuthService::__construct {"class":"App\\Services\\Auth\\AuthService"} []
[2026-04-02T21:13:10.973916+09:00] service-auth.AuthService.INFO: AuthService::__construct {"class":"App\\Services\\Auth\\AuthService"} []
[2026-04-02T21:19:56.917776+09:00] service-auth.AuthService.INFO: AuthService::__construct {"class":"App\\Services\\Auth\\AuthService"} []
[2026-04-02T21:19:58.058162+09:00] service-auth.AuthService.INFO: AuthService::__construct {"class":"App\\Services\\Auth\\AuthService"} []
[2026-04-02T21:19:58.835317+09:00] service-auth.AuthService.INFO: AuthService::__construct {"class":"App\\Services\\Auth\\AuthService"} []
[2026-04-02T21:20:46.450061+09:00] service-auth.AuthService.INFO: AuthService::__construct {"class":"App\\Services\\Auth\\AuthService"} []
[2026-04-02T21:20:47.205860+09:00] service-auth.AuthService.INFO: AuthService::__construct {"class":"App\\Services\\Auth\\AuthService"} []
[2026-04-02T21:20:47.592873+09:00] service-auth.AuthService.INFO: AuthService::__construct {"class":"App\\Services\\Auth\\AuthService"} []
[2026-04-02T21:20:47.877324+09:00] service-auth.AuthService.INFO: AuthService::__construct {"class":"App\\Services\\Auth\\AuthService"} []
[2026-04-02T21:20:48.105520+09:00] service-auth.AuthService.INFO: AuthService::__construct {"class":"App\\Services\\Auth\\AuthService"} []
[2026-04-02T21:20:50.247615+09:00] service-auth.AuthService.INFO: AuthService::__construct {"class":"App\\Services\\Auth\\AuthService"} []
[2026-04-02T21:21:39.914029+09:00] service-auth.AuthService.INFO: AuthService::__construct {"class":"App\\Services\\Auth\\AuthService"} []
[2026-04-02T21:21:40.777327+09:00] service-auth.AuthService.INFO: AuthService::__construct {"class":"App\\Services\\Auth\\AuthService"} []
[2026-04-02T21:23:19.001510+09:00] service-auth.AuthService.INFO: AuthService::__construct {"class":"App\\Services\\Auth\\AuthService"} []
[2026-04-02T21:23:20.409159+09:00] service-auth.AuthService.INFO: AuthService::__construct {"class":"App\\Services\\Auth\\AuthService"} []
[2026-04-02T21:23:21.266293+09:00] service-auth.AuthService.INFO: AuthService::__construct {"class":"App\\Services\\Auth\\AuthService"} []
[2026-04-02T21:23:24.039532+09:00] service-auth.AuthService.INFO: AuthService::__construct {"class":"App\\Services\\Auth\\AuthService"} []
[2026-04-02T21:23:24.805272+09:00] service-auth.AuthService.INFO: AuthService::__construct {"class":"App\\Services\\Auth\\AuthService"} []
[2026-04-02T21:28:06.646377+09:00] service-auth.AuthService.INFO: AuthService::__construct {"class":"App\\Services\\Auth\\AuthService"} []
[2026-04-02T21:28:07.892691+09:00] service-auth.AuthService.INFO: AuthService::__construct {"class":"App\\Services\\Auth\\AuthService"} []
[2026-04-02T21:31:31.087153+09:00] service-auth.AuthService.INFO: AuthService::__construct {"class":"App\\Services\\Auth\\AuthService"} []
[2026-04-02T21:31:32.372826+09:00] service-auth.AuthService.INFO: AuthService::__construct {"class":"App\\Services\\Auth\\AuthService"} []
[2026-04-02T21:32:15.629687+09:00] service-auth.AuthService.INFO: AuthService::__construct {"class":"App\\Services\\Auth\\AuthService"} []
[2026-04-02T21:32:23.310671+09:00] service-auth.AuthService.INFO: AuthService::__construct {"class":"App\\Services\\Auth\\AuthService"} []
[2026-04-02T21:32:24.964008+09:00] service-auth.AuthService.INFO: AuthService::__construct {"class":"App\\Services\\Auth\\AuthService"} []
[2026-04-02T21:33:31.912183+09:00] service-auth.AuthService.INFO: AuthService::__construct {"class":"App\\Services\\Auth\\AuthService"} []
[2026-04-02T21:33:33.475489+09:00] service-auth.AuthService.INFO: AuthService::__construct {"class":"App\\Services\\Auth\\AuthService"} []
[2026-04-02T21:33:40.070900+09:00] service-auth.AuthService.INFO: AuthService::__construct {"class":"App\\Services\\Auth\\AuthService"} []
[2026-04-02T21:33:43.804572+09:00] service-auth.AuthService.INFO: AuthService::__construct {"class":"App\\Services\\Auth\\AuthService"} []
[2026-04-02T21:36:11.500016+09:00] service-auth.AuthService.INFO: AuthService::__construct {"class":"App\\Services\\Auth\\AuthService"} []
[2026-04-02T21:39:44.425884+09:00] service-auth.AuthService.INFO: AuthService::__construct {"class":"App\\Services\\Auth\\AuthService"} []
[2026-04-02T21:39:46.434280+09:00] service-auth.AuthService.INFO: AuthService::__construct {"class":"App\\Services\\Auth\\AuthService"} []
[2026-04-02T21:39:46.434632+09:00] service-auth.AuthService.INFO: login() 호출 {"username":"ljhsystem","has_password":true} []
[2026-04-02T21:39:46.436501+09:00] service-auth.AuthService.INFO: login() 사용자 조회 완료 {"user_id":"f113b666-ff40-4f93-a7e7-8cea4cdc9c28","username":"ljhsystem"} []
[2026-04-02T21:39:46.527462+09:00] service-auth.AuthService.INFO: 비밀번호 검증 성공 {"user_id":"f113b666-ff40-4f93-a7e7-8cea4cdc9c28","username":"ljhsystem"} []
[2026-04-02T21:39:46.527561+09:00] service-auth.AuthService.INFO: canLogin 호출 {"user_id":"f113b666-ff40-4f93-a7e7-8cea4cdc9c28"} []
[2026-04-02T21:39:46.527618+09:00] service-auth.AuthService.INFO: 로그인 가능 상태 {"user_id":"f113b666-ff40-4f93-a7e7-8cea4cdc9c28"} []
[2026-04-02T21:39:46.530381+09:00] service-auth.AuthService.DEBUG: DEBUG password expire check {"policyEnabled":"1","expireDays":"30","updated_at":"2026-03-23 13:37:24","expired":false} []
[2026-04-02T21:39:46.536742+09:00] service-auth.AuthService.INFO: 장기 미접속 정책 체크 {"user_id":"f113b666-ff40-4f93-a7e7-8cea4cdc9c28","inactive_days":0,"2fa_days":3,"lock_days":31} []
[2026-04-02T21:39:46.538897+09:00] service-auth.AuthService.INFO: 2FA 정책 판단 {"user_id":"f113b666-ff40-4f93-a7e7-8cea4cdc9c28","reason":{"force_2fa":false,"user_2fa":false,"new_device_2fa":false},"final":false} []
[2026-04-02T21:39:46.538944+09:00] service-auth.AuthService.INFO: 로그인 세션 설정 (2FA 미사용 계정) {"user_id":"f113b666-ff40-4f93-a7e7-8cea4cdc9c28"} []
[2026-04-02T21:39:46.981938+09:00] service-auth.AuthService.INFO: handleLoginSuccess 호출 {"user_id":"f113b666-ff40-4f93-a7e7-8cea4cdc9c28","ip":"106.244.183.152 (192.168.1.1)","device":"Mozilla/5.0 (Windows NT 10.0; Win64; x64) AppleWebKit/537.36 (KHTML, like Gecko) Chrome/146.0.0.0 Safari/537.36"} []
[2026-04-02T21:39:47.102484+09:00] service-auth.AuthService.INFO: 로그인 성공 처리 완료 {"user_id":"f113b666-ff40-4f93-a7e7-8cea4cdc9c28","ip":"106.244.183.152 (192.168.1.1)"} []
[2026-04-02T21:39:47.192811+09:00] service-auth.AuthService.INFO: 로그인 세션 부여 완료 {"user_id":"f113b666-ff40-4f93-a7e7-8cea4cdc9c28","username":"ljhsystem","redirect":"/dashboard"} []
[2026-04-02T21:39:49.034971+09:00] service-auth.AuthService.INFO: AuthService::__construct {"class":"App\\Services\\Auth\\AuthService"} []
[2026-04-02T21:39:49.077554+09:00] service-auth.AuthService.INFO: 로그아웃 처리 완료 {"user_id":"f113b666-ff40-4f93-a7e7-8cea4cdc9c28","username":"ljhsystem"} []
[2026-04-02T21:39:49.154211+09:00] service-auth.AuthService.INFO: AuthService::__construct {"class":"App\\Services\\Auth\\AuthService"} []
